CRITICAL - 2022-06-04 00:22:22 --> Array to string conversion
#0 C:\xampp\htdocs\SR_Productions\BIT_Project\CodeIgniter4_Sources\system\Model.php(290): CodeIgniter\Debug\Exceptions->errorHandler(8, 'Array to string...', 'C:\\xampp\\htdocs...', 290, Array)
#1 C:\xampp\htdocs\SR_Productions\BIT_Project\CodeIgniter4_Sources\system\BaseModel.php(865): CodeIgniter\Model->doUpdate(Array, Array)
#2 C:\xampp\htdocs\SR_Productions\BIT_Project\CodeIgniter4_Sources\system\Model.php(651): CodeIgniter\BaseModel->update(Array, Array)
#3 C:\xampp\htdocs\SR_Productions\BIT_Project\CodeIgniter4_Sources\app\Controllers\BackEndController.php(46): CodeIgniter\Model->update('5', Array)
#4 C:\xampp\htdocs\SR_Productions\BIT_Project\CodeIgniter4_Sources\app\Controllers\BackEndAssessor.php(95): App\Controllers\BackEndController->brand_accessChangedbyStatus('5')
#5 C:\xampp\htdocs\SR_Productions\BIT_Project\CodeIgniter4_Sources\system\CodeIgniter.php(832): App\Controllers\BackEndAssessor->expireBrand('5')
#6 C:\xampp\htdocs\SR_Productions\BIT_Project\CodeIgniter4_Sources\system\CodeIgniter.php(419): CodeIgniter\CodeIgniter->runController(Object(App\Controllers\BackEndAssessor))
#7 C:\xampp\htdocs\SR_Productions\BIT_Project\CodeIgniter4_Sources\system\CodeIgniter.php(326): CodeIgniter\CodeIgniter->handleRequest(NULL, Object(Config\Cache), false)
#8 C:\xampp\htdocs\SR_Productions\BIT_Project\CodeIgniter4_Sources\public\index.php(37): CodeIgniter\CodeIgniter->run()
#9 {main}
CRITICAL - 2022-06-04 00:27:35 --> There is no data to update.
#0 C:\xampp\htdocs\SR_Productions\BIT_Project\CodeIgniter4_Sources\system\BaseModel.php(846): CodeIgniter\Database\Exceptions\DataException::forEmptyDataset('update')
#1 C:\xampp\htdocs\SR_Productions\BIT_Project\CodeIgniter4_Sources\system\Model.php(651): CodeIgniter\BaseModel->update(Array, Array)
#2 C:\xampp\htdocs\SR_Productions\BIT_Project\CodeIgniter4_Sources\app\Controllers\BackEndController.php(46): CodeIgniter\Model->update('5', Array)
#3 C:\xampp\htdocs\SR_Productions\BIT_Project\CodeIgniter4_Sources\app\Controllers\BackEndAssessor.php(95): App\Controllers\BackEndController->brand_accessChangedbyStatus('5')
#4 C:\xampp\htdocs\SR_Productions\BIT_Project\CodeIgniter4_Sources\system\CodeIgniter.php(832): App\Controllers\BackEndAssessor->expireBrand('5')
#5 C:\xampp\htdocs\SR_Productions\BIT_Project\CodeIgniter4_Sources\system\CodeIgniter.php(419): CodeIgniter\CodeIgniter->runController(Object(App\Controllers\BackEndAssessor))
#6 C:\xampp\htdocs\SR_Productions\BIT_Project\CodeIgniter4_Sources\system\CodeIgniter.php(326): CodeIgniter\CodeIgniter->handleRequest(NULL, Object(Config\Cache), false)
#7 C:\xampp\htdocs\SR_Productions\BIT_Project\CodeIgniter4_Sources\public\index.php(37): CodeIgniter\CodeIgniter->run()
#8 {main}
CRITICAL - 2022-06-04 00:27:36 --> There is no data to update.
#0 C:\xampp\htdocs\SR_Productions\BIT_Project\CodeIgniter4_Sources\system\BaseModel.php(846): CodeIgniter\Database\Exceptions\DataException::forEmptyDataset('update')
#1 C:\xampp\htdocs\SR_Productions\BIT_Project\CodeIgniter4_Sources\system\Model.php(651): CodeIgniter\BaseModel->update(Array, Array)
#2 C:\xampp\htdocs\SR_Productions\BIT_Project\CodeIgniter4_Sources\app\Controllers\BackEndController.php(46): CodeIgniter\Model->update('5', Array)
#3 C:\xampp\htdocs\SR_Productions\BIT_Project\CodeIgniter4_Sources\app\Controllers\BackEndAssessor.php(95): App\Controllers\BackEndController->brand_accessChangedbyStatus('5')
#4 C:\xampp\htdocs\SR_Productions\BIT_Project\CodeIgniter4_Sources\system\CodeIgniter.php(832): App\Controllers\BackEndAssessor->expireBrand('5')
#5 C:\xampp\htdocs\SR_Productions\BIT_Project\CodeIgniter4_Sources\system\CodeIgniter.php(419): CodeIgniter\CodeIgniter->runController(Object(App\Controllers\BackEndAssessor))
#6 C:\xampp\htdocs\SR_Productions\BIT_Project\CodeIgniter4_Sources\system\CodeIgniter.php(326): CodeIgniter\CodeIgniter->handleRequest(NULL, Object(Config\Cache), false)
#7 C:\xampp\htdocs\SR_Productions\BIT_Project\CodeIgniter4_Sources\public\index.php(37): CodeIgniter\CodeIgniter->run()
#8 {main}
CRITICAL - 2022-06-04 00:27:36 --> There is no data to update.
#0 C:\xampp\htdocs\SR_Productions\BIT_Project\CodeIgniter4_Sources\system\BaseModel.php(846): CodeIgniter\Database\Exceptions\DataException::forEmptyDataset('update')
#1 C:\xampp\htdocs\SR_Productions\BIT_Project\CodeIgniter4_Sources\system\Model.php(651): CodeIgniter\BaseModel->update(Array, Array)
#2 C:\xampp\htdocs\SR_Productions\BIT_Project\CodeIgniter4_Sources\app\Controllers\BackEndController.php(46): CodeIgniter\Model->update('5', Array)
#3 C:\xampp\htdocs\SR_Productions\BIT_Project\CodeIgniter4_Sources\app\Controllers\BackEndAssessor.php(95): App\Controllers\BackEndController->brand_accessChangedbyStatus('5')
#4 C:\xampp\htdocs\SR_Productions\BIT_Project\CodeIgniter4_Sources\system\CodeIgniter.php(832): App\Controllers\BackEndAssessor->expireBrand('5')
#5 C:\xampp\htdocs\SR_Productions\BIT_Project\CodeIgniter4_Sources\system\CodeIgniter.php(419): CodeIgniter\CodeIgniter->runController(Object(App\Controllers\BackEndAssessor))
#6 C:\xampp\htdocs\SR_Productions\BIT_Project\CodeIgniter4_Sources\system\CodeIgniter.php(326): CodeIgniter\CodeIgniter->handleRequest(NULL, Object(Config\Cache), false)
#7 C:\xampp\htdocs\SR_Productions\BIT_Project\CodeIgniter4_Sources\public\index.php(37): CodeIgniter\CodeIgniter->run()
#8 {main}
CRITICAL - 2022-06-04 00:27:37 --> There is no data to update.
#0 C:\xampp\htdocs\SR_Productions\BIT_Project\CodeIgniter4_Sources\system\BaseModel.php(846): CodeIgniter\Database\Exceptions\DataException::forEmptyDataset('update')
#1 C:\xampp\htdocs\SR_Productions\BIT_Project\CodeIgniter4_Sources\system\Model.php(651): CodeIgniter\BaseModel->update(Array, Array)
#2 C:\xampp\htdocs\SR_Productions\BIT_Project\CodeIgniter4_Sources\app\Controllers\BackEndController.php(46): CodeIgniter\Model->update('5', Array)
#3 C:\xampp\htdocs\SR_Productions\BIT_Project\CodeIgniter4_Sources\app\Controllers\BackEndAssessor.php(95): App\Controllers\BackEndController->brand_accessChangedbyStatus('5')
#4 C:\xampp\htdocs\SR_Productions\BIT_Project\CodeIgniter4_Sources\system\CodeIgniter.php(832): App\Controllers\BackEndAssessor->expireBrand('5')
#5 C:\xampp\htdocs\SR_Productions\BIT_Project\CodeIgniter4_Sources\system\CodeIgniter.php(419): CodeIgniter\CodeIgniter->runController(Object(App\Controllers\BackEndAssessor))
#6 C:\xampp\htdocs\SR_Productions\BIT_Project\CodeIgniter4_Sources\system\CodeIgniter.php(326): CodeIgniter\CodeIgniter->handleRequest(NULL, Object(Config\Cache), false)
#7 C:\xampp\htdocs\SR_Productions\BIT_Project\CodeIgniter4_Sources\public\index.php(37): CodeIgniter\CodeIgniter->run()
#8 {main}
CRITICAL - 2022-06-04 00:27:39 --> There is no data to update.
#0 C:\xampp\htdocs\SR_Productions\BIT_Project\CodeIgniter4_Sources\system\BaseModel.php(846): CodeIgniter\Database\Exceptions\DataException::forEmptyDataset('update')
#1 C:\xampp\htdocs\SR_Productions\BIT_Project\CodeIgniter4_Sources\system\Model.php(651): CodeIgniter\BaseModel->update(Array, Array)
#2 C:\xampp\htdocs\SR_Productions\BIT_Project\CodeIgniter4_Sources\app\Controllers\BackEndController.php(46): CodeIgniter\Model->update('5', Array)
#3 C:\xampp\htdocs\SR_Productions\BIT_Project\CodeIgniter4_Sources\app\Controllers\BackEndAssessor.php(95): App\Controllers\BackEndController->brand_accessChangedbyStatus('5')
#4 C:\xampp\htdocs\SR_Productions\BIT_Project\CodeIgniter4_Sources\system\CodeIgniter.php(832): App\Controllers\BackEndAssessor->expireBrand('5')
#5 C:\xampp\htdocs\SR_Productions\BIT_Project\CodeIgniter4_Sources\system\CodeIgniter.php(419): CodeIgniter\CodeIgniter->runController(Object(App\Controllers\BackEndAssessor))
#6 C:\xampp\htdocs\SR_Productions\BIT_Project\CodeIgniter4_Sources\system\CodeIgniter.php(326): CodeIgniter\CodeIgniter->handleRequest(NULL, Object(Config\Cache), false)
#7 C:\xampp\htdocs\SR_Productions\BIT_Project\CodeIgniter4_Sources\public\index.php(37): CodeIgniter\CodeIgniter->run()
#8 {main}
CRITICAL - 2022-06-04 00:49:09 --> Call to a member function get() on bool
#0 C:\xampp\htdocs\SR_Productions\BIT_Project\CodeIgniter4_Sources\app\Controllers\BackEndController.php(51): App\Models\Brand_Access->updateStatusofBrand_AccessbyID('5', 'E')
#1 C:\xampp\htdocs\SR_Productions\BIT_Project\CodeIgniter4_Sources\app\Controllers\BackEndAssessor.php(95): App\Controllers\BackEndController->brand_accessChangedbyStatus('5')
#2 C:\xampp\htdocs\SR_Productions\BIT_Project\CodeIgniter4_Sources\system\CodeIgniter.php(832): App\Controllers\BackEndAssessor->expireBrand('5')
#3 C:\xampp\htdocs\SR_Productions\BIT_Project\CodeIgniter4_Sources\system\CodeIgniter.php(419): CodeIgniter\CodeIgniter->runController(Object(App\Controllers\BackEndAssessor))
#4 C:\xampp\htdocs\SR_Productions\BIT_Project\CodeIgniter4_Sources\system\CodeIgniter.php(326): CodeIgniter\CodeIgniter->handleRequest(NULL, Object(Config\Cache), false)
#5 C:\xampp\htdocs\SR_Productions\BIT_Project\CodeIgniter4_Sources\public\index.php(37): CodeIgniter\CodeIgniter->run()
#6 {main}
CRITICAL - 2022-06-04 00:49:18 --> Call to a member function get() on bool
#0 C:\xampp\htdocs\SR_Productions\BIT_Project\CodeIgniter4_Sources\app\Controllers\BackEndController.php(51): App\Models\Brand_Access->updateStatusofBrand_AccessbyID('5', 'E')
#1 C:\xampp\htdocs\SR_Productions\BIT_Project\CodeIgniter4_Sources\app\Controllers\BackEndAssessor.php(95): App\Controllers\BackEndController->brand_accessChangedbyStatus('5')
#2 C:\xampp\htdocs\SR_Productions\BIT_Project\CodeIgniter4_Sources\system\CodeIgniter.php(832): App\Controllers\BackEndAssessor->expireBrand('5')
#3 C:\xampp\htdocs\SR_Productions\BIT_Project\CodeIgniter4_Sources\system\CodeIgniter.php(419): CodeIgniter\CodeIgniter->runController(Object(App\Controllers\BackEndAssessor))
#4 C:\xampp\htdocs\SR_Productions\BIT_Project\CodeIgniter4_Sources\system\CodeIgniter.php(326): CodeIgniter\CodeIgniter->handleRequest(NULL, Object(Config\Cache), false)
#5 C:\xampp\htdocs\SR_Productions\BIT_Project\CodeIgniter4_Sources\public\index.php(37): CodeIgniter\CodeIgniter->run()
#6 {main}
CRITICAL - 2022-06-04 01:15:26 --> Undefined property: stdClass::$Name
#0 C:\xampp\htdocs\SR_Productions\BIT_Project\CodeIgniter4_Sources\app\Controllers\BlueprintController.php(9): CodeIgniter\Debug\Exceptions->errorHandler(8, 'Undefined prope...', 'C:\\xampp\\htdocs...', 9, Array)
#1 C:\xampp\htdocs\SR_Productions\BIT_Project\CodeIgniter4_Sources\app\Controllers\BackEndController.php(65): App\Controllers\BlueprintController->autoFeildBreakup(Array, Object(stdClass))
#2 C:\xampp\htdocs\SR_Productions\BIT_Project\CodeIgniter4_Sources\app\Controllers\BackEndAssessor.php(95): App\Controllers\BackEndController->brand_accessChangedbyStatus('5')
#3 C:\xampp\htdocs\SR_Productions\BIT_Project\CodeIgniter4_Sources\system\CodeIgniter.php(832): App\Controllers\BackEndAssessor->expireBrand('5')
#4 C:\xampp\htdocs\SR_Productions\BIT_Project\CodeIgniter4_Sources\system\CodeIgniter.php(419): CodeIgniter\CodeIgniter->runController(Object(App\Controllers\BackEndAssessor))
#5 C:\xampp\htdocs\SR_Productions\BIT_Project\CodeIgniter4_Sources\system\CodeIgniter.php(326): CodeIgniter\CodeIgniter->handleRequest(NULL, Object(Config\Cache), false)
#6 C:\xampp\htdocs\SR_Productions\BIT_Project\CodeIgniter4_Sources\public\index.php(37): CodeIgniter\CodeIgniter->run()
#7 {main}
CRITICAL - 2022-06-04 01:15:26 --> A non-numeric value encountered
#0 C:\xampp\htdocs\SR_Productions\BIT_Project\CodeIgniter4_Sources\app\Controllers\BackEndController.php(59): CodeIgniter\Debug\Exceptions->errorHandler(2, 'A non-numeric v...', 'C:\\xampp\\htdocs...', 59, Array)
#1 C:\xampp\htdocs\SR_Productions\BIT_Project\CodeIgniter4_Sources\app\Controllers\BackEndAssessor.php(95): App\Controllers\BackEndController->brand_accessChangedbyStatus('15')
#2 C:\xampp\htdocs\SR_Productions\BIT_Project\CodeIgniter4_Sources\system\CodeIgniter.php(832): App\Controllers\BackEndAssessor->expireBrand('15')
#3 C:\xampp\htdocs\SR_Productions\BIT_Project\CodeIgniter4_Sources\system\CodeIgniter.php(419): CodeIgniter\CodeIgniter->runController(Object(App\Controllers\BackEndAssessor))
#4 C:\xampp\htdocs\SR_Productions\BIT_Project\CodeIgniter4_Sources\system\CodeIgniter.php(326): CodeIgniter\CodeIgniter->handleRequest(NULL, Object(Config\Cache), false)
#5 C:\xampp\htdocs\SR_Productions\BIT_Project\CodeIgniter4_Sources\public\index.php(37): CodeIgniter\CodeIgniter->run()
#6 {main}
CRITICAL - 2022-06-04 01:15:27 --> Undefined property: stdClass::$Name
#0 C:\xampp\htdocs\SR_Productions\BIT_Project\CodeIgniter4_Sources\app\Controllers\BlueprintController.php(9): CodeIgniter\Debug\Exceptions->errorHandler(8, 'Undefined prope...', 'C:\\xampp\\htdocs...', 9, Array)
#1 C:\xampp\htdocs\SR_Productions\BIT_Project\CodeIgniter4_Sources\app\Controllers\BackEndController.php(65): App\Controllers\BlueprintController->autoFeildBreakup(Array, Object(stdClass))
#2 C:\xampp\htdocs\SR_Productions\BIT_Project\CodeIgniter4_Sources\app\Controllers\BackEndAssessor.php(95): App\Controllers\BackEndController->brand_accessChangedbyStatus('5')
#3 C:\xampp\htdocs\SR_Productions\BIT_Project\CodeIgniter4_Sources\system\CodeIgniter.php(832): App\Controllers\BackEndAssessor->expireBrand('5')
#4 C:\xampp\htdocs\SR_Productions\BIT_Project\CodeIgniter4_Sources\system\CodeIgniter.php(419): CodeIgniter\CodeIgniter->runController(Object(App\Controllers\BackEndAssessor))
#5 C:\xampp\htdocs\SR_Productions\BIT_Project\CodeIgniter4_Sources\system\CodeIgniter.php(326): CodeIgniter\CodeIgniter->handleRequest(NULL, Object(Config\Cache), false)
#6 C:\xampp\htdocs\SR_Productions\BIT_Project\CodeIgniter4_Sources\public\index.php(37): CodeIgniter\CodeIgniter->run()
#7 {main}
CRITICAL - 2022-06-04 01:15:27 --> A non-numeric value encountered
#0 C:\xampp\htdocs\SR_Productions\BIT_Project\CodeIgniter4_Sources\app\Controllers\BackEndController.php(59): CodeIgniter\Debug\Exceptions->errorHandler(2, 'A non-numeric v...', 'C:\\xampp\\htdocs...', 59, Array)
#1 C:\xampp\htdocs\SR_Productions\BIT_Project\CodeIgniter4_Sources\app\Controllers\BackEndAssessor.php(95): App\Controllers\BackEndController->brand_accessChangedbyStatus('15')
#2 C:\xampp\htdocs\SR_Productions\BIT_Project\CodeIgniter4_Sources\system\CodeIgniter.php(832): App\Controllers\BackEndAssessor->expireBrand('15')
#3 C:\xampp\htdocs\SR_Productions\BIT_Project\CodeIgniter4_Sources\system\CodeIgniter.php(419): CodeIgniter\CodeIgniter->runController(Object(App\Controllers\BackEndAssessor))
#4 C:\xampp\htdocs\SR_Productions\BIT_Project\CodeIgniter4_Sources\system\CodeIgniter.php(326): CodeIgniter\CodeIgniter->handleRequest(NULL, Object(Config\Cache), false)
#5 C:\xampp\htdocs\SR_Productions\BIT_Project\CodeIgniter4_Sources\public\index.php(37): CodeIgniter\CodeIgniter->run()
#6 {main}
CRITICAL - 2022-06-04 01:16:02 --> Undefined property: stdClass::$Name
#0 C:\xampp\htdocs\SR_Productions\BIT_Project\CodeIgniter4_Sources\app\Controllers\BlueprintController.php(9): CodeIgniter\Debug\Exceptions->errorHandler(8, 'Undefined prope...', 'C:\\xampp\\htdocs...', 9, Array)
#1 C:\xampp\htdocs\SR_Productions\BIT_Project\CodeIgniter4_Sources\app\Controllers\BackEndController.php(65): App\Controllers\BlueprintController->autoFeildBreakup(Array, Object(stdClass))
#2 C:\xampp\htdocs\SR_Productions\BIT_Project\CodeIgniter4_Sources\app\Controllers\BackEndAssessor.php(95): App\Controllers\BackEndController->brand_accessChangedbyStatus('3')
#3 C:\xampp\htdocs\SR_Productions\BIT_Project\CodeIgniter4_Sources\system\CodeIgniter.php(832): App\Controllers\BackEndAssessor->expireBrand('3')
#4 C:\xampp\htdocs\SR_Productions\BIT_Project\CodeIgniter4_Sources\system\CodeIgniter.php(419): CodeIgniter\CodeIgniter->runController(Object(App\Controllers\BackEndAssessor))
#5 C:\xampp\htdocs\SR_Productions\BIT_Project\CodeIgniter4_Sources\system\CodeIgniter.php(326): CodeIgniter\CodeIgniter->handleRequest(NULL, Object(Config\Cache), false)
#6 C:\xampp\htdocs\SR_Productions\BIT_Project\CodeIgniter4_Sources\public\index.php(37): CodeIgniter\CodeIgniter->run()
#7 {main}
CRITICAL - 2022-06-04 01:17:10 --> Undefined property: stdClass::$Name
#0 C:\xampp\htdocs\SR_Productions\BIT_Project\CodeIgniter4_Sources\app\Controllers\BlueprintController.php(9): CodeIgniter\Debug\Exceptions->errorHandler(8, 'Undefined prope...', 'C:\\xampp\\htdocs...', 9, Array)
#1 C:\xampp\htdocs\SR_Productions\BIT_Project\CodeIgniter4_Sources\app\Controllers\BackEndController.php(65): App\Controllers\BlueprintController->autoFeildBreakup(Array, Object(stdClass))
#2 C:\xampp\htdocs\SR_Productions\BIT_Project\CodeIgniter4_Sources\app\Controllers\BackEndAssessor.php(95): App\Controllers\BackEndController->brand_accessChangedbyStatus('3')
#3 C:\xampp\htdocs\SR_Productions\BIT_Project\CodeIgniter4_Sources\system\CodeIgniter.php(832): App\Controllers\BackEndAssessor->expireBrand('3')
#4 C:\xampp\htdocs\SR_Productions\BIT_Project\CodeIgniter4_Sources\system\CodeIgniter.php(419): CodeIgniter\CodeIgniter->runController(Object(App\Controllers\BackEndAssessor))
#5 C:\xampp\htdocs\SR_Productions\BIT_Project\CodeIgniter4_Sources\system\CodeIgniter.php(326): CodeIgniter\CodeIgniter->handleRequest(NULL, Object(Config\Cache), false)
#6 C:\xampp\htdocs\SR_Productions\BIT_Project\CodeIgniter4_Sources\public\index.php(37): CodeIgniter\CodeIgniter->run()
#7 {main}
CRITICAL - 2022-06-04 01:19:51 --> Undefined property: stdClass::$Name
#0 C:\xampp\htdocs\SR_Productions\BIT_Project\CodeIgniter4_Sources\app\Controllers\BlueprintController.php(9): CodeIgniter\Debug\Exceptions->errorHandler(8, 'Undefined prope...', 'C:\\xampp\\htdocs...', 9, Array)
#1 C:\xampp\htdocs\SR_Productions\BIT_Project\CodeIgniter4_Sources\app\Controllers\BackEndController.php(65): App\Controllers\BlueprintController->autoFeildBreakup(Array, Object(stdClass))
#2 C:\xampp\htdocs\SR_Productions\BIT_Project\CodeIgniter4_Sources\app\Controllers\BackEndAssessor.php(95): App\Controllers\BackEndController->brand_accessChangedbyStatus('3')
#3 C:\xampp\htdocs\SR_Productions\BIT_Project\CodeIgniter4_Sources\system\CodeIgniter.php(832): App\Controllers\BackEndAssessor->expireBrand('3')
#4 C:\xampp\htdocs\SR_Productions\BIT_Project\CodeIgniter4_Sources\system\CodeIgniter.php(419): CodeIgniter\CodeIgniter->runController(Object(App\Controllers\BackEndAssessor))
#5 C:\xampp\htdocs\SR_Productions\BIT_Project\CodeIgniter4_Sources\system\CodeIgniter.php(326): CodeIgniter\CodeIgniter->handleRequest(NULL, Object(Config\Cache), false)
#6 C:\xampp\htdocs\SR_Productions\BIT_Project\CodeIgniter4_Sources\public\index.php(37): CodeIgniter\CodeIgniter->run()
#7 {main}
CRITICAL - 2022-06-04 01:21:22 --> Undefined property: stdClass::$Name
#0 C:\xampp\htdocs\SR_Productions\BIT_Project\CodeIgniter4_Sources\app\Controllers\BlueprintController.php(9): CodeIgniter\Debug\Exceptions->errorHandler(8, 'Undefined prope...', 'C:\\xampp\\htdocs...', 9, Array)
#1 C:\xampp\htdocs\SR_Productions\BIT_Project\CodeIgniter4_Sources\app\Controllers\BackEndController.php(65): App\Controllers\BlueprintController->autoFeildBreakup(Array, Object(stdClass))
#2 C:\xampp\htdocs\SR_Productions\BIT_Project\CodeIgniter4_Sources\app\Controllers\BackEndAssessor.php(95): App\Controllers\BackEndController->brand_accessChangedbyStatus('3')
#3 C:\xampp\htdocs\SR_Productions\BIT_Project\CodeIgniter4_Sources\system\CodeIgniter.php(832): App\Controllers\BackEndAssessor->expireBrand('3')
#4 C:\xampp\htdocs\SR_Productions\BIT_Project\CodeIgniter4_Sources\system\CodeIgniter.php(419): CodeIgniter\CodeIgniter->runController(Object(App\Controllers\BackEndAssessor))
#5 C:\xampp\htdocs\SR_Productions\BIT_Project\CodeIgniter4_Sources\system\CodeIgniter.php(326): CodeIgniter\CodeIgniter->handleRequest(NULL, Object(Config\Cache), false)
#6 C:\xampp\htdocs\SR_Productions\BIT_Project\CodeIgniter4_Sources\public\index.php(37): CodeIgniter\CodeIgniter->run()
#7 {main}
CRITICAL - 2022-06-04 01:23:00 --> Undefined property: stdClass::$Name
#0 C:\xampp\htdocs\SR_Productions\BIT_Project\CodeIgniter4_Sources\app\Controllers\BlueprintController.php(9): CodeIgniter\Debug\Exceptions->errorHandler(8, 'Undefined prope...', 'C:\\xampp\\htdocs...', 9, Array)
#1 C:\xampp\htdocs\SR_Productions\BIT_Project\CodeIgniter4_Sources\app\Controllers\BackEndController.php(67): App\Controllers\BlueprintController->autoFeildBreakup(Array, Object(stdClass))
#2 C:\xampp\htdocs\SR_Productions\BIT_Project\CodeIgniter4_Sources\app\Controllers\BackEndAssessor.php(95): App\Controllers\BackEndController->brand_accessChangedbyStatus('3')
#3 C:\xampp\htdocs\SR_Productions\BIT_Project\CodeIgniter4_Sources\system\CodeIgniter.php(832): App\Controllers\BackEndAssessor->expireBrand('3')
#4 C:\xampp\htdocs\SR_Productions\BIT_Project\CodeIgniter4_Sources\system\CodeIgniter.php(419): CodeIgniter\CodeIgniter->runController(Object(App\Controllers\BackEndAssessor))
#5 C:\xampp\htdocs\SR_Productions\BIT_Project\CodeIgniter4_Sources\system\CodeIgniter.php(326): CodeIgniter\CodeIgniter->handleRequest(NULL, Object(Config\Cache), false)
#6 C:\xampp\htdocs\SR_Productions\BIT_Project\CodeIgniter4_Sources\public\index.php(37): CodeIgniter\CodeIgniter->run()
#7 {main}
CRITICAL - 2022-06-04 01:24:08 --> Undefined variable: feilds
#0 C:\xampp\htdocs\SR_Productions\BIT_Project\CodeIgniter4_Sources\app\Controllers\BackEndController.php(66): CodeIgniter\Debug\Exceptions->errorHandler(8, 'Undefined varia...', 'C:\\xampp\\htdocs...', 66, Array)
#1 C:\xampp\htdocs\SR_Productions\BIT_Project\CodeIgniter4_Sources\app\Controllers\BackEndAssessor.php(95): App\Controllers\BackEndController->brand_accessChangedbyStatus('3')
#2 C:\xampp\htdocs\SR_Productions\BIT_Project\CodeIgniter4_Sources\system\CodeIgniter.php(832): App\Controllers\BackEndAssessor->expireBrand('3')
#3 C:\xampp\htdocs\SR_Productions\BIT_Project\CodeIgniter4_Sources\system\CodeIgniter.php(419): CodeIgniter\CodeIgniter->runController(Object(App\Controllers\BackEndAssessor))
#4 C:\xampp\htdocs\SR_Productions\BIT_Project\CodeIgniter4_Sources\system\CodeIgniter.php(326): CodeIgniter\CodeIgniter->handleRequest(NULL, Object(Config\Cache), false)
#5 C:\xampp\htdocs\SR_Productions\BIT_Project\CodeIgniter4_Sources\public\index.php(37): CodeIgniter\CodeIgniter->run()
#6 {main}
CRITICAL - 2022-06-04 01:24:40 --> Undefined property: stdClass::$Name
#0 C:\xampp\htdocs\SR_Productions\BIT_Project\CodeIgniter4_Sources\app\Controllers\BlueprintController.php(9): CodeIgniter\Debug\Exceptions->errorHandler(8, 'Undefined prope...', 'C:\\xampp\\htdocs...', 9, Array)
#1 C:\xampp\htdocs\SR_Productions\BIT_Project\CodeIgniter4_Sources\app\Controllers\BackEndController.php(67): App\Controllers\BlueprintController->autoFeildBreakup(Array, Object(stdClass))
#2 C:\xampp\htdocs\SR_Productions\BIT_Project\CodeIgniter4_Sources\app\Controllers\BackEndAssessor.php(95): App\Controllers\BackEndController->brand_accessChangedbyStatus('3')
#3 C:\xampp\htdocs\SR_Productions\BIT_Project\CodeIgniter4_Sources\system\CodeIgniter.php(832): App\Controllers\BackEndAssessor->expireBrand('3')
#4 C:\xampp\htdocs\SR_Productions\BIT_Project\CodeIgniter4_Sources\system\CodeIgniter.php(419): CodeIgniter\CodeIgniter->runController(Object(App\Controllers\BackEndAssessor))
#5 C:\xampp\htdocs\SR_Productions\BIT_Project\CodeIgniter4_Sources\system\CodeIgniter.php(326): CodeIgniter\CodeIgniter->handleRequest(NULL, Object(Config\Cache), false)
#6 C:\xampp\htdocs\SR_Productions\BIT_Project\CodeIgniter4_Sources\public\index.php(37): CodeIgniter\CodeIgniter->run()
#7 {main}
CRITICAL - 2022-06-04 01:26:04 --> A non-numeric value encountered
#0 C:\xampp\htdocs\SR_Productions\BIT_Project\CodeIgniter4_Sources\app\Controllers\BackEndController.php(61): CodeIgniter\Debug\Exceptions->errorHandler(2, 'A non-numeric v...', 'C:\\xampp\\htdocs...', 61, Array)
#1 C:\xampp\htdocs\SR_Productions\BIT_Project\CodeIgniter4_Sources\app\Controllers\BackEndAssessor.php(95): App\Controllers\BackEndController->brand_accessChangedbyStatus('15')
#2 C:\xampp\htdocs\SR_Productions\BIT_Project\CodeIgniter4_Sources\system\CodeIgniter.php(832): App\Controllers\BackEndAssessor->expireBrand('15')
#3 C:\xampp\htdocs\SR_Productions\BIT_Project\CodeIgniter4_Sources\system\CodeIgniter.php(419): CodeIgniter\CodeIgniter->runController(Object(App\Controllers\BackEndAssessor))
#4 C:\xampp\htdocs\SR_Productions\BIT_Project\CodeIgniter4_Sources\system\CodeIgniter.php(326): CodeIgniter\CodeIgniter->handleRequest(NULL, Object(Config\Cache), false)
#5 C:\xampp\htdocs\SR_Productions\BIT_Project\CodeIgniter4_Sources\public\index.php(37): CodeIgniter\CodeIgniter->run()
#6 {main}
CRITICAL - 2022-06-04 01:26:32 --> A non-numeric value encountered
#0 C:\xampp\htdocs\SR_Productions\BIT_Project\CodeIgniter4_Sources\app\Controllers\BackEndController.php(61): CodeIgniter\Debug\Exceptions->errorHandler(2, 'A non-numeric v...', 'C:\\xampp\\htdocs...', 61, Array)
#1 C:\xampp\htdocs\SR_Productions\BIT_Project\CodeIgniter4_Sources\app\Controllers\BackEndAssessor.php(95): App\Controllers\BackEndController->brand_accessChangedbyStatus('15')
#2 C:\xampp\htdocs\SR_Productions\BIT_Project\CodeIgniter4_Sources\system\CodeIgniter.php(832): App\Controllers\BackEndAssessor->expireBrand('15')
#3 C:\xampp\htdocs\SR_Productions\BIT_Project\CodeIgniter4_Sources\system\CodeIgniter.php(419): CodeIgniter\CodeIgniter->runController(Object(App\Controllers\BackEndAssessor))
#4 C:\xampp\htdocs\SR_Productions\BIT_Project\CodeIgniter4_Sources\system\CodeIgniter.php(326): CodeIgniter\CodeIgniter->handleRequest(NULL, Object(Config\Cache), false)
#5 C:\xampp\htdocs\SR_Productions\BIT_Project\CodeIgniter4_Sources\public\index.php(37): CodeIgniter\CodeIgniter->run()
#6 {main}
CRITICAL - 2022-06-04 01:26:41 --> A non-numeric value encountered
#0 C:\xampp\htdocs\SR_Productions\BIT_Project\CodeIgniter4_Sources\app\Controllers\BackEndController.php(61): CodeIgniter\Debug\Exceptions->errorHandler(2, 'A non-numeric v...', 'C:\\xampp\\htdocs...', 61, Array)
#1 C:\xampp\htdocs\SR_Productions\BIT_Project\CodeIgniter4_Sources\app\Controllers\BackEndAssessor.php(95): App\Controllers\BackEndController->brand_accessChangedbyStatus('15')
#2 C:\xampp\htdocs\SR_Productions\BIT_Project\CodeIgniter4_Sources\system\CodeIgniter.php(832): App\Controllers\BackEndAssessor->expireBrand('15')
#3 C:\xampp\htdocs\SR_Productions\BIT_Project\CodeIgniter4_Sources\system\CodeIgniter.php(419): CodeIgniter\CodeIgniter->runController(Object(App\Controllers\BackEndAssessor))
#4 C:\xampp\htdocs\SR_Productions\BIT_Project\CodeIgniter4_Sources\system\CodeIgniter.php(326): CodeIgniter\CodeIgniter->handleRequest(NULL, Object(Config\Cache), false)
#5 C:\xampp\htdocs\SR_Productions\BIT_Project\CodeIgniter4_Sources\public\index.php(37): CodeIgniter\CodeIgniter->run()
#6 {main}
CRITICAL - 2022-06-04 01:27:04 --> A non-numeric value encountered
#0 C:\xampp\htdocs\SR_Productions\BIT_Project\CodeIgniter4_Sources\app\Controllers\BackEndController.php(61): CodeIgniter\Debug\Exceptions->errorHandler(2, 'A non-numeric v...', 'C:\\xampp\\htdocs...', 61, Array)
#1 C:\xampp\htdocs\SR_Productions\BIT_Project\CodeIgniter4_Sources\app\Controllers\BackEndAssessor.php(95): App\Controllers\BackEndController->brand_accessChangedbyStatus('15')
#2 C:\xampp\htdocs\SR_Productions\BIT_Project\CodeIgniter4_Sources\system\CodeIgniter.php(832): App\Controllers\BackEndAssessor->expireBrand('15')
#3 C:\xampp\htdocs\SR_Productions\BIT_Project\CodeIgniter4_Sources\system\CodeIgniter.php(419): CodeIgniter\CodeIgniter->runController(Object(App\Controllers\BackEndAssessor))
#4 C:\xampp\htdocs\SR_Productions\BIT_Project\CodeIgniter4_Sources\system\CodeIgniter.php(326): CodeIgniter\CodeIgniter->handleRequest(NULL, Object(Config\Cache), false)
#5 C:\xampp\htdocs\SR_Productions\BIT_Project\CodeIgniter4_Sources\public\index.php(37): CodeIgniter\CodeIgniter->run()
#6 {main}
CRITICAL - 2022-06-04 01:27:54 --> Object of class stdClass could not be converted to string
#0 C:\xampp\htdocs\SR_Productions\BIT_Project\CodeIgniter4_Sources\app\Controllers\BackEndAssessor.php(95): App\Controllers\BackEndController->brand_accessChangedbyStatus('5')
#1 C:\xampp\htdocs\SR_Productions\BIT_Project\CodeIgniter4_Sources\system\CodeIgniter.php(832): App\Controllers\BackEndAssessor->expireBrand('5')
#2 C:\xampp\htdocs\SR_Productions\BIT_Project\CodeIgniter4_Sources\system\CodeIgniter.php(419): CodeIgniter\CodeIgniter->runController(Object(App\Controllers\BackEndAssessor))
#3 C:\xampp\htdocs\SR_Productions\BIT_Project\CodeIgniter4_Sources\system\CodeIgniter.php(326): CodeIgniter\CodeIgniter->handleRequest(NULL, Object(Config\Cache), false)
#4 C:\xampp\htdocs\SR_Productions\BIT_Project\CodeIgniter4_Sources\public\index.php(37): CodeIgniter\CodeIgniter->run()
#5 {main}
CRITICAL - 2022-06-04 01:28:09 --> Undefined property: stdClass::$Name
#0 C:\xampp\htdocs\SR_Productions\BIT_Project\CodeIgniter4_Sources\app\Controllers\BlueprintController.php(9): CodeIgniter\Debug\Exceptions->errorHandler(8, 'Undefined prope...', 'C:\\xampp\\htdocs...', 9, Array)
#1 C:\xampp\htdocs\SR_Productions\BIT_Project\CodeIgniter4_Sources\app\Controllers\BackEndController.php(68): App\Controllers\BlueprintController->autoFeildBreakup(Array, Object(stdClass))
#2 C:\xampp\htdocs\SR_Productions\BIT_Project\CodeIgniter4_Sources\app\Controllers\BackEndAssessor.php(95): App\Controllers\BackEndController->brand_accessChangedbyStatus('5')
#3 C:\xampp\htdocs\SR_Productions\BIT_Project\CodeIgniter4_Sources\system\CodeIgniter.php(832): App\Controllers\BackEndAssessor->expireBrand('5')
#4 C:\xampp\htdocs\SR_Productions\BIT_Project\CodeIgniter4_Sources\system\CodeIgniter.php(419): CodeIgniter\CodeIgniter->runController(Object(App\Controllers\BackEndAssessor))
#5 C:\xampp\htdocs\SR_Productions\BIT_Project\CodeIgniter4_Sources\system\CodeIgniter.php(326): CodeIgniter\CodeIgniter->handleRequest(NULL, Object(Config\Cache), false)
#6 C:\xampp\htdocs\SR_Productions\BIT_Project\CodeIgniter4_Sources\public\index.php(37): CodeIgniter\CodeIgniter->run()
#7 {main}
CRITICAL - 2022-06-04 01:28:19 --> Undefined property: stdClass::$Name
#0 C:\xampp\htdocs\SR_Productions\BIT_Project\CodeIgniter4_Sources\app\Controllers\BlueprintController.php(9): CodeIgniter\Debug\Exceptions->errorHandler(8, 'Undefined prope...', 'C:\\xampp\\htdocs...', 9, Array)
#1 C:\xampp\htdocs\SR_Productions\BIT_Project\CodeIgniter4_Sources\app\Controllers\BackEndController.php(68): App\Controllers\BlueprintController->autoFeildBreakup(Array, Object(stdClass))
#2 C:\xampp\htdocs\SR_Productions\BIT_Project\CodeIgniter4_Sources\app\Controllers\BackEndAssessor.php(95): App\Controllers\BackEndController->brand_accessChangedbyStatus('5')
#3 C:\xampp\htdocs\SR_Productions\BIT_Project\CodeIgniter4_Sources\system\CodeIgniter.php(832): App\Controllers\BackEndAssessor->expireBrand('5')
#4 C:\xampp\htdocs\SR_Productions\BIT_Project\CodeIgniter4_Sources\system\CodeIgniter.php(419): CodeIgniter\CodeIgniter->runController(Object(App\Controllers\BackEndAssessor))
#5 C:\xampp\htdocs\SR_Productions\BIT_Project\CodeIgniter4_Sources\system\CodeIgniter.php(326): CodeIgniter\CodeIgniter->handleRequest(NULL, Object(Config\Cache), false)
#6 C:\xampp\htdocs\SR_Productions\BIT_Project\CodeIgniter4_Sources\public\index.php(37): CodeIgniter\CodeIgniter->run()
#7 {main}
CRITICAL - 2022-06-04 01:28:20 --> Undefined property: stdClass::$Name
#0 C:\xampp\htdocs\SR_Productions\BIT_Project\CodeIgniter4_Sources\app\Controllers\BlueprintController.php(9): CodeIgniter\Debug\Exceptions->errorHandler(8, 'Undefined prope...', 'C:\\xampp\\htdocs...', 9, Array)
#1 C:\xampp\htdocs\SR_Productions\BIT_Project\CodeIgniter4_Sources\app\Controllers\BackEndController.php(68): App\Controllers\BlueprintController->autoFeildBreakup(Array, Object(stdClass))
#2 C:\xampp\htdocs\SR_Productions\BIT_Project\CodeIgniter4_Sources\app\Controllers\BackEndAssessor.php(95): App\Controllers\BackEndController->brand_accessChangedbyStatus('5')
#3 C:\xampp\htdocs\SR_Productions\BIT_Project\CodeIgniter4_Sources\system\CodeIgniter.php(832): App\Controllers\BackEndAssessor->expireBrand('5')
#4 C:\xampp\htdocs\SR_Productions\BIT_Project\CodeIgniter4_Sources\system\CodeIgniter.php(419): CodeIgniter\CodeIgniter->runController(Object(App\Controllers\BackEndAssessor))
#5 C:\xampp\htdocs\SR_Productions\BIT_Project\CodeIgniter4_Sources\system\CodeIgniter.php(326): CodeIgniter\CodeIgniter->handleRequest(NULL, Object(Config\Cache), false)
#6 C:\xampp\htdocs\SR_Productions\BIT_Project\CodeIgniter4_Sources\public\index.php(37): CodeIgniter\CodeIgniter->run()
#7 {main}
CRITICAL - 2022-06-04 01:28:20 --> Undefined property: stdClass::$Name
#0 C:\xampp\htdocs\SR_Productions\BIT_Project\CodeIgniter4_Sources\app\Controllers\BlueprintController.php(9): CodeIgniter\Debug\Exceptions->errorHandler(8, 'Undefined prope...', 'C:\\xampp\\htdocs...', 9, Array)
#1 C:\xampp\htdocs\SR_Productions\BIT_Project\CodeIgniter4_Sources\app\Controllers\BackEndController.php(68): App\Controllers\BlueprintController->autoFeildBreakup(Array, Object(stdClass))
#2 C:\xampp\htdocs\SR_Productions\BIT_Project\CodeIgniter4_Sources\app\Controllers\BackEndAssessor.php(95): App\Controllers\BackEndController->brand_accessChangedbyStatus('5')
#3 C:\xampp\htdocs\SR_Productions\BIT_Project\CodeIgniter4_Sources\system\CodeIgniter.php(832): App\Controllers\BackEndAssessor->expireBrand('5')
#4 C:\xampp\htdocs\SR_Productions\BIT_Project\CodeIgniter4_Sources\system\CodeIgniter.php(419): CodeIgniter\CodeIgniter->runController(Object(App\Controllers\BackEndAssessor))
#5 C:\xampp\htdocs\SR_Productions\BIT_Project\CodeIgniter4_Sources\system\CodeIgniter.php(326): CodeIgniter\CodeIgniter->handleRequest(NULL, Object(Config\Cache), false)
#6 C:\xampp\htdocs\SR_Productions\BIT_Project\CodeIgniter4_Sources\public\index.php(37): CodeIgniter\CodeIgniter->run()
#7 {main}
CRITICAL - 2022-06-04 01:29:07 --> Undefined property: stdClass::$Name
#0 C:\xampp\htdocs\SR_Productions\BIT_Project\CodeIgniter4_Sources\app\Controllers\BlueprintController.php(9): CodeIgniter\Debug\Exceptions->errorHandler(8, 'Undefined prope...', 'C:\\xampp\\htdocs...', 9, Array)
#1 C:\xampp\htdocs\SR_Productions\BIT_Project\CodeIgniter4_Sources\app\Controllers\BackEndController.php(68): App\Controllers\BlueprintController->autoFeildBreakup(Array, Object(stdClass))
#2 C:\xampp\htdocs\SR_Productions\BIT_Project\CodeIgniter4_Sources\app\Controllers\BackEndAssessor.php(95): App\Controllers\BackEndController->brand_accessChangedbyStatus('5')
#3 C:\xampp\htdocs\SR_Productions\BIT_Project\CodeIgniter4_Sources\system\CodeIgniter.php(832): App\Controllers\BackEndAssessor->expireBrand('5')
#4 C:\xampp\htdocs\SR_Productions\BIT_Project\CodeIgniter4_Sources\system\CodeIgniter.php(419): CodeIgniter\CodeIgniter->runController(Object(App\Controllers\BackEndAssessor))
#5 C:\xampp\htdocs\SR_Productions\BIT_Project\CodeIgniter4_Sources\system\CodeIgniter.php(326): CodeIgniter\CodeIgniter->handleRequest(NULL, Object(Config\Cache), false)
#6 C:\xampp\htdocs\SR_Productions\BIT_Project\CodeIgniter4_Sources\public\index.php(37): CodeIgniter\CodeIgniter->run()
#7 {main}
CRITICAL - 2022-06-04 01:29:08 --> Undefined property: stdClass::$Name
#0 C:\xampp\htdocs\SR_Productions\BIT_Project\CodeIgniter4_Sources\app\Controllers\BlueprintController.php(9): CodeIgniter\Debug\Exceptions->errorHandler(8, 'Undefined prope...', 'C:\\xampp\\htdocs...', 9, Array)
#1 C:\xampp\htdocs\SR_Productions\BIT_Project\CodeIgniter4_Sources\app\Controllers\BackEndController.php(68): App\Controllers\BlueprintController->autoFeildBreakup(Array, Object(stdClass))
#2 C:\xampp\htdocs\SR_Productions\BIT_Project\CodeIgniter4_Sources\app\Controllers\BackEndAssessor.php(95): App\Controllers\BackEndController->brand_accessChangedbyStatus('5')
#3 C:\xampp\htdocs\SR_Productions\BIT_Project\CodeIgniter4_Sources\system\CodeIgniter.php(832): App\Controllers\BackEndAssessor->expireBrand('5')
#4 C:\xampp\htdocs\SR_Productions\BIT_Project\CodeIgniter4_Sources\system\CodeIgniter.php(419): CodeIgniter\CodeIgniter->runController(Object(App\Controllers\BackEndAssessor))
#5 C:\xampp\htdocs\SR_Productions\BIT_Project\CodeIgniter4_Sources\system\CodeIgniter.php(326): CodeIgniter\CodeIgniter->handleRequest(NULL, Object(Config\Cache), false)
#6 C:\xampp\htdocs\SR_Productions\BIT_Project\CodeIgniter4_Sources\public\index.php(37): CodeIgniter\CodeIgniter->run()
#7 {main}
CRITICAL - 2022-06-04 01:29:08 --> Undefined property: stdClass::$Name
#0 C:\xampp\htdocs\SR_Productions\BIT_Project\CodeIgniter4_Sources\app\Controllers\BlueprintController.php(9): CodeIgniter\Debug\Exceptions->errorHandler(8, 'Undefined prope...', 'C:\\xampp\\htdocs...', 9, Array)
#1 C:\xampp\htdocs\SR_Productions\BIT_Project\CodeIgniter4_Sources\app\Controllers\BackEndController.php(68): App\Controllers\BlueprintController->autoFeildBreakup(Array, Object(stdClass))
#2 C:\xampp\htdocs\SR_Productions\BIT_Project\CodeIgniter4_Sources\app\Controllers\BackEndAssessor.php(95): App\Controllers\BackEndController->brand_accessChangedbyStatus('5')
#3 C:\xampp\htdocs\SR_Productions\BIT_Project\CodeIgniter4_Sources\system\CodeIgniter.php(832): App\Controllers\BackEndAssessor->expireBrand('5')
#4 C:\xampp\htdocs\SR_Productions\BIT_Project\CodeIgniter4_Sources\system\CodeIgniter.php(419): CodeIgniter\CodeIgniter->runController(Object(App\Controllers\BackEndAssessor))
#5 C:\xampp\htdocs\SR_Productions\BIT_Project\CodeIgniter4_Sources\system\CodeIgniter.php(326): CodeIgniter\CodeIgniter->handleRequest(NULL, Object(Config\Cache), false)
#6 C:\xampp\htdocs\SR_Productions\BIT_Project\CodeIgniter4_Sources\public\index.php(37): CodeIgniter\CodeIgniter->run()
#7 {main}
CRITICAL - 2022-06-04 01:29:44 --> Undefined property: stdClass::$Name
#0 C:\xampp\htdocs\SR_Productions\BIT_Project\CodeIgniter4_Sources\app\Controllers\BlueprintController.php(9): CodeIgniter\Debug\Exceptions->errorHandler(8, 'Undefined prope...', 'C:\\xampp\\htdocs...', 9, Array)
#1 C:\xampp\htdocs\SR_Productions\BIT_Project\CodeIgniter4_Sources\app\Controllers\BackEndController.php(67): App\Controllers\BlueprintController->autoFeildBreakup(Array, Object(stdClass))
#2 C:\xampp\htdocs\SR_Productions\BIT_Project\CodeIgniter4_Sources\app\Controllers\BackEndAssessor.php(95): App\Controllers\BackEndController->brand_accessChangedbyStatus('5')
#3 C:\xampp\htdocs\SR_Productions\BIT_Project\CodeIgniter4_Sources\system\CodeIgniter.php(832): App\Controllers\BackEndAssessor->expireBrand('5')
#4 C:\xampp\htdocs\SR_Productions\BIT_Project\CodeIgniter4_Sources\system\CodeIgniter.php(419): CodeIgniter\CodeIgniter->runController(Object(App\Controllers\BackEndAssessor))
#5 C:\xampp\htdocs\SR_Productions\BIT_Project\CodeIgniter4_Sources\system\CodeIgniter.php(326): CodeIgniter\CodeIgniter->handleRequest(NULL, Object(Config\Cache), false)
#6 C:\xampp\htdocs\SR_Productions\BIT_Project\CodeIgniter4_Sources\public\index.php(37): CodeIgniter\CodeIgniter->run()
#7 {main}
CRITICAL - 2022-06-04 01:32:37 --> Undefined property: stdClass::$Name
#0 C:\xampp\htdocs\SR_Productions\BIT_Project\CodeIgniter4_Sources\app\Controllers\BlueprintController.php(9): CodeIgniter\Debug\Exceptions->errorHandler(8, 'Undefined prope...', 'C:\\xampp\\htdocs...', 9, Array)
#1 C:\xampp\htdocs\SR_Productions\BIT_Project\CodeIgniter4_Sources\app\Controllers\BackEndController.php(67): App\Controllers\BlueprintController->autoFeildBreakup(Array, Object(stdClass))
#2 C:\xampp\htdocs\SR_Productions\BIT_Project\CodeIgniter4_Sources\app\Controllers\BackEndAssessor.php(95): App\Controllers\BackEndController->brand_accessChangedbyStatus('5')
#3 C:\xampp\htdocs\SR_Productions\BIT_Project\CodeIgniter4_Sources\system\CodeIgniter.php(832): App\Controllers\BackEndAssessor->expireBrand('5')
#4 C:\xampp\htdocs\SR_Productions\BIT_Project\CodeIgniter4_Sources\system\CodeIgniter.php(419): CodeIgniter\CodeIgniter->runController(Object(App\Controllers\BackEndAssessor))
#5 C:\xampp\htdocs\SR_Productions\BIT_Project\CodeIgniter4_Sources\system\CodeIgniter.php(326): CodeIgniter\CodeIgniter->handleRequest(NULL, Object(Config\Cache), false)
#6 C:\xampp\htdocs\SR_Productions\BIT_Project\CodeIgniter4_Sources\public\index.php(37): CodeIgniter\CodeIgniter->run()
#7 {main}
CRITICAL - 2022-06-04 01:32:47 --> Undefined property: stdClass::$Name
#0 C:\xampp\htdocs\SR_Productions\BIT_Project\CodeIgniter4_Sources\app\Controllers\BlueprintController.php(9): CodeIgniter\Debug\Exceptions->errorHandler(8, 'Undefined prope...', 'C:\\xampp\\htdocs...', 9, Array)
#1 C:\xampp\htdocs\SR_Productions\BIT_Project\CodeIgniter4_Sources\app\Controllers\BackEndController.php(67): App\Controllers\BlueprintController->autoFeildBreakup(Array, Object(stdClass))
#2 C:\xampp\htdocs\SR_Productions\BIT_Project\CodeIgniter4_Sources\app\Controllers\BackEndAssessor.php(95): App\Controllers\BackEndController->brand_accessChangedbyStatus('5')
#3 C:\xampp\htdocs\SR_Productions\BIT_Project\CodeIgniter4_Sources\system\CodeIgniter.php(832): App\Controllers\BackEndAssessor->expireBrand('5')
#4 C:\xampp\htdocs\SR_Productions\BIT_Project\CodeIgniter4_Sources\system\CodeIgniter.php(419): CodeIgniter\CodeIgniter->runController(Object(App\Controllers\BackEndAssessor))
#5 C:\xampp\htdocs\SR_Productions\BIT_Project\CodeIgniter4_Sources\system\CodeIgniter.php(326): CodeIgniter\CodeIgniter->handleRequest(NULL, Object(Config\Cache), false)
#6 C:\xampp\htdocs\SR_Productions\BIT_Project\CodeIgniter4_Sources\public\index.php(37): CodeIgniter\CodeIgniter->run()
#7 {main}
CRITICAL - 2022-06-04 01:32:51 --> Undefined property: stdClass::$Name
#0 C:\xampp\htdocs\SR_Productions\BIT_Project\CodeIgniter4_Sources\app\Controllers\BlueprintController.php(9): CodeIgniter\Debug\Exceptions->errorHandler(8, 'Undefined prope...', 'C:\\xampp\\htdocs...', 9, Array)
#1 C:\xampp\htdocs\SR_Productions\BIT_Project\CodeIgniter4_Sources\app\Controllers\BackEndController.php(67): App\Controllers\BlueprintController->autoFeildBreakup(Array, Object(stdClass))
#2 C:\xampp\htdocs\SR_Productions\BIT_Project\CodeIgniter4_Sources\app\Controllers\BackEndAssessor.php(95): App\Controllers\BackEndController->brand_accessChangedbyStatus('5')
#3 C:\xampp\htdocs\SR_Productions\BIT_Project\CodeIgniter4_Sources\system\CodeIgniter.php(832): App\Controllers\BackEndAssessor->expireBrand('5')
#4 C:\xampp\htdocs\SR_Productions\BIT_Project\CodeIgniter4_Sources\system\CodeIgniter.php(419): CodeIgniter\CodeIgniter->runController(Object(App\Controllers\BackEndAssessor))
#5 C:\xampp\htdocs\SR_Productions\BIT_Project\CodeIgniter4_Sources\system\CodeIgniter.php(326): CodeIgniter\CodeIgniter->handleRequest(NULL, Object(Config\Cache), false)
#6 C:\xampp\htdocs\SR_Productions\BIT_Project\CodeIgniter4_Sources\public\index.php(37): CodeIgniter\CodeIgniter->run()
#7 {main}
CRITICAL - 2022-06-04 02:31:09 --> A non-numeric value encountered
#0 C:\xampp\htdocs\SR_Productions\BIT_Project\CodeIgniter4_Sources\app\Controllers\BackEndController.php(74): CodeIgniter\Debug\Exceptions->errorHandler(2, 'A non-numeric v...', 'C:\\xampp\\htdocs...', 74, Array)
#1 C:\xampp\htdocs\SR_Productions\BIT_Project\CodeIgniter4_Sources\app\Controllers\BackEndAssessor.php(95): App\Controllers\BackEndController->brand_accessChangedbyStatus('5')
#2 C:\xampp\htdocs\SR_Productions\BIT_Project\CodeIgniter4_Sources\system\CodeIgniter.php(832): App\Controllers\BackEndAssessor->expireBrand('5')
#3 C:\xampp\htdocs\SR_Productions\BIT_Project\CodeIgniter4_Sources\system\CodeIgniter.php(419): CodeIgniter\CodeIgniter->runController(Object(App\Controllers\BackEndAssessor))
#4 C:\xampp\htdocs\SR_Productions\BIT_Project\CodeIgniter4_Sources\system\CodeIgniter.php(326): CodeIgniter\CodeIgniter->handleRequest(NULL, Object(Config\Cache), false)
#5 C:\xampp\htdocs\SR_Productions\BIT_Project\CodeIgniter4_Sources\public\index.php(37): CodeIgniter\CodeIgniter->run()
#6 {main}
CRITICAL - 2022-06-04 02:39:30 --> Undefined offset: 0
#0 C:\xampp\htdocs\SR_Productions\BIT_Project\CodeIgniter4_Sources\app\Controllers\BackEndController.php(59): CodeIgniter\Debug\Exceptions->errorHandler(8, 'Undefined offse...', 'C:\\xampp\\htdocs...', 59, Array)
#1 C:\xampp\htdocs\SR_Productions\BIT_Project\CodeIgniter4_Sources\app\Controllers\BackEndAssessor.php(95): App\Controllers\BackEndController->brand_accessChangedbyStatus('14')
#2 C:\xampp\htdocs\SR_Productions\BIT_Project\CodeIgniter4_Sources\system\CodeIgniter.php(832): App\Controllers\BackEndAssessor->expireBrand('14')
#3 C:\xampp\htdocs\SR_Productions\BIT_Project\CodeIgniter4_Sources\system\CodeIgniter.php(419): CodeIgniter\CodeIgniter->runController(Object(App\Controllers\BackEndAssessor))
#4 C:\xampp\htdocs\SR_Productions\BIT_Project\CodeIgniter4_Sources\system\CodeIgniter.php(326): CodeIgniter\CodeIgniter->handleRequest(NULL, Object(Config\Cache), false)
#5 C:\xampp\htdocs\SR_Productions\BIT_Project\CodeIgniter4_Sources\public\index.php(37): CodeIgniter\CodeIgniter->run()
#6 {main}
CRITICAL - 2022-06-04 02:39:49 --> Undefined offset: 0
#0 C:\xampp\htdocs\SR_Productions\BIT_Project\CodeIgniter4_Sources\app\Controllers\BackEndController.php(59): CodeIgniter\Debug\Exceptions->errorHandler(8, 'Undefined offse...', 'C:\\xampp\\htdocs...', 59, Array)
#1 C:\xampp\htdocs\SR_Productions\BIT_Project\CodeIgniter4_Sources\app\Controllers\BackEndAssessor.php(95): App\Controllers\BackEndController->brand_accessChangedbyStatus('14')
#2 C:\xampp\htdocs\SR_Productions\BIT_Project\CodeIgniter4_Sources\system\CodeIgniter.php(832): App\Controllers\BackEndAssessor->expireBrand('14')
#3 C:\xampp\htdocs\SR_Productions\BIT_Project\CodeIgniter4_Sources\system\CodeIgniter.php(419): CodeIgniter\CodeIgniter->runController(Object(App\Controllers\BackEndAssessor))
#4 C:\xampp\htdocs\SR_Productions\BIT_Project\CodeIgniter4_Sources\system\CodeIgniter.php(326): CodeIgniter\CodeIgniter->handleRequest(NULL, Object(Config\Cache), false)
#5 C:\xampp\htdocs\SR_Productions\BIT_Project\CodeIgniter4_Sources\public\index.php(37): CodeIgniter\CodeIgniter->run()
#6 {main}
CRITICAL - 2022-06-04 02:39:57 --> Undefined offset: 0
#0 C:\xampp\htdocs\SR_Productions\BIT_Project\CodeIgniter4_Sources\app\Controllers\BackEndController.php(59): CodeIgniter\Debug\Exceptions->errorHandler(8, 'Undefined offse...', 'C:\\xampp\\htdocs...', 59, Array)
#1 C:\xampp\htdocs\SR_Productions\BIT_Project\CodeIgniter4_Sources\app\Controllers\BackEndAssessor.php(95): App\Controllers\BackEndController->brand_accessChangedbyStatus('14')
#2 C:\xampp\htdocs\SR_Productions\BIT_Project\CodeIgniter4_Sources\system\CodeIgniter.php(832): App\Controllers\BackEndAssessor->expireBrand('14')
#3 C:\xampp\htdocs\SR_Productions\BIT_Project\CodeIgniter4_Sources\system\CodeIgniter.php(419): CodeIgniter\CodeIgniter->runController(Object(App\Controllers\BackEndAssessor))
#4 C:\xampp\htdocs\SR_Productions\BIT_Project\CodeIgniter4_Sources\system\CodeIgniter.php(326): CodeIgniter\CodeIgniter->handleRequest(NULL, Object(Config\Cache), false)
#5 C:\xampp\htdocs\SR_Productions\BIT_Project\CodeIgniter4_Sources\public\index.php(37): CodeIgniter\CodeIgniter->run()
#6 {main}
CRITICAL - 2022-06-04 02:39:58 --> Undefined offset: 0
#0 C:\xampp\htdocs\SR_Productions\BIT_Project\CodeIgniter4_Sources\app\Controllers\BackEndController.php(59): CodeIgniter\Debug\Exceptions->errorHandler(8, 'Undefined offse...', 'C:\\xampp\\htdocs...', 59, Array)
#1 C:\xampp\htdocs\SR_Productions\BIT_Project\CodeIgniter4_Sources\app\Controllers\BackEndAssessor.php(95): App\Controllers\BackEndController->brand_accessChangedbyStatus('14')
#2 C:\xampp\htdocs\SR_Productions\BIT_Project\CodeIgniter4_Sources\system\CodeIgniter.php(832): App\Controllers\BackEndAssessor->expireBrand('14')
#3 C:\xampp\htdocs\SR_Productions\BIT_Project\CodeIgniter4_Sources\system\CodeIgniter.php(419): CodeIgniter\CodeIgniter->runController(Object(App\Controllers\BackEndAssessor))
#4 C:\xampp\htdocs\SR_Productions\BIT_Project\CodeIgniter4_Sources\system\CodeIgniter.php(326): CodeIgniter\CodeIgniter->handleRequest(NULL, Object(Config\Cache), false)
#5 C:\xampp\htdocs\SR_Productions\BIT_Project\CodeIgniter4_Sources\public\index.php(37): CodeIgniter\CodeIgniter->run()
#6 {main}
CRITICAL - 2022-06-04 02:39:59 --> Undefined offset: 0
#0 C:\xampp\htdocs\SR_Productions\BIT_Project\CodeIgniter4_Sources\app\Controllers\BackEndController.php(59): CodeIgniter\Debug\Exceptions->errorHandler(8, 'Undefined offse...', 'C:\\xampp\\htdocs...', 59, Array)
#1 C:\xampp\htdocs\SR_Productions\BIT_Project\CodeIgniter4_Sources\app\Controllers\BackEndAssessor.php(95): App\Controllers\BackEndController->brand_accessChangedbyStatus('14')
#2 C:\xampp\htdocs\SR_Productions\BIT_Project\CodeIgniter4_Sources\system\CodeIgniter.php(832): App\Controllers\BackEndAssessor->expireBrand('14')
#3 C:\xampp\htdocs\SR_Productions\BIT_Project\CodeIgniter4_Sources\system\CodeIgniter.php(419): CodeIgniter\CodeIgniter->runController(Object(App\Controllers\BackEndAssessor))
#4 C:\xampp\htdocs\SR_Productions\BIT_Project\CodeIgniter4_Sources\system\CodeIgniter.php(326): CodeIgniter\CodeIgniter->handleRequest(NULL, Object(Config\Cache), false)
#5 C:\xampp\htdocs\SR_Productions\BIT_Project\CodeIgniter4_Sources\public\index.php(37): CodeIgniter\CodeIgniter->run()
#6 {main}
CRITICAL - 2022-06-04 02:40:30 --> Undefined offset: 0
#0 C:\xampp\htdocs\SR_Productions\BIT_Project\CodeIgniter4_Sources\app\Controllers\BackEndController.php(65): CodeIgniter\Debug\Exceptions->errorHandler(8, 'Undefined offse...', 'C:\\xampp\\htdocs...', 65, Array)
#1 C:\xampp\htdocs\SR_Productions\BIT_Project\CodeIgniter4_Sources\app\Controllers\BackEndAssessor.php(95): App\Controllers\BackEndController->brand_accessChangedbyStatus('14')
#2 C:\xampp\htdocs\SR_Productions\BIT_Project\CodeIgniter4_Sources\system\CodeIgniter.php(832): App\Controllers\BackEndAssessor->expireBrand('14')
#3 C:\xampp\htdocs\SR_Productions\BIT_Project\CodeIgniter4_Sources\system\CodeIgniter.php(419): CodeIgniter\CodeIgniter->runController(Object(App\Controllers\BackEndAssessor))
#4 C:\xampp\htdocs\SR_Productions\BIT_Project\CodeIgniter4_Sources\system\CodeIgniter.php(326): CodeIgniter\CodeIgniter->handleRequest(NULL, Object(Config\Cache), false)
#5 C:\xampp\htdocs\SR_Productions\BIT_Project\CodeIgniter4_Sources\public\index.php(37): CodeIgniter\CodeIgniter->run()
#6 {main}
CRITICAL - 2022-06-04 02:40:34 --> Undefined offset: 0
#0 C:\xampp\htdocs\SR_Productions\BIT_Project\CodeIgniter4_Sources\app\Controllers\BackEndController.php(65): CodeIgniter\Debug\Exceptions->errorHandler(8, 'Undefined offse...', 'C:\\xampp\\htdocs...', 65, Array)
#1 C:\xampp\htdocs\SR_Productions\BIT_Project\CodeIgniter4_Sources\app\Controllers\BackEndAssessor.php(95): App\Controllers\BackEndController->brand_accessChangedbyStatus('14')
#2 C:\xampp\htdocs\SR_Productions\BIT_Project\CodeIgniter4_Sources\system\CodeIgniter.php(832): App\Controllers\BackEndAssessor->expireBrand('14')
#3 C:\xampp\htdocs\SR_Productions\BIT_Project\CodeIgniter4_Sources\system\CodeIgniter.php(419): CodeIgniter\CodeIgniter->runController(Object(App\Controllers\BackEndAssessor))
#4 C:\xampp\htdocs\SR_Productions\BIT_Project\CodeIgniter4_Sources\system\CodeIgniter.php(326): CodeIgniter\CodeIgniter->handleRequest(NULL, Object(Config\Cache), false)
#5 C:\xampp\htdocs\SR_Productions\BIT_Project\CodeIgniter4_Sources\public\index.php(37): CodeIgniter\CodeIgniter->run()
#6 {main}
CRITICAL - 2022-06-04 02:40:48 --> Undefined offset: 0
#0 C:\xampp\htdocs\SR_Productions\BIT_Project\CodeIgniter4_Sources\app\Controllers\BackEndController.php(65): CodeIgniter\Debug\Exceptions->errorHandler(8, 'Undefined offse...', 'C:\\xampp\\htdocs...', 65, Array)
#1 C:\xampp\htdocs\SR_Productions\BIT_Project\CodeIgniter4_Sources\app\Controllers\BackEndAssessor.php(95): App\Controllers\BackEndController->brand_accessChangedbyStatus('14')
#2 C:\xampp\htdocs\SR_Productions\BIT_Project\CodeIgniter4_Sources\system\CodeIgniter.php(832): App\Controllers\BackEndAssessor->expireBrand('14')
#3 C:\xampp\htdocs\SR_Productions\BIT_Project\CodeIgniter4_Sources\system\CodeIgniter.php(419): CodeIgniter\CodeIgniter->runController(Object(App\Controllers\BackEndAssessor))
#4 C:\xampp\htdocs\SR_Productions\BIT_Project\CodeIgniter4_Sources\system\CodeIgniter.php(326): CodeIgniter\CodeIgniter->handleRequest(NULL, Object(Config\Cache), false)
#5 C:\xampp\htdocs\SR_Productions\BIT_Project\CodeIgniter4_Sources\public\index.php(37): CodeIgniter\CodeIgniter->run()
#6 {main}
CRITICAL - 2022-06-04 02:40:55 --> Undefined offset: 0
#0 C:\xampp\htdocs\SR_Productions\BIT_Project\CodeIgniter4_Sources\app\Controllers\BackEndController.php(65): CodeIgniter\Debug\Exceptions->errorHandler(8, 'Undefined offse...', 'C:\\xampp\\htdocs...', 65, Array)
#1 C:\xampp\htdocs\SR_Productions\BIT_Project\CodeIgniter4_Sources\app\Controllers\BackEndAssessor.php(95): App\Controllers\BackEndController->brand_accessChangedbyStatus('14')
#2 C:\xampp\htdocs\SR_Productions\BIT_Project\CodeIgniter4_Sources\system\CodeIgniter.php(832): App\Controllers\BackEndAssessor->expireBrand('14')
#3 C:\xampp\htdocs\SR_Productions\BIT_Project\CodeIgniter4_Sources\system\CodeIgniter.php(419): CodeIgniter\CodeIgniter->runController(Object(App\Controllers\BackEndAssessor))
#4 C:\xampp\htdocs\SR_Productions\BIT_Project\CodeIgniter4_Sources\system\CodeIgniter.php(326): CodeIgniter\CodeIgniter->handleRequest(NULL, Object(Config\Cache), false)
#5 C:\xampp\htdocs\SR_Productions\BIT_Project\CodeIgniter4_Sources\public\index.php(37): CodeIgniter\CodeIgniter->run()
#6 {main}
CRITICAL - 2022-06-04 02:40:56 --> Undefined offset: 0
#0 C:\xampp\htdocs\SR_Productions\BIT_Project\CodeIgniter4_Sources\app\Controllers\BackEndController.php(65): CodeIgniter\Debug\Exceptions->errorHandler(8, 'Undefined offse...', 'C:\\xampp\\htdocs...', 65, Array)
#1 C:\xampp\htdocs\SR_Productions\BIT_Project\CodeIgniter4_Sources\app\Controllers\BackEndAssessor.php(95): App\Controllers\BackEndController->brand_accessChangedbyStatus('14')
#2 C:\xampp\htdocs\SR_Productions\BIT_Project\CodeIgniter4_Sources\system\CodeIgniter.php(832): App\Controllers\BackEndAssessor->expireBrand('14')
#3 C:\xampp\htdocs\SR_Productions\BIT_Project\CodeIgniter4_Sources\system\CodeIgniter.php(419): CodeIgniter\CodeIgniter->runController(Object(App\Controllers\BackEndAssessor))
#4 C:\xampp\htdocs\SR_Productions\BIT_Project\CodeIgniter4_Sources\system\CodeIgniter.php(326): CodeIgniter\CodeIgniter->handleRequest(NULL, Object(Config\Cache), false)
#5 C:\xampp\htdocs\SR_Productions\BIT_Project\CodeIgniter4_Sources\public\index.php(37): CodeIgniter\CodeIgniter->run()
#6 {main}
CRITICAL - 2022-06-04 02:41:09 --> Undefined offset: 0
#0 C:\xampp\htdocs\SR_Productions\BIT_Project\CodeIgniter4_Sources\app\Controllers\BackEndController.php(65): CodeIgniter\Debug\Exceptions->errorHandler(8, 'Undefined offse...', 'C:\\xampp\\htdocs...', 65, Array)
#1 C:\xampp\htdocs\SR_Productions\BIT_Project\CodeIgniter4_Sources\app\Controllers\BackEndAssessor.php(95): App\Controllers\BackEndController->brand_accessChangedbyStatus('14')
#2 C:\xampp\htdocs\SR_Productions\BIT_Project\CodeIgniter4_Sources\system\CodeIgniter.php(832): App\Controllers\BackEndAssessor->expireBrand('14')
#3 C:\xampp\htdocs\SR_Productions\BIT_Project\CodeIgniter4_Sources\system\CodeIgniter.php(419): CodeIgniter\CodeIgniter->runController(Object(App\Controllers\BackEndAssessor))
#4 C:\xampp\htdocs\SR_Productions\BIT_Project\CodeIgniter4_Sources\system\CodeIgniter.php(326): CodeIgniter\CodeIgniter->handleRequest(NULL, Object(Config\Cache), false)
#5 C:\xampp\htdocs\SR_Productions\BIT_Project\CodeIgniter4_Sources\public\index.php(37): CodeIgniter\CodeIgniter->run()
#6 {main}
CRITICAL - 2022-06-04 02:41:20 --> Undefined offset: 0
#0 C:\xampp\htdocs\SR_Productions\BIT_Project\CodeIgniter4_Sources\app\Controllers\BackEndController.php(65): CodeIgniter\Debug\Exceptions->errorHandler(8, 'Undefined offse...', 'C:\\xampp\\htdocs...', 65, Array)
#1 C:\xampp\htdocs\SR_Productions\BIT_Project\CodeIgniter4_Sources\app\Controllers\BackEndAssessor.php(95): App\Controllers\BackEndController->brand_accessChangedbyStatus('14')
#2 C:\xampp\htdocs\SR_Productions\BIT_Project\CodeIgniter4_Sources\system\CodeIgniter.php(832): App\Controllers\BackEndAssessor->expireBrand('14')
#3 C:\xampp\htdocs\SR_Productions\BIT_Project\CodeIgniter4_Sources\system\CodeIgniter.php(419): CodeIgniter\CodeIgniter->runController(Object(App\Controllers\BackEndAssessor))
#4 C:\xampp\htdocs\SR_Productions\BIT_Project\CodeIgniter4_Sources\system\CodeIgniter.php(326): CodeIgniter\CodeIgniter->handleRequest(NULL, Object(Config\Cache), false)
#5 C:\xampp\htdocs\SR_Productions\BIT_Project\CodeIgniter4_Sources\public\index.php(37): CodeIgniter\CodeIgniter->run()
#6 {main}
CRITICAL - 2022-06-04 02:42:40 --> Undefined offset: 0
#0 C:\xampp\htdocs\SR_Productions\BIT_Project\CodeIgniter4_Sources\app\Controllers\BackEndController.php(65): CodeIgniter\Debug\Exceptions->errorHandler(8, 'Undefined offse...', 'C:\\xampp\\htdocs...', 65, Array)
#1 C:\xampp\htdocs\SR_Productions\BIT_Project\CodeIgniter4_Sources\app\Controllers\BackEndAssessor.php(95): App\Controllers\BackEndController->brand_accessChangedbyStatus('14')
#2 C:\xampp\htdocs\SR_Productions\BIT_Project\CodeIgniter4_Sources\system\CodeIgniter.php(832): App\Controllers\BackEndAssessor->expireBrand('14')
#3 C:\xampp\htdocs\SR_Productions\BIT_Project\CodeIgniter4_Sources\system\CodeIgniter.php(419): CodeIgniter\CodeIgniter->runController(Object(App\Controllers\BackEndAssessor))
#4 C:\xampp\htdocs\SR_Productions\BIT_Project\CodeIgniter4_Sources\system\CodeIgniter.php(326): CodeIgniter\CodeIgniter->handleRequest(NULL, Object(Config\Cache), false)
#5 C:\xampp\htdocs\SR_Productions\BIT_Project\CodeIgniter4_Sources\public\index.php(37): CodeIgniter\CodeIgniter->run()
#6 {main}
CRITICAL - 2022-06-04 02:42:55 --> Undefined offset: 0
#0 C:\xampp\htdocs\SR_Productions\BIT_Project\CodeIgniter4_Sources\app\Controllers\BackEndController.php(65): CodeIgniter\Debug\Exceptions->errorHandler(8, 'Undefined offse...', 'C:\\xampp\\htdocs...', 65, Array)
#1 C:\xampp\htdocs\SR_Productions\BIT_Project\CodeIgniter4_Sources\app\Controllers\BackEndAssessor.php(95): App\Controllers\BackEndController->brand_accessChangedbyStatus('14')
#2 C:\xampp\htdocs\SR_Productions\BIT_Project\CodeIgniter4_Sources\system\CodeIgniter.php(832): App\Controllers\BackEndAssessor->expireBrand('14')
#3 C:\xampp\htdocs\SR_Productions\BIT_Project\CodeIgniter4_Sources\system\CodeIgniter.php(419): CodeIgniter\CodeIgniter->runController(Object(App\Controllers\BackEndAssessor))
#4 C:\xampp\htdocs\SR_Productions\BIT_Project\CodeIgniter4_Sources\system\CodeIgniter.php(326): CodeIgniter\CodeIgniter->handleRequest(NULL, Object(Config\Cache), false)
#5 C:\xampp\htdocs\SR_Productions\BIT_Project\CodeIgniter4_Sources\public\index.php(37): CodeIgniter\CodeIgniter->run()
#6 {main}
CRITICAL - 2022-06-04 02:43:03 --> Undefined offset: 0
#0 C:\xampp\htdocs\SR_Productions\BIT_Project\CodeIgniter4_Sources\app\Controllers\BackEndController.php(65): CodeIgniter\Debug\Exceptions->errorHandler(8, 'Undefined offse...', 'C:\\xampp\\htdocs...', 65, Array)
#1 C:\xampp\htdocs\SR_Productions\BIT_Project\CodeIgniter4_Sources\app\Controllers\BackEndAssessor.php(95): App\Controllers\BackEndController->brand_accessChangedbyStatus('14')
#2 C:\xampp\htdocs\SR_Productions\BIT_Project\CodeIgniter4_Sources\system\CodeIgniter.php(832): App\Controllers\BackEndAssessor->expireBrand('14')
#3 C:\xampp\htdocs\SR_Productions\BIT_Project\CodeIgniter4_Sources\system\CodeIgniter.php(419): CodeIgniter\CodeIgniter->runController(Object(App\Controllers\BackEndAssessor))
#4 C:\xampp\htdocs\SR_Productions\BIT_Project\CodeIgniter4_Sources\system\CodeIgniter.php(326): CodeIgniter\CodeIgniter->handleRequest(NULL, Object(Config\Cache), false)
#5 C:\xampp\htdocs\SR_Productions\BIT_Project\CodeIgniter4_Sources\public\index.php(37): CodeIgniter\CodeIgniter->run()
#6 {main}
CRITICAL - 2022-06-04 02:43:16 --> Undefined offset: 0
#0 C:\xampp\htdocs\SR_Productions\BIT_Project\CodeIgniter4_Sources\app\Controllers\BackEndController.php(65): CodeIgniter\Debug\Exceptions->errorHandler(8, 'Undefined offse...', 'C:\\xampp\\htdocs...', 65, Array)
#1 C:\xampp\htdocs\SR_Productions\BIT_Project\CodeIgniter4_Sources\app\Controllers\BackEndAssessor.php(95): App\Controllers\BackEndController->brand_accessChangedbyStatus('14')
#2 C:\xampp\htdocs\SR_Productions\BIT_Project\CodeIgniter4_Sources\system\CodeIgniter.php(832): App\Controllers\BackEndAssessor->expireBrand('14')
#3 C:\xampp\htdocs\SR_Productions\BIT_Project\CodeIgniter4_Sources\system\CodeIgniter.php(419): CodeIgniter\CodeIgniter->runController(Object(App\Controllers\BackEndAssessor))
#4 C:\xampp\htdocs\SR_Productions\BIT_Project\CodeIgniter4_Sources\system\CodeIgniter.php(326): CodeIgniter\CodeIgniter->handleRequest(NULL, Object(Config\Cache), false)
#5 C:\xampp\htdocs\SR_Productions\BIT_Project\CodeIgniter4_Sources\public\index.php(37): CodeIgniter\CodeIgniter->run()
#6 {main}
CRITICAL - 2022-06-04 02:43:17 --> Undefined offset: 0
#0 C:\xampp\htdocs\SR_Productions\BIT_Project\CodeIgniter4_Sources\app\Controllers\BackEndController.php(65): CodeIgniter\Debug\Exceptions->errorHandler(8, 'Undefined offse...', 'C:\\xampp\\htdocs...', 65, Array)
#1 C:\xampp\htdocs\SR_Productions\BIT_Project\CodeIgniter4_Sources\app\Controllers\BackEndAssessor.php(95): App\Controllers\BackEndController->brand_accessChangedbyStatus('14')
#2 C:\xampp\htdocs\SR_Productions\BIT_Project\CodeIgniter4_Sources\system\CodeIgniter.php(832): App\Controllers\BackEndAssessor->expireBrand('14')
#3 C:\xampp\htdocs\SR_Productions\BIT_Project\CodeIgniter4_Sources\system\CodeIgniter.php(419): CodeIgniter\CodeIgniter->runController(Object(App\Controllers\BackEndAssessor))
#4 C:\xampp\htdocs\SR_Productions\BIT_Project\CodeIgniter4_Sources\system\CodeIgniter.php(326): CodeIgniter\CodeIgniter->handleRequest(NULL, Object(Config\Cache), false)
#5 C:\xampp\htdocs\SR_Productions\BIT_Project\CodeIgniter4_Sources\public\index.php(37): CodeIgniter\CodeIgniter->run()
#6 {main}
CRITICAL - 2022-06-04 02:43:21 --> Undefined offset: 0
#0 C:\xampp\htdocs\SR_Productions\BIT_Project\CodeIgniter4_Sources\app\Controllers\BackEndController.php(65): CodeIgniter\Debug\Exceptions->errorHandler(8, 'Undefined offse...', 'C:\\xampp\\htdocs...', 65, Array)
#1 C:\xampp\htdocs\SR_Productions\BIT_Project\CodeIgniter4_Sources\app\Controllers\BackEndAssessor.php(95): App\Controllers\BackEndController->brand_accessChangedbyStatus('14')
#2 C:\xampp\htdocs\SR_Productions\BIT_Project\CodeIgniter4_Sources\system\CodeIgniter.php(832): App\Controllers\BackEndAssessor->expireBrand('14')
#3 C:\xampp\htdocs\SR_Productions\BIT_Project\CodeIgniter4_Sources\system\CodeIgniter.php(419): CodeIgniter\CodeIgniter->runController(Object(App\Controllers\BackEndAssessor))
#4 C:\xampp\htdocs\SR_Productions\BIT_Project\CodeIgniter4_Sources\system\CodeIgniter.php(326): CodeIgniter\CodeIgniter->handleRequest(NULL, Object(Config\Cache), false)
#5 C:\xampp\htdocs\SR_Productions\BIT_Project\CodeIgniter4_Sources\public\index.php(37): CodeIgniter\CodeIgniter->run()
#6 {main}
CRITICAL - 2022-06-04 02:58:36 --> Undefined variable: data
#0 C:\xampp\htdocs\SR_Productions\BIT_Project\CodeIgniter4_Sources\app\Controllers\BackEndController.php(61): CodeIgniter\Debug\Exceptions->errorHandler(8, 'Undefined varia...', 'C:\\xampp\\htdocs...', 61, Array)
#1 C:\xampp\htdocs\SR_Productions\BIT_Project\CodeIgniter4_Sources\app\Controllers\BackEndAssessor.php(95): App\Controllers\BackEndController->brand_accessChangedbyStatus('14')
#2 C:\xampp\htdocs\SR_Productions\BIT_Project\CodeIgniter4_Sources\system\CodeIgniter.php(832): App\Controllers\BackEndAssessor->expireBrand('14')
#3 C:\xampp\htdocs\SR_Productions\BIT_Project\CodeIgniter4_Sources\system\CodeIgniter.php(419): CodeIgniter\CodeIgniter->runController(Object(App\Controllers\BackEndAssessor))
#4 C:\xampp\htdocs\SR_Productions\BIT_Project\CodeIgniter4_Sources\system\CodeIgniter.php(326): CodeIgniter\CodeIgniter->handleRequest(NULL, Object(Config\Cache), false)
#5 C:\xampp\htdocs\SR_Productions\BIT_Project\CodeIgniter4_Sources\public\index.php(37): CodeIgniter\CodeIgniter->run()
#6 {main}
CRITICAL - 2022-06-04 02:58:55 --> Undefined offset: 0
#0 C:\xampp\htdocs\SR_Productions\BIT_Project\CodeIgniter4_Sources\app\Controllers\BackEndController.php(64): CodeIgniter\Debug\Exceptions->errorHandler(8, 'Undefined offse...', 'C:\\xampp\\htdocs...', 64, Array)
#1 C:\xampp\htdocs\SR_Productions\BIT_Project\CodeIgniter4_Sources\app\Controllers\BackEndAssessor.php(95): App\Controllers\BackEndController->brand_accessChangedbyStatus('14')
#2 C:\xampp\htdocs\SR_Productions\BIT_Project\CodeIgniter4_Sources\system\CodeIgniter.php(832): App\Controllers\BackEndAssessor->expireBrand('14')
#3 C:\xampp\htdocs\SR_Productions\BIT_Project\CodeIgniter4_Sources\system\CodeIgniter.php(419): CodeIgniter\CodeIgniter->runController(Object(App\Controllers\BackEndAssessor))
#4 C:\xampp\htdocs\SR_Productions\BIT_Project\CodeIgniter4_Sources\system\CodeIgniter.php(326): CodeIgniter\CodeIgniter->handleRequest(NULL, Object(Config\Cache), false)
#5 C:\xampp\htdocs\SR_Productions\BIT_Project\CodeIgniter4_Sources\public\index.php(37): CodeIgniter\CodeIgniter->run()
#6 {main}
CRITICAL - 2022-06-04 03:45:45 --> Undefined variable: brand_access
#0 C:\xampp\htdocs\SR_Productions\BIT_Project\CodeIgniter4_Sources\app\Views\SupplierPlateform\addNewBrand.php(40): CodeIgniter\Debug\Exceptions->errorHandler(8, 'Undefined varia...', 'C:\\xampp\\htdocs...', 40, Array)
#1 C:\xampp\htdocs\SR_Productions\BIT_Project\CodeIgniter4_Sources\system\View\View.php(210): include('C:\\xampp\\htdocs...')
#2 C:\xampp\htdocs\SR_Productions\BIT_Project\CodeIgniter4_Sources\system\View\View.php(213): CodeIgniter\View\View->CodeIgniter\View\{closure}()
#3 C:\xampp\htdocs\SR_Productions\BIT_Project\CodeIgniter4_Sources\system\Common.php(1089): CodeIgniter\View\View->render('SupplierPlatefo...', Array, true)
#4 C:\xampp\htdocs\SR_Productions\BIT_Project\CodeIgniter4_Sources\app\Controllers\BackEndAssessor.php(79): view('SupplierPlatefo...')
#5 C:\xampp\htdocs\SR_Productions\BIT_Project\CodeIgniter4_Sources\system\CodeIgniter.php(832): App\Controllers\BackEndAssessor->newBrand()
#6 C:\xampp\htdocs\SR_Productions\BIT_Project\CodeIgniter4_Sources\system\CodeIgniter.php(419): CodeIgniter\CodeIgniter->runController(Object(App\Controllers\BackEndAssessor))
#7 C:\xampp\htdocs\SR_Productions\BIT_Project\CodeIgniter4_Sources\system\CodeIgniter.php(326): CodeIgniter\CodeIgniter->handleRequest(NULL, Object(Config\Cache), false)
#8 C:\xampp\htdocs\SR_Productions\BIT_Project\CodeIgniter4_Sources\public\index.php(37): CodeIgniter\CodeIgniter->run()
#9 {main}
CRITICAL - 2022-06-04 04:44:29 --> Class name must be a valid object or a string
#0 C:\xampp\htdocs\SR_Productions\BIT_Project\CodeIgniter4_Sources\system\CodeIgniter.php(832): App\Controllers\BackEndAssessor->createBrand()
#1 C:\xampp\htdocs\SR_Productions\BIT_Project\CodeIgniter4_Sources\system\CodeIgniter.php(419): CodeIgniter\CodeIgniter->runController(Object(App\Controllers\BackEndAssessor))
#2 C:\xampp\htdocs\SR_Productions\BIT_Project\CodeIgniter4_Sources\system\CodeIgniter.php(326): CodeIgniter\CodeIgniter->handleRequest(NULL, Object(Config\Cache), false)
#3 C:\xampp\htdocs\SR_Productions\BIT_Project\CodeIgniter4_Sources\public\index.php(37): CodeIgniter\CodeIgniter->run()
#4 {main}
CRITICAL - 2022-06-04 06:15:02 --> Undefined index: Name
#0 C:\xampp\htdocs\SR_Productions\BIT_Project\CodeIgniter4_Sources\app\Controllers\BackEndController.php(85): CodeIgniter\Debug\Exceptions->errorHandler(8, 'Undefined index...', 'C:\\xampp\\htdocs...', 85, Array)
#1 C:\xampp\htdocs\SR_Productions\BIT_Project\CodeIgniter4_Sources\app\Controllers\BackEndAssessor.php(99): App\Controllers\BackEndController->brandDataCreate(Array, NULL)
#2 C:\xampp\htdocs\SR_Productions\BIT_Project\CodeIgniter4_Sources\system\CodeIgniter.php(832): App\Controllers\BackEndAssessor->createBrand()
#3 C:\xampp\htdocs\SR_Productions\BIT_Project\CodeIgniter4_Sources\system\CodeIgniter.php(419): CodeIgniter\CodeIgniter->runController(Object(App\Controllers\BackEndAssessor))
#4 C:\xampp\htdocs\SR_Productions\BIT_Project\CodeIgniter4_Sources\system\CodeIgniter.php(326): CodeIgniter\CodeIgniter->handleRequest(NULL, Object(Config\Cache), false)
#5 C:\xampp\htdocs\SR_Productions\BIT_Project\CodeIgniter4_Sources\public\index.php(37): CodeIgniter\CodeIgniter->run()
#6 {main}
CRITICAL - 2022-06-04 06:16:28 --> Undefined index: Name
#0 C:\xampp\htdocs\SR_Productions\BIT_Project\CodeIgniter4_Sources\app\Controllers\BackEndController.php(85): CodeIgniter\Debug\Exceptions->errorHandler(8, 'Undefined index...', 'C:\\xampp\\htdocs...', 85, Array)
#1 C:\xampp\htdocs\SR_Productions\BIT_Project\CodeIgniter4_Sources\app\Controllers\BackEndAssessor.php(99): App\Controllers\BackEndController->brandDataCreate(Array, NULL)
#2 C:\xampp\htdocs\SR_Productions\BIT_Project\CodeIgniter4_Sources\system\CodeIgniter.php(832): App\Controllers\BackEndAssessor->createBrand()
#3 C:\xampp\htdocs\SR_Productions\BIT_Project\CodeIgniter4_Sources\system\CodeIgniter.php(419): CodeIgniter\CodeIgniter->runController(Object(App\Controllers\BackEndAssessor))
#4 C:\xampp\htdocs\SR_Productions\BIT_Project\CodeIgniter4_Sources\system\CodeIgniter.php(326): CodeIgniter\CodeIgniter->handleRequest(NULL, Object(Config\Cache), false)
#5 C:\xampp\htdocs\SR_Productions\BIT_Project\CodeIgniter4_Sources\public\index.php(37): CodeIgniter\CodeIgniter->run()
#6 {main}
CRITICAL - 2022-06-04 06:19:48 --> Undefined offset: 0
#0 C:\xampp\htdocs\SR_Productions\BIT_Project\CodeIgniter4_Sources\app\Controllers\BackEndController.php(107): CodeIgniter\Debug\Exceptions->errorHandler(8, 'Undefined offse...', 'C:\\xampp\\htdocs...', 107, Array)
#1 C:\xampp\htdocs\SR_Productions\BIT_Project\CodeIgniter4_Sources\app\Controllers\BackEndController.php(85): App\Controllers\BackEndController->getBrandDatafromBrandName('DC Creations')
#2 C:\xampp\htdocs\SR_Productions\BIT_Project\CodeIgniter4_Sources\app\Controllers\BackEndAssessor.php(99): App\Controllers\BackEndController->brandDataCreate(Array, NULL)
#3 C:\xampp\htdocs\SR_Productions\BIT_Project\CodeIgniter4_Sources\system\CodeIgniter.php(832): App\Controllers\BackEndAssessor->createBrand()
#4 C:\xampp\htdocs\SR_Productions\BIT_Project\CodeIgniter4_Sources\system\CodeIgniter.php(419): CodeIgniter\CodeIgniter->runController(Object(App\Controllers\BackEndAssessor))
#5 C:\xampp\htdocs\SR_Productions\BIT_Project\CodeIgniter4_Sources\system\CodeIgniter.php(326): CodeIgniter\CodeIgniter->handleRequest(NULL, Object(Config\Cache), false)
#6 C:\xampp\htdocs\SR_Productions\BIT_Project\CodeIgniter4_Sources\public\index.php(37): CodeIgniter\CodeIgniter->run()
#7 {main}
CRITICAL - 2022-06-04 06:21:21 --> Undefined offset: 0
#0 C:\xampp\htdocs\SR_Productions\BIT_Project\CodeIgniter4_Sources\app\Controllers\BackEndController.php(107): CodeIgniter\Debug\Exceptions->errorHandler(8, 'Undefined offse...', 'C:\\xampp\\htdocs...', 107, Array)
#1 C:\xampp\htdocs\SR_Productions\BIT_Project\CodeIgniter4_Sources\app\Controllers\BackEndController.php(85): App\Controllers\BackEndController->getBrandDatafromBrandName('DC Creations')
#2 C:\xampp\htdocs\SR_Productions\BIT_Project\CodeIgniter4_Sources\app\Controllers\BackEndAssessor.php(99): App\Controllers\BackEndController->brandDataCreate(Array, NULL)
#3 C:\xampp\htdocs\SR_Productions\BIT_Project\CodeIgniter4_Sources\system\CodeIgniter.php(832): App\Controllers\BackEndAssessor->createBrand()
#4 C:\xampp\htdocs\SR_Productions\BIT_Project\CodeIgniter4_Sources\system\CodeIgniter.php(419): CodeIgniter\CodeIgniter->runController(Object(App\Controllers\BackEndAssessor))
#5 C:\xampp\htdocs\SR_Productions\BIT_Project\CodeIgniter4_Sources\system\CodeIgniter.php(326): CodeIgniter\CodeIgniter->handleRequest(NULL, Object(Config\Cache), false)
#6 C:\xampp\htdocs\SR_Productions\BIT_Project\CodeIgniter4_Sources\public\index.php(37): CodeIgniter\CodeIgniter->run()
#7 {main}
ERROR - 2022-06-04 06:32:13 --> You have an error in your SQL syntax; check the manual that corresponds to your MariaDB server version for the right syntax to use near '0) VALUES (:0:)' at line 1
CRITICAL - 2022-06-04 06:32:13 --> You have an error in your SQL syntax; check the manual that corresponds to your MariaDB server version for the right syntax to use near '0) VALUES (:0:)' at line 1
#0 C:\xampp\htdocs\SR_Productions\BIT_Project\CodeIgniter4_Sources\system\Database\MySQLi\Connection.php(292): mysqli->query('INSERT INTO `br...', 0)
#1 C:\xampp\htdocs\SR_Productions\BIT_Project\CodeIgniter4_Sources\system\Database\BaseConnection.php(670): CodeIgniter\Database\MySQLi\Connection->execute('INSERT INTO `br...')
#2 C:\xampp\htdocs\SR_Productions\BIT_Project\CodeIgniter4_Sources\system\Database\BaseConnection.php(598): CodeIgniter\Database\BaseConnection->simpleQuery('INSERT INTO `br...')
#3 C:\xampp\htdocs\SR_Productions\BIT_Project\CodeIgniter4_Sources\system\Database\BaseBuilder.php(1771): CodeIgniter\Database\BaseConnection->query('INSERT INTO `br...', Array, false)
#4 C:\xampp\htdocs\SR_Productions\BIT_Project\CodeIgniter4_Sources\app\Models\Brand.php(29): CodeIgniter\Database\BaseBuilder->insert(Array)
#5 C:\xampp\htdocs\SR_Productions\BIT_Project\CodeIgniter4_Sources\app\Controllers\BackEndController.php(119): App\Models\Brand->inserDatatoBrand(Array)
#6 C:\xampp\htdocs\SR_Productions\BIT_Project\CodeIgniter4_Sources\app\Controllers\BackEndController.php(93): App\Controllers\BackEndController->addBrandData(Array)
#7 C:\xampp\htdocs\SR_Productions\BIT_Project\CodeIgniter4_Sources\app\Controllers\BackEndAssessor.php(99): App\Controllers\BackEndController->brandDataCreate(Array, NULL)
#8 C:\xampp\htdocs\SR_Productions\BIT_Project\CodeIgniter4_Sources\system\CodeIgniter.php(832): App\Controllers\BackEndAssessor->createBrand()
#9 C:\xampp\htdocs\SR_Productions\BIT_Project\CodeIgniter4_Sources\system\CodeIgniter.php(419): CodeIgniter\CodeIgniter->runController(Object(App\Controllers\BackEndAssessor))
#10 C:\xampp\htdocs\SR_Productions\BIT_Project\CodeIgniter4_Sources\system\CodeIgniter.php(326): CodeIgniter\CodeIgniter->handleRequest(NULL, Object(Config\Cache), false)
#11 C:\xampp\htdocs\SR_Productions\BIT_Project\CodeIgniter4_Sources\public\index.php(37): CodeIgniter\CodeIgniter->run()
#12 {main}
ERROR - 2022-06-04 06:47:18 --> You have an error in your SQL syntax; check the manual that corresponds to your MariaDB server version for the right syntax to use near '0) VALUES (:0:)' at line 1
CRITICAL - 2022-06-04 06:47:18 --> You have an error in your SQL syntax; check the manual that corresponds to your MariaDB server version for the right syntax to use near '0) VALUES (:0:)' at line 1
#0 C:\xampp\htdocs\SR_Productions\BIT_Project\CodeIgniter4_Sources\system\Database\MySQLi\Connection.php(292): mysqli->query('INSERT INTO `br...', 0)
#1 C:\xampp\htdocs\SR_Productions\BIT_Project\CodeIgniter4_Sources\system\Database\BaseConnection.php(670): CodeIgniter\Database\MySQLi\Connection->execute('INSERT INTO `br...')
#2 C:\xampp\htdocs\SR_Productions\BIT_Project\CodeIgniter4_Sources\system\Database\BaseConnection.php(598): CodeIgniter\Database\BaseConnection->simpleQuery('INSERT INTO `br...')
#3 C:\xampp\htdocs\SR_Productions\BIT_Project\CodeIgniter4_Sources\system\Database\BaseBuilder.php(1771): CodeIgniter\Database\BaseConnection->query('INSERT INTO `br...', Array, false)
#4 C:\xampp\htdocs\SR_Productions\BIT_Project\CodeIgniter4_Sources\app\Models\Brand.php(29): CodeIgniter\Database\BaseBuilder->insert(Array)
#5 C:\xampp\htdocs\SR_Productions\BIT_Project\CodeIgniter4_Sources\app\Controllers\BackEndController.php(119): App\Models\Brand->inserDatatoBrand(Array)
#6 C:\xampp\htdocs\SR_Productions\BIT_Project\CodeIgniter4_Sources\app\Controllers\BackEndController.php(93): App\Controllers\BackEndController->addBrandData(Array)
#7 C:\xampp\htdocs\SR_Productions\BIT_Project\CodeIgniter4_Sources\app\Controllers\BackEndAssessor.php(99): App\Controllers\BackEndController->brandDataCreate(Array, NULL)
#8 C:\xampp\htdocs\SR_Productions\BIT_Project\CodeIgniter4_Sources\system\CodeIgniter.php(832): App\Controllers\BackEndAssessor->createBrand()
#9 C:\xampp\htdocs\SR_Productions\BIT_Project\CodeIgniter4_Sources\system\CodeIgniter.php(419): CodeIgniter\CodeIgniter->runController(Object(App\Controllers\BackEndAssessor))
#10 C:\xampp\htdocs\SR_Productions\BIT_Project\CodeIgniter4_Sources\system\CodeIgniter.php(326): CodeIgniter\CodeIgniter->handleRequest(NULL, Object(Config\Cache), false)
#11 C:\xampp\htdocs\SR_Productions\BIT_Project\CodeIgniter4_Sources\public\index.php(37): CodeIgniter\CodeIgniter->run()
#12 {main}
CRITICAL - 2022-06-04 06:47:43 --> Call to undefined method CodeIgniter\Database\MySQLi\Builder::save()
#0 C:\xampp\htdocs\SR_Productions\BIT_Project\CodeIgniter4_Sources\app\Controllers\BackEndController.php(119): App\Models\Brand->inserDatatoBrand(Array)
#1 C:\xampp\htdocs\SR_Productions\BIT_Project\CodeIgniter4_Sources\app\Controllers\BackEndController.php(93): App\Controllers\BackEndController->addBrandData(Array)
#2 C:\xampp\htdocs\SR_Productions\BIT_Project\CodeIgniter4_Sources\app\Controllers\BackEndAssessor.php(99): App\Controllers\BackEndController->brandDataCreate(Array, NULL)
#3 C:\xampp\htdocs\SR_Productions\BIT_Project\CodeIgniter4_Sources\system\CodeIgniter.php(832): App\Controllers\BackEndAssessor->createBrand()
#4 C:\xampp\htdocs\SR_Productions\BIT_Project\CodeIgniter4_Sources\system\CodeIgniter.php(419): CodeIgniter\CodeIgniter->runController(Object(App\Controllers\BackEndAssessor))
#5 C:\xampp\htdocs\SR_Productions\BIT_Project\CodeIgniter4_Sources\system\CodeIgniter.php(326): CodeIgniter\CodeIgniter->handleRequest(NULL, Object(Config\Cache), false)
#6 C:\xampp\htdocs\SR_Productions\BIT_Project\CodeIgniter4_Sources\public\index.php(37): CodeIgniter\CodeIgniter->run()
#7 {main}
CRITICAL - 2022-06-04 06:58:10 --> Call to undefined method CodeIgniter\Database\MySQLi\Builder::save()
#0 C:\xampp\htdocs\SR_Productions\BIT_Project\CodeIgniter4_Sources\app\Controllers\BackEndController.php(119): App\Models\Brand->inserDatatoBrand(Array)
#1 C:\xampp\htdocs\SR_Productions\BIT_Project\CodeIgniter4_Sources\app\Controllers\BackEndController.php(93): App\Controllers\BackEndController->addBrandData(Array)
#2 C:\xampp\htdocs\SR_Productions\BIT_Project\CodeIgniter4_Sources\app\Controllers\BackEndAssessor.php(99): App\Controllers\BackEndController->brandDataCreate(Array, NULL)
#3 C:\xampp\htdocs\SR_Productions\BIT_Project\CodeIgniter4_Sources\system\CodeIgniter.php(832): App\Controllers\BackEndAssessor->createBrand()
#4 C:\xampp\htdocs\SR_Productions\BIT_Project\CodeIgniter4_Sources\system\CodeIgniter.php(419): CodeIgniter\CodeIgniter->runController(Object(App\Controllers\BackEndAssessor))
#5 C:\xampp\htdocs\SR_Productions\BIT_Project\CodeIgniter4_Sources\system\CodeIgniter.php(326): CodeIgniter\CodeIgniter->handleRequest(NULL, Object(Config\Cache), false)
#6 C:\xampp\htdocs\SR_Productions\BIT_Project\CodeIgniter4_Sources\public\index.php(37): CodeIgniter\CodeIgniter->run()
#7 {main}
ERROR - 2022-06-04 06:58:34 --> You have an error in your SQL syntax; check the manual that corresponds to your MariaDB server version for the right syntax to use near '0) VALUES (:0:)' at line 1
CRITICAL - 2022-06-04 06:58:34 --> You have an error in your SQL syntax; check the manual that corresponds to your MariaDB server version for the right syntax to use near '0) VALUES (:0:)' at line 1
#0 C:\xampp\htdocs\SR_Productions\BIT_Project\CodeIgniter4_Sources\system\Database\MySQLi\Connection.php(292): mysqli->query('INSERT INTO `br...', 0)
#1 C:\xampp\htdocs\SR_Productions\BIT_Project\CodeIgniter4_Sources\system\Database\BaseConnection.php(670): CodeIgniter\Database\MySQLi\Connection->execute('INSERT INTO `br...')
#2 C:\xampp\htdocs\SR_Productions\BIT_Project\CodeIgniter4_Sources\system\Database\BaseConnection.php(598): CodeIgniter\Database\BaseConnection->simpleQuery('INSERT INTO `br...')
#3 C:\xampp\htdocs\SR_Productions\BIT_Project\CodeIgniter4_Sources\system\Database\BaseBuilder.php(1771): CodeIgniter\Database\BaseConnection->query('INSERT INTO `br...', Array, false)
#4 C:\xampp\htdocs\SR_Productions\BIT_Project\CodeIgniter4_Sources\app\Models\Brand.php(29): CodeIgniter\Database\BaseBuilder->insert(Array)
#5 C:\xampp\htdocs\SR_Productions\BIT_Project\CodeIgniter4_Sources\app\Controllers\BackEndController.php(119): App\Models\Brand->inserDatatoBrand(Array)
#6 C:\xampp\htdocs\SR_Productions\BIT_Project\CodeIgniter4_Sources\app\Controllers\BackEndController.php(93): App\Controllers\BackEndController->addBrandData(Array)
#7 C:\xampp\htdocs\SR_Productions\BIT_Project\CodeIgniter4_Sources\app\Controllers\BackEndAssessor.php(99): App\Controllers\BackEndController->brandDataCreate(Array, NULL)
#8 C:\xampp\htdocs\SR_Productions\BIT_Project\CodeIgniter4_Sources\system\CodeIgniter.php(832): App\Controllers\BackEndAssessor->createBrand()
#9 C:\xampp\htdocs\SR_Productions\BIT_Project\CodeIgniter4_Sources\system\CodeIgniter.php(419): CodeIgniter\CodeIgniter->runController(Object(App\Controllers\BackEndAssessor))
#10 C:\xampp\htdocs\SR_Productions\BIT_Project\CodeIgniter4_Sources\system\CodeIgniter.php(326): CodeIgniter\CodeIgniter->handleRequest(NULL, Object(Config\Cache), false)
#11 C:\xampp\htdocs\SR_Productions\BIT_Project\CodeIgniter4_Sources\public\index.php(37): CodeIgniter\CodeIgniter->run()
#12 {main}
CRITICAL - 2022-06-04 09:09:33 --> Undefined index: CorpID
#0 C:\xampp\htdocs\SR_Productions\BIT_Project\CodeIgniter4_Sources\app\Controllers\BackEndAssessor.php(94): CodeIgniter\Debug\Exceptions->errorHandler(8, 'Undefined index...', 'C:\\xampp\\htdocs...', 94, Array)
#1 C:\xampp\htdocs\SR_Productions\BIT_Project\CodeIgniter4_Sources\system\CodeIgniter.php(832): App\Controllers\BackEndAssessor->createBrand()
#2 C:\xampp\htdocs\SR_Productions\BIT_Project\CodeIgniter4_Sources\system\CodeIgniter.php(419): CodeIgniter\CodeIgniter->runController(Object(App\Controllers\BackEndAssessor))
#3 C:\xampp\htdocs\SR_Productions\BIT_Project\CodeIgniter4_Sources\system\CodeIgniter.php(326): CodeIgniter\CodeIgniter->handleRequest(NULL, Object(Config\Cache), false)
#4 C:\xampp\htdocs\SR_Productions\BIT_Project\CodeIgniter4_Sources\public\index.php(37): CodeIgniter\CodeIgniter->run()
#5 {main}
ERROR - 2022-06-04 09:11:58 --> Unknown column 'Brand' in 'field list'
CRITICAL - 2022-06-04 09:11:58 --> Unknown column 'Brand' in 'field list'
#0 C:\xampp\htdocs\SR_Productions\BIT_Project\CodeIgniter4_Sources\system\Database\MySQLi\Connection.php(292): mysqli->query('INSERT INTO `br...', 0)
#1 C:\xampp\htdocs\SR_Productions\BIT_Project\CodeIgniter4_Sources\system\Database\BaseConnection.php(670): CodeIgniter\Database\MySQLi\Connection->execute('INSERT INTO `br...')
#2 C:\xampp\htdocs\SR_Productions\BIT_Project\CodeIgniter4_Sources\system\Database\BaseConnection.php(598): CodeIgniter\Database\BaseConnection->simpleQuery('INSERT INTO `br...')
#3 C:\xampp\htdocs\SR_Productions\BIT_Project\CodeIgniter4_Sources\system\Database\BaseBuilder.php(1771): CodeIgniter\Database\BaseConnection->query('INSERT INTO `br...', Array, false)
#4 C:\xampp\htdocs\SR_Productions\BIT_Project\CodeIgniter4_Sources\app\Models\Brand.php(29): CodeIgniter\Database\BaseBuilder->insert(Array)
#5 C:\xampp\htdocs\SR_Productions\BIT_Project\CodeIgniter4_Sources\app\Controllers\BackEndController.php(119): App\Models\Brand->inserDatatoBrand(Array)
#6 C:\xampp\htdocs\SR_Productions\BIT_Project\CodeIgniter4_Sources\app\Controllers\BackEndController.php(93): App\Controllers\BackEndController->addBrandData(Array)
#7 C:\xampp\htdocs\SR_Productions\BIT_Project\CodeIgniter4_Sources\app\Controllers\BackEndAssessor.php(99): App\Controllers\BackEndController->brandDataCreate(Array, NULL)
#8 C:\xampp\htdocs\SR_Productions\BIT_Project\CodeIgniter4_Sources\system\CodeIgniter.php(832): App\Controllers\BackEndAssessor->createBrand()
#9 C:\xampp\htdocs\SR_Productions\BIT_Project\CodeIgniter4_Sources\system\CodeIgniter.php(419): CodeIgniter\CodeIgniter->runController(Object(App\Controllers\BackEndAssessor))
#10 C:\xampp\htdocs\SR_Productions\BIT_Project\CodeIgniter4_Sources\system\CodeIgniter.php(326): CodeIgniter\CodeIgniter->handleRequest(NULL, Object(Config\Cache), false)
#11 C:\xampp\htdocs\SR_Productions\BIT_Project\CodeIgniter4_Sources\public\index.php(37): CodeIgniter\CodeIgniter->run()
#12 {main}
CRITICAL - 2022-06-04 09:20:38 --> Call to a member function get() on bool
#0 C:\xampp\htdocs\SR_Productions\BIT_Project\CodeIgniter4_Sources\app\Controllers\BackEndController.php(119): App\Models\Brand->inserDatatoBrand(Array)
#1 C:\xampp\htdocs\SR_Productions\BIT_Project\CodeIgniter4_Sources\app\Controllers\BackEndController.php(93): App\Controllers\BackEndController->addBrandData(Array)
#2 C:\xampp\htdocs\SR_Productions\BIT_Project\CodeIgniter4_Sources\app\Controllers\BackEndAssessor.php(99): App\Controllers\BackEndController->brandDataCreate(Array, NULL)
#3 C:\xampp\htdocs\SR_Productions\BIT_Project\CodeIgniter4_Sources\system\CodeIgniter.php(832): App\Controllers\BackEndAssessor->createBrand()
#4 C:\xampp\htdocs\SR_Productions\BIT_Project\CodeIgniter4_Sources\system\CodeIgniter.php(419): CodeIgniter\CodeIgniter->runController(Object(App\Controllers\BackEndAssessor))
#5 C:\xampp\htdocs\SR_Productions\BIT_Project\CodeIgniter4_Sources\system\CodeIgniter.php(326): CodeIgniter\CodeIgniter->handleRequest(NULL, Object(Config\Cache), false)
#6 C:\xampp\htdocs\SR_Productions\BIT_Project\CodeIgniter4_Sources\public\index.php(37): CodeIgniter\CodeIgniter->run()
#7 {main}
CRITICAL - 2022-06-04 09:30:31 --> Call to a member function getInsertID() on bool
#0 C:\xampp\htdocs\SR_Productions\BIT_Project\CodeIgniter4_Sources\app\Controllers\BackEndController.php(119): App\Models\Brand->inserDatatoBrand(Array)
#1 C:\xampp\htdocs\SR_Productions\BIT_Project\CodeIgniter4_Sources\app\Controllers\BackEndController.php(93): App\Controllers\BackEndController->addBrandData(Array)
#2 C:\xampp\htdocs\SR_Productions\BIT_Project\CodeIgniter4_Sources\app\Controllers\BackEndAssessor.php(99): App\Controllers\BackEndController->brandDataCreate(Array, NULL)
#3 C:\xampp\htdocs\SR_Productions\BIT_Project\CodeIgniter4_Sources\system\CodeIgniter.php(832): App\Controllers\BackEndAssessor->createBrand()
#4 C:\xampp\htdocs\SR_Productions\BIT_Project\CodeIgniter4_Sources\system\CodeIgniter.php(419): CodeIgniter\CodeIgniter->runController(Object(App\Controllers\BackEndAssessor))
#5 C:\xampp\htdocs\SR_Productions\BIT_Project\CodeIgniter4_Sources\system\CodeIgniter.php(326): CodeIgniter\CodeIgniter->handleRequest(NULL, Object(Config\Cache), false)
#6 C:\xampp\htdocs\SR_Productions\BIT_Project\CodeIgniter4_Sources\public\index.php(37): CodeIgniter\CodeIgniter->run()
#7 {main}
CRITICAL - 2022-06-04 09:38:09 --> Call to undefined method CodeIgniter\Database\MySQLi\Builder::getInsertID()
#0 C:\xampp\htdocs\SR_Productions\BIT_Project\CodeIgniter4_Sources\app\Controllers\BackEndController.php(121): App\Models\Brand->inserDatatoBrand(Array)
#1 C:\xampp\htdocs\SR_Productions\BIT_Project\CodeIgniter4_Sources\app\Controllers\BackEndController.php(93): App\Controllers\BackEndController->addBrandData(Array)
#2 C:\xampp\htdocs\SR_Productions\BIT_Project\CodeIgniter4_Sources\app\Controllers\BackEndAssessor.php(99): App\Controllers\BackEndController->brandDataCreate(Array, NULL)
#3 C:\xampp\htdocs\SR_Productions\BIT_Project\CodeIgniter4_Sources\system\CodeIgniter.php(832): App\Controllers\BackEndAssessor->createBrand()
#4 C:\xampp\htdocs\SR_Productions\BIT_Project\CodeIgniter4_Sources\system\CodeIgniter.php(419): CodeIgniter\CodeIgniter->runController(Object(App\Controllers\BackEndAssessor))
#5 C:\xampp\htdocs\SR_Productions\BIT_Project\CodeIgniter4_Sources\system\CodeIgniter.php(326): CodeIgniter\CodeIgniter->handleRequest(NULL, Object(Config\Cache), false)
#6 C:\xampp\htdocs\SR_Productions\BIT_Project\CodeIgniter4_Sources\public\index.php(37): CodeIgniter\CodeIgniter->run()
#7 {main}
CRITICAL - 2022-06-04 09:46:49 --> Call to undefined method CodeIgniter\Database\MySQLi\Connection::getInsertID()
#0 C:\xampp\htdocs\SR_Productions\BIT_Project\CodeIgniter4_Sources\app\Controllers\BackEndController.php(121): App\Models\Brand->inserDatatoBrand(Array)
#1 C:\xampp\htdocs\SR_Productions\BIT_Project\CodeIgniter4_Sources\app\Controllers\BackEndController.php(93): App\Controllers\BackEndController->addBrandData(Array)
#2 C:\xampp\htdocs\SR_Productions\BIT_Project\CodeIgniter4_Sources\app\Controllers\BackEndAssessor.php(99): App\Controllers\BackEndController->brandDataCreate(Array, NULL)
#3 C:\xampp\htdocs\SR_Productions\BIT_Project\CodeIgniter4_Sources\system\CodeIgniter.php(832): App\Controllers\BackEndAssessor->createBrand()
#4 C:\xampp\htdocs\SR_Productions\BIT_Project\CodeIgniter4_Sources\system\CodeIgniter.php(419): CodeIgniter\CodeIgniter->runController(Object(App\Controllers\BackEndAssessor))
#5 C:\xampp\htdocs\SR_Productions\BIT_Project\CodeIgniter4_Sources\system\CodeIgniter.php(326): CodeIgniter\CodeIgniter->handleRequest(NULL, Object(Config\Cache), false)
#6 C:\xampp\htdocs\SR_Productions\BIT_Project\CodeIgniter4_Sources\public\index.php(37): CodeIgniter\CodeIgniter->run()
#7 {main}
CRITICAL - 2022-06-04 09:50:21 --> Undefined variable: db
#0 C:\xampp\htdocs\SR_Productions\BIT_Project\CodeIgniter4_Sources\app\Models\Brand.php(30): CodeIgniter\Debug\Exceptions->errorHandler(8, 'Undefined varia...', 'C:\\xampp\\htdocs...', 30, Array)
#1 C:\xampp\htdocs\SR_Productions\BIT_Project\CodeIgniter4_Sources\app\Controllers\BackEndController.php(121): App\Models\Brand->inserDatatoBrand(Array)
#2 C:\xampp\htdocs\SR_Productions\BIT_Project\CodeIgniter4_Sources\app\Controllers\BackEndController.php(93): App\Controllers\BackEndController->addBrandData(Array)
#3 C:\xampp\htdocs\SR_Productions\BIT_Project\CodeIgniter4_Sources\app\Controllers\BackEndAssessor.php(99): App\Controllers\BackEndController->brandDataCreate(Array, NULL)
#4 C:\xampp\htdocs\SR_Productions\BIT_Project\CodeIgniter4_Sources\system\CodeIgniter.php(832): App\Controllers\BackEndAssessor->createBrand()
#5 C:\xampp\htdocs\SR_Productions\BIT_Project\CodeIgniter4_Sources\system\CodeIgniter.php(419): CodeIgniter\CodeIgniter->runController(Object(App\Controllers\BackEndAssessor))
#6 C:\xampp\htdocs\SR_Productions\BIT_Project\CodeIgniter4_Sources\system\CodeIgniter.php(326): CodeIgniter\CodeIgniter->handleRequest(NULL, Object(Config\Cache), false)
#7 C:\xampp\htdocs\SR_Productions\BIT_Project\CodeIgniter4_Sources\public\index.php(37): CodeIgniter\CodeIgniter->run()
#8 {main}
CRITICAL - 2022-06-04 09:50:52 --> Undefined variable: db
#0 C:\xampp\htdocs\SR_Productions\BIT_Project\CodeIgniter4_Sources\app\Models\Brand.php(30): CodeIgniter\Debug\Exceptions->errorHandler(8, 'Undefined varia...', 'C:\\xampp\\htdocs...', 30, Array)
#1 C:\xampp\htdocs\SR_Productions\BIT_Project\CodeIgniter4_Sources\app\Controllers\BackEndController.php(121): App\Models\Brand->inserDatatoBrand(Array)
#2 C:\xampp\htdocs\SR_Productions\BIT_Project\CodeIgniter4_Sources\app\Controllers\BackEndController.php(93): App\Controllers\BackEndController->addBrandData(Array)
#3 C:\xampp\htdocs\SR_Productions\BIT_Project\CodeIgniter4_Sources\app\Controllers\BackEndAssessor.php(99): App\Controllers\BackEndController->brandDataCreate(Array, NULL)
#4 C:\xampp\htdocs\SR_Productions\BIT_Project\CodeIgniter4_Sources\system\CodeIgniter.php(832): App\Controllers\BackEndAssessor->createBrand()
#5 C:\xampp\htdocs\SR_Productions\BIT_Project\CodeIgniter4_Sources\system\CodeIgniter.php(419): CodeIgniter\CodeIgniter->runController(Object(App\Controllers\BackEndAssessor))
#6 C:\xampp\htdocs\SR_Productions\BIT_Project\CodeIgniter4_Sources\system\CodeIgniter.php(326): CodeIgniter\CodeIgniter->handleRequest(NULL, Object(Config\Cache), false)
#7 C:\xampp\htdocs\SR_Productions\BIT_Project\CodeIgniter4_Sources\public\index.php(37): CodeIgniter\CodeIgniter->run()
#8 {main}
CRITICAL - 2022-06-04 10:06:15 --> Undefined index: Name
#0 C:\xampp\htdocs\SR_Productions\BIT_Project\CodeIgniter4_Sources\app\Controllers\BackEndController.php(97): CodeIgniter\Debug\Exceptions->errorHandler(8, 'Undefined index...', 'C:\\xampp\\htdocs...', 97, Array)
#1 C:\xampp\htdocs\SR_Productions\BIT_Project\CodeIgniter4_Sources\app\Controllers\BackEndAssessor.php(105): App\Controllers\BackEndController->brandDataCreate(Array, NULL)
#2 C:\xampp\htdocs\SR_Productions\BIT_Project\CodeIgniter4_Sources\system\CodeIgniter.php(832): App\Controllers\BackEndAssessor->createBrand()
#3 C:\xampp\htdocs\SR_Productions\BIT_Project\CodeIgniter4_Sources\system\CodeIgniter.php(419): CodeIgniter\CodeIgniter->runController(Object(App\Controllers\BackEndAssessor))
#4 C:\xampp\htdocs\SR_Productions\BIT_Project\CodeIgniter4_Sources\system\CodeIgniter.php(326): CodeIgniter\CodeIgniter->handleRequest(NULL, Object(Config\Cache), false)
#5 C:\xampp\htdocs\SR_Productions\BIT_Project\CodeIgniter4_Sources\public\index.php(37): CodeIgniter\CodeIgniter->run()
#6 {main}
CRITICAL - 2022-06-04 10:10:07 --> Cannot use isset() on the result of an expression (you can use "null !== expression" instead)
#0 [internal function]: CodeIgniter\Debug\Exceptions->shutdownHandler()
#1 {main}
CRITICAL - 2022-06-04 10:16:04 --> Undefined index: Name
#0 C:\xampp\htdocs\SR_Productions\BIT_Project\CodeIgniter4_Sources\app\Controllers\BackEndController.php(97): CodeIgniter\Debug\Exceptions->errorHandler(8, 'Undefined index...', 'C:\\xampp\\htdocs...', 97, Array)
#1 C:\xampp\htdocs\SR_Productions\BIT_Project\CodeIgniter4_Sources\app\Controllers\BackEndAssessor.php(109): App\Controllers\BackEndController->brandDataCreate(Array, false)
#2 C:\xampp\htdocs\SR_Productions\BIT_Project\CodeIgniter4_Sources\system\CodeIgniter.php(832): App\Controllers\BackEndAssessor->createBrand()
#3 C:\xampp\htdocs\SR_Productions\BIT_Project\CodeIgniter4_Sources\system\CodeIgniter.php(419): CodeIgniter\CodeIgniter->runController(Object(App\Controllers\BackEndAssessor))
#4 C:\xampp\htdocs\SR_Productions\BIT_Project\CodeIgniter4_Sources\system\CodeIgniter.php(326): CodeIgniter\CodeIgniter->handleRequest(NULL, Object(Config\Cache), false)
#5 C:\xampp\htdocs\SR_Productions\BIT_Project\CodeIgniter4_Sources\public\index.php(37): CodeIgniter\CodeIgniter->run()
#6 {main}
CRITICAL - 2022-06-04 10:17:16 --> Undefined index: OwnerID
#0 C:\xampp\htdocs\SR_Productions\BIT_Project\CodeIgniter4_Sources\app\Controllers\BackEndController.php(97): CodeIgniter\Debug\Exceptions->errorHandler(8, 'Undefined index...', 'C:\\xampp\\htdocs...', 97, Array)
#1 C:\xampp\htdocs\SR_Productions\BIT_Project\CodeIgniter4_Sources\app\Controllers\BackEndAssessor.php(109): App\Controllers\BackEndController->brandDataCreate(Array, false)
#2 C:\xampp\htdocs\SR_Productions\BIT_Project\CodeIgniter4_Sources\system\CodeIgniter.php(832): App\Controllers\BackEndAssessor->createBrand()
#3 C:\xampp\htdocs\SR_Productions\BIT_Project\CodeIgniter4_Sources\system\CodeIgniter.php(419): CodeIgniter\CodeIgniter->runController(Object(App\Controllers\BackEndAssessor))
#4 C:\xampp\htdocs\SR_Productions\BIT_Project\CodeIgniter4_Sources\system\CodeIgniter.php(326): CodeIgniter\CodeIgniter->handleRequest(NULL, Object(Config\Cache), false)
#5 C:\xampp\htdocs\SR_Productions\BIT_Project\CodeIgniter4_Sources\public\index.php(37): CodeIgniter\CodeIgniter->run()
#6 {main}
CRITICAL - 2022-06-04 11:09:14 --> Undefined variable: data
#0 C:\xampp\htdocs\SR_Productions\BIT_Project\CodeIgniter4_Sources\app\Controllers\BackEndController.php(108): CodeIgniter\Debug\Exceptions->errorHandler(8, 'Undefined varia...', 'C:\\xampp\\htdocs...', 108, Array)
#1 C:\xampp\htdocs\SR_Productions\BIT_Project\CodeIgniter4_Sources\app\Controllers\BackEndAssessor.php(109): App\Controllers\BackEndController->brandDataCreate(Array, true)
#2 C:\xampp\htdocs\SR_Productions\BIT_Project\CodeIgniter4_Sources\system\CodeIgniter.php(832): App\Controllers\BackEndAssessor->createBrand()
#3 C:\xampp\htdocs\SR_Productions\BIT_Project\CodeIgniter4_Sources\system\CodeIgniter.php(419): CodeIgniter\CodeIgniter->runController(Object(App\Controllers\BackEndAssessor))
#4 C:\xampp\htdocs\SR_Productions\BIT_Project\CodeIgniter4_Sources\system\CodeIgniter.php(326): CodeIgniter\CodeIgniter->handleRequest(NULL, Object(Config\Cache), false)
#5 C:\xampp\htdocs\SR_Productions\BIT_Project\CodeIgniter4_Sources\public\index.php(37): CodeIgniter\CodeIgniter->run()
#6 {main}
CRITICAL - 2022-06-04 11:09:32 --> Undefined variable: corparationID
#0 C:\xampp\htdocs\SR_Productions\BIT_Project\CodeIgniter4_Sources\app\Controllers\AccessController.php(65): CodeIgniter\Debug\Exceptions->errorHandler(8, 'Undefined varia...', 'C:\\xampp\\htdocs...', 65, Array)
#1 C:\xampp\htdocs\SR_Productions\BIT_Project\CodeIgniter4_Sources\app\Controllers\BackEndController.php(89): App\Controllers\AccessController->companyNameValidation('4')
#2 C:\xampp\htdocs\SR_Productions\BIT_Project\CodeIgniter4_Sources\app\Controllers\BackEndAssessor.php(109): App\Controllers\BackEndController->brandDataCreate(Array, true)
#3 C:\xampp\htdocs\SR_Productions\BIT_Project\CodeIgniter4_Sources\system\CodeIgniter.php(832): App\Controllers\BackEndAssessor->createBrand()
#4 C:\xampp\htdocs\SR_Productions\BIT_Project\CodeIgniter4_Sources\system\CodeIgniter.php(419): CodeIgniter\CodeIgniter->runController(Object(App\Controllers\BackEndAssessor))
#5 C:\xampp\htdocs\SR_Productions\BIT_Project\CodeIgniter4_Sources\system\CodeIgniter.php(326): CodeIgniter\CodeIgniter->handleRequest(NULL, Object(Config\Cache), false)
#6 C:\xampp\htdocs\SR_Productions\BIT_Project\CodeIgniter4_Sources\public\index.php(37): CodeIgniter\CodeIgniter->run()
#7 {main}
CRITICAL - 2022-06-04 17:34:57 --> Undefined index: CorpID
#0 C:\xampp\htdocs\SR_Productions\BIT_Project\CodeIgniter4_Sources\app\Controllers\BackEndAssessor.php(96): CodeIgniter\Debug\Exceptions->errorHandler(8, 'Undefined index...', 'C:\\xampp\\htdocs...', 96, Array)
#1 C:\xampp\htdocs\SR_Productions\BIT_Project\CodeIgniter4_Sources\system\CodeIgniter.php(832): App\Controllers\BackEndAssessor->createBrand()
#2 C:\xampp\htdocs\SR_Productions\BIT_Project\CodeIgniter4_Sources\system\CodeIgniter.php(419): CodeIgniter\CodeIgniter->runController(Object(App\Controllers\BackEndAssessor))
#3 C:\xampp\htdocs\SR_Productions\BIT_Project\CodeIgniter4_Sources\system\CodeIgniter.php(326): CodeIgniter\CodeIgniter->handleRequest(NULL, Object(Config\Cache), false)
#4 C:\xampp\htdocs\SR_Productions\BIT_Project\CodeIgniter4_Sources\public\index.php(37): CodeIgniter\CodeIgniter->run()
#5 {main}
CRITICAL - 2022-06-04 17:43:40 --> Undefined index: success
#0 C:\xampp\htdocs\SR_Productions\BIT_Project\CodeIgniter4_Sources\app\Controllers\BackEndController.php(119): CodeIgniter\Debug\Exceptions->errorHandler(8, 'Undefined index...', 'C:\\xampp\\htdocs...', 119, Array)
#1 C:\xampp\htdocs\SR_Productions\BIT_Project\CodeIgniter4_Sources\app\Controllers\BackEndAssessor.php(109): App\Controllers\BackEndController->brandDataCreate(Array, false)
#2 C:\xampp\htdocs\SR_Productions\BIT_Project\CodeIgniter4_Sources\system\CodeIgniter.php(832): App\Controllers\BackEndAssessor->createBrand()
#3 C:\xampp\htdocs\SR_Productions\BIT_Project\CodeIgniter4_Sources\system\CodeIgniter.php(419): CodeIgniter\CodeIgniter->runController(Object(App\Controllers\BackEndAssessor))
#4 C:\xampp\htdocs\SR_Productions\BIT_Project\CodeIgniter4_Sources\system\CodeIgniter.php(326): CodeIgniter\CodeIgniter->handleRequest(NULL, Object(Config\Cache), false)
#5 C:\xampp\htdocs\SR_Productions\BIT_Project\CodeIgniter4_Sources\public\index.php(37): CodeIgniter\CodeIgniter->run()
#6 {main}
