CRITICAL - 2022-06-03 01:51:55 --> Undefined variable: query
#0 C:\xampp\htdocs\SR_Productions\BIT_Project\CodeIgniter4_Sources\app\Models\Brand_Access.php(38): CodeIgniter\Debug\Exceptions->errorHandler(8, 'Undefined varia...', 'C:\\xampp\\htdocs...', 38, Array)
#1 C:\xampp\htdocs\SR_Productions\BIT_Project\CodeIgniter4_Sources\app\Controllers\BackEndController.php(43): App\Models\Brand_Access->updateStatusofBrand_AccessbyID('3')
#2 C:\xampp\htdocs\SR_Productions\BIT_Project\CodeIgniter4_Sources\app\Controllers\BackEndAssessor.php(95): App\Controllers\BackEndController->brand_accessChangedbyStatus('3')
#3 C:\xampp\htdocs\SR_Productions\BIT_Project\CodeIgniter4_Sources\system\CodeIgniter.php(832): App\Controllers\BackEndAssessor->expireBrand('3')
#4 C:\xampp\htdocs\SR_Productions\BIT_Project\CodeIgniter4_Sources\system\CodeIgniter.php(419): CodeIgniter\CodeIgniter->runController(Object(App\Controllers\BackEndAssessor))
#5 C:\xampp\htdocs\SR_Productions\BIT_Project\CodeIgniter4_Sources\system\CodeIgniter.php(326): CodeIgniter\CodeIgniter->handleRequest(NULL, Object(Config\Cache), false)
#6 C:\xampp\htdocs\SR_Productions\BIT_Project\CodeIgniter4_Sources\public\index.php(37): CodeIgniter\CodeIgniter->run()
#7 {main}
CRITICAL - 2022-06-03 01:54:35 --> Call to a member function getResult() on bool
#0 C:\xampp\htdocs\SR_Productions\BIT_Project\CodeIgniter4_Sources\app\Controllers\BackEndController.php(43): App\Models\Brand_Access->updateStatusofBrand_AccessbyID('3')
#1 C:\xampp\htdocs\SR_Productions\BIT_Project\CodeIgniter4_Sources\app\Controllers\BackEndAssessor.php(95): App\Controllers\BackEndController->brand_accessChangedbyStatus('3')
#2 C:\xampp\htdocs\SR_Productions\BIT_Project\CodeIgniter4_Sources\system\CodeIgniter.php(832): App\Controllers\BackEndAssessor->expireBrand('3')
#3 C:\xampp\htdocs\SR_Productions\BIT_Project\CodeIgniter4_Sources\system\CodeIgniter.php(419): CodeIgniter\CodeIgniter->runController(Object(App\Controllers\BackEndAssessor))
#4 C:\xampp\htdocs\SR_Productions\BIT_Project\CodeIgniter4_Sources\system\CodeIgniter.php(326): CodeIgniter\CodeIgniter->handleRequest(NULL, Object(Config\Cache), false)
#5 C:\xampp\htdocs\SR_Productions\BIT_Project\CodeIgniter4_Sources\public\index.php(37): CodeIgniter\CodeIgniter->run()
#6 {main}
CRITICAL - 2022-06-03 02:00:50 --> Call to a member function resetWrite() on bool
#0 C:\xampp\htdocs\SR_Productions\BIT_Project\CodeIgniter4_Sources\app\Controllers\BackEndController.php(43): App\Models\Brand_Access->updateStatusofBrand_AccessbyID('4')
#1 C:\xampp\htdocs\SR_Productions\BIT_Project\CodeIgniter4_Sources\app\Controllers\BackEndAssessor.php(95): App\Controllers\BackEndController->brand_accessChangedbyStatus('4')
#2 C:\xampp\htdocs\SR_Productions\BIT_Project\CodeIgniter4_Sources\system\CodeIgniter.php(832): App\Controllers\BackEndAssessor->expireBrand('4')
#3 C:\xampp\htdocs\SR_Productions\BIT_Project\CodeIgniter4_Sources\system\CodeIgniter.php(419): CodeIgniter\CodeIgniter->runController(Object(App\Controllers\BackEndAssessor))
#4 C:\xampp\htdocs\SR_Productions\BIT_Project\CodeIgniter4_Sources\system\CodeIgniter.php(326): CodeIgniter\CodeIgniter->handleRequest(NULL, Object(Config\Cache), false)
#5 C:\xampp\htdocs\SR_Productions\BIT_Project\CodeIgniter4_Sources\public\index.php(37): CodeIgniter\CodeIgniter->run()
#6 {main}
CRITICAL - 2022-06-03 02:01:14 --> Call to a member function testMode() on bool
#0 C:\xampp\htdocs\SR_Productions\BIT_Project\CodeIgniter4_Sources\app\Controllers\BackEndController.php(43): App\Models\Brand_Access->updateStatusofBrand_AccessbyID('4')
#1 C:\xampp\htdocs\SR_Productions\BIT_Project\CodeIgniter4_Sources\app\Controllers\BackEndAssessor.php(95): App\Controllers\BackEndController->brand_accessChangedbyStatus('4')
#2 C:\xampp\htdocs\SR_Productions\BIT_Project\CodeIgniter4_Sources\system\CodeIgniter.php(832): App\Controllers\BackEndAssessor->expireBrand('4')
#3 C:\xampp\htdocs\SR_Productions\BIT_Project\CodeIgniter4_Sources\system\CodeIgniter.php(419): CodeIgniter\CodeIgniter->runController(Object(App\Controllers\BackEndAssessor))
#4 C:\xampp\htdocs\SR_Productions\BIT_Project\CodeIgniter4_Sources\system\CodeIgniter.php(326): CodeIgniter\CodeIgniter->handleRequest(NULL, Object(Config\Cache), false)
#5 C:\xampp\htdocs\SR_Productions\BIT_Project\CodeIgniter4_Sources\public\index.php(37): CodeIgniter\CodeIgniter->run()
#6 {main}
CRITICAL - 2022-06-03 02:01:15 --> Call to a member function testMode() on bool
#0 C:\xampp\htdocs\SR_Productions\BIT_Project\CodeIgniter4_Sources\app\Controllers\BackEndController.php(43): App\Models\Brand_Access->updateStatusofBrand_AccessbyID('4')
#1 C:\xampp\htdocs\SR_Productions\BIT_Project\CodeIgniter4_Sources\app\Controllers\BackEndAssessor.php(95): App\Controllers\BackEndController->brand_accessChangedbyStatus('4')
#2 C:\xampp\htdocs\SR_Productions\BIT_Project\CodeIgniter4_Sources\system\CodeIgniter.php(832): App\Controllers\BackEndAssessor->expireBrand('4')
#3 C:\xampp\htdocs\SR_Productions\BIT_Project\CodeIgniter4_Sources\system\CodeIgniter.php(419): CodeIgniter\CodeIgniter->runController(Object(App\Controllers\BackEndAssessor))
#4 C:\xampp\htdocs\SR_Productions\BIT_Project\CodeIgniter4_Sources\system\CodeIgniter.php(326): CodeIgniter\CodeIgniter->handleRequest(NULL, Object(Config\Cache), false)
#5 C:\xampp\htdocs\SR_Productions\BIT_Project\CodeIgniter4_Sources\public\index.php(37): CodeIgniter\CodeIgniter->run()
#6 {main}
CRITICAL - 2022-06-03 02:08:57 --> Call to protected method CodeIgniter\Database\BaseBuilder::_update() from context 'CodeIgniter\Model'
#0 C:\xampp\htdocs\SR_Productions\BIT_Project\CodeIgniter4_Sources\app\Models\Brand_Access.php(34): CodeIgniter\Model->__call('_update', Array)
#1 C:\xampp\htdocs\SR_Productions\BIT_Project\CodeIgniter4_Sources\app\Controllers\BackEndController.php(43): App\Models\Brand_Access->updateStatusofBrand_AccessbyID('4')
#2 C:\xampp\htdocs\SR_Productions\BIT_Project\CodeIgniter4_Sources\app\Controllers\BackEndAssessor.php(95): App\Controllers\BackEndController->brand_accessChangedbyStatus('4')
#3 C:\xampp\htdocs\SR_Productions\BIT_Project\CodeIgniter4_Sources\system\CodeIgniter.php(832): App\Controllers\BackEndAssessor->expireBrand('4')
#4 C:\xampp\htdocs\SR_Productions\BIT_Project\CodeIgniter4_Sources\system\CodeIgniter.php(419): CodeIgniter\CodeIgniter->runController(Object(App\Controllers\BackEndAssessor))
#5 C:\xampp\htdocs\SR_Productions\BIT_Project\CodeIgniter4_Sources\system\CodeIgniter.php(326): CodeIgniter\CodeIgniter->handleRequest(NULL, Object(Config\Cache), false)
#6 C:\xampp\htdocs\SR_Productions\BIT_Project\CodeIgniter4_Sources\public\index.php(37): CodeIgniter\CodeIgniter->run()
#7 {main}
CRITICAL - 2022-06-03 02:10:01 --> Call to protected method CodeIgniter\Database\BaseBuilder::_update() from context 'CodeIgniter\Model'
#0 C:\xampp\htdocs\SR_Productions\BIT_Project\CodeIgniter4_Sources\app\Models\Brand_Access.php(34): CodeIgniter\Model->__call('_update', Array)
#1 C:\xampp\htdocs\SR_Productions\BIT_Project\CodeIgniter4_Sources\app\Controllers\BackEndController.php(43): App\Models\Brand_Access->updateStatusofBrand_AccessbyID('4')
#2 C:\xampp\htdocs\SR_Productions\BIT_Project\CodeIgniter4_Sources\app\Controllers\BackEndAssessor.php(95): App\Controllers\BackEndController->brand_accessChangedbyStatus('4')
#3 C:\xampp\htdocs\SR_Productions\BIT_Project\CodeIgniter4_Sources\system\CodeIgniter.php(832): App\Controllers\BackEndAssessor->expireBrand('4')
#4 C:\xampp\htdocs\SR_Productions\BIT_Project\CodeIgniter4_Sources\system\CodeIgniter.php(419): CodeIgniter\CodeIgniter->runController(Object(App\Controllers\BackEndAssessor))
#5 C:\xampp\htdocs\SR_Productions\BIT_Project\CodeIgniter4_Sources\system\CodeIgniter.php(326): CodeIgniter\CodeIgniter->handleRequest(NULL, Object(Config\Cache), false)
#6 C:\xampp\htdocs\SR_Productions\BIT_Project\CodeIgniter4_Sources\public\index.php(37): CodeIgniter\CodeIgniter->run()
#7 {main}
CRITICAL - 2022-06-03 02:16:20 --> Argument 1 passed to CodeIgniter\Database\BaseBuilder::update() must be of the type array or null, string given, called in C:\xampp\htdocs\SR_Productions\BIT_Project\CodeIgniter4_Sources\app\Models\Brand_Access.php on line 35
#0 C:\xampp\htdocs\SR_Productions\BIT_Project\CodeIgniter4_Sources\app\Models\Brand_Access.php(35): CodeIgniter\Database\BaseBuilder->update('mytable')
#1 C:\xampp\htdocs\SR_Productions\BIT_Project\CodeIgniter4_Sources\app\Controllers\BackEndController.php(43): App\Models\Brand_Access->updateStatusofBrand_AccessbyID('4')
#2 C:\xampp\htdocs\SR_Productions\BIT_Project\CodeIgniter4_Sources\app\Controllers\BackEndAssessor.php(95): App\Controllers\BackEndController->brand_accessChangedbyStatus('4')
#3 C:\xampp\htdocs\SR_Productions\BIT_Project\CodeIgniter4_Sources\system\CodeIgniter.php(832): App\Controllers\BackEndAssessor->expireBrand('4')
#4 C:\xampp\htdocs\SR_Productions\BIT_Project\CodeIgniter4_Sources\system\CodeIgniter.php(419): CodeIgniter\CodeIgniter->runController(Object(App\Controllers\BackEndAssessor))
#5 C:\xampp\htdocs\SR_Productions\BIT_Project\CodeIgniter4_Sources\system\CodeIgniter.php(326): CodeIgniter\CodeIgniter->handleRequest(NULL, Object(Config\Cache), false)
#6 C:\xampp\htdocs\SR_Productions\BIT_Project\CodeIgniter4_Sources\public\index.php(37): CodeIgniter\CodeIgniter->run()
#7 {main}
CRITICAL - 2022-06-03 02:55:18 --> Array to string conversion
#0 C:\xampp\htdocs\SR_Productions\BIT_Project\CodeIgniter4_Sources\system\Model.php(290): CodeIgniter\Debug\Exceptions->errorHandler(8, 'Array to string...', 'C:\\xampp\\htdocs...', 290, Array)
#1 C:\xampp\htdocs\SR_Productions\BIT_Project\CodeIgniter4_Sources\system\BaseModel.php(865): CodeIgniter\Model->doUpdate(Array, Array)
#2 C:\xampp\htdocs\SR_Productions\BIT_Project\CodeIgniter4_Sources\system\Model.php(651): CodeIgniter\BaseModel->update(Array, Array)
#3 C:\xampp\htdocs\SR_Productions\BIT_Project\CodeIgniter4_Sources\app\Controllers\BackEndController.php(43): CodeIgniter\Model->update('3', Array)
#4 C:\xampp\htdocs\SR_Productions\BIT_Project\CodeIgniter4_Sources\app\Controllers\BackEndAssessor.php(95): App\Controllers\BackEndController->brand_accessChangedbyStatus('3')
#5 C:\xampp\htdocs\SR_Productions\BIT_Project\CodeIgniter4_Sources\system\CodeIgniter.php(832): App\Controllers\BackEndAssessor->expireBrand('3')
#6 C:\xampp\htdocs\SR_Productions\BIT_Project\CodeIgniter4_Sources\system\CodeIgniter.php(419): CodeIgniter\CodeIgniter->runController(Object(App\Controllers\BackEndAssessor))
#7 C:\xampp\htdocs\SR_Productions\BIT_Project\CodeIgniter4_Sources\system\CodeIgniter.php(326): CodeIgniter\CodeIgniter->handleRequest(NULL, Object(Config\Cache), false)
#8 C:\xampp\htdocs\SR_Productions\BIT_Project\CodeIgniter4_Sources\public\index.php(37): CodeIgniter\CodeIgniter->run()
#9 {main}
CRITICAL - 2022-06-03 02:56:57 --> Array to string conversion
#0 C:\xampp\htdocs\SR_Productions\BIT_Project\CodeIgniter4_Sources\system\Model.php(290): CodeIgniter\Debug\Exceptions->errorHandler(8, 'Array to string...', 'C:\\xampp\\htdocs...', 290, Array)
#1 C:\xampp\htdocs\SR_Productions\BIT_Project\CodeIgniter4_Sources\system\BaseModel.php(865): CodeIgniter\Model->doUpdate(Array, Array)
#2 C:\xampp\htdocs\SR_Productions\BIT_Project\CodeIgniter4_Sources\system\Model.php(651): CodeIgniter\BaseModel->update(Array, Array)
#3 C:\xampp\htdocs\SR_Productions\BIT_Project\CodeIgniter4_Sources\app\Controllers\BackEndController.php(44): CodeIgniter\Model->update('3', Array)
#4 C:\xampp\htdocs\SR_Productions\BIT_Project\CodeIgniter4_Sources\app\Controllers\BackEndAssessor.php(95): App\Controllers\BackEndController->brand_accessChangedbyStatus('3')
#5 C:\xampp\htdocs\SR_Productions\BIT_Project\CodeIgniter4_Sources\system\CodeIgniter.php(832): App\Controllers\BackEndAssessor->expireBrand('3')
#6 C:\xampp\htdocs\SR_Productions\BIT_Project\CodeIgniter4_Sources\system\CodeIgniter.php(419): CodeIgniter\CodeIgniter->runController(Object(App\Controllers\BackEndAssessor))
#7 C:\xampp\htdocs\SR_Productions\BIT_Project\CodeIgniter4_Sources\system\CodeIgniter.php(326): CodeIgniter\CodeIgniter->handleRequest(NULL, Object(Config\Cache), false)
#8 C:\xampp\htdocs\SR_Productions\BIT_Project\CodeIgniter4_Sources\public\index.php(37): CodeIgniter\CodeIgniter->run()
#9 {main}
CRITICAL - 2022-06-03 10:47:28 --> Array to string conversion
#0 C:\xampp\htdocs\SR_Productions\BIT_Project\CodeIgniter4_Sources\system\Model.php(290): CodeIgniter\Debug\Exceptions->errorHandler(8, 'Array to string...', 'C:\\xampp\\htdocs...', 290, Array)
#1 C:\xampp\htdocs\SR_Productions\BIT_Project\CodeIgniter4_Sources\system\BaseModel.php(865): CodeIgniter\Model->doUpdate(Array, Array)
#2 C:\xampp\htdocs\SR_Productions\BIT_Project\CodeIgniter4_Sources\system\Model.php(651): CodeIgniter\BaseModel->update(Array, Array)
#3 C:\xampp\htdocs\SR_Productions\BIT_Project\CodeIgniter4_Sources\app\Controllers\BackEndController.php(44): CodeIgniter\Model->update('5', Array)
#4 C:\xampp\htdocs\SR_Productions\BIT_Project\CodeIgniter4_Sources\app\Controllers\BackEndAssessor.php(95): App\Controllers\BackEndController->brand_accessChangedbyStatus('5')
#5 C:\xampp\htdocs\SR_Productions\BIT_Project\CodeIgniter4_Sources\system\CodeIgniter.php(832): App\Controllers\BackEndAssessor->expireBrand('5')
#6 C:\xampp\htdocs\SR_Productions\BIT_Project\CodeIgniter4_Sources\system\CodeIgniter.php(419): CodeIgniter\CodeIgniter->runController(Object(App\Controllers\BackEndAssessor))
#7 C:\xampp\htdocs\SR_Productions\BIT_Project\CodeIgniter4_Sources\system\CodeIgniter.php(326): CodeIgniter\CodeIgniter->handleRequest(NULL, Object(Config\Cache), false)
#8 C:\xampp\htdocs\SR_Productions\BIT_Project\CodeIgniter4_Sources\public\index.php(37): CodeIgniter\CodeIgniter->run()
#9 {main}
CRITICAL - 2022-06-03 23:30:22 --> Array to string conversion
#0 C:\xampp\htdocs\SR_Productions\BIT_Project\CodeIgniter4_Sources\system\Model.php(290): CodeIgniter\Debug\Exceptions->errorHandler(8, 'Array to string...', 'C:\\xampp\\htdocs...', 290, Array)
#1 C:\xampp\htdocs\SR_Productions\BIT_Project\CodeIgniter4_Sources\system\BaseModel.php(865): CodeIgniter\Model->doUpdate(Array, Array)
#2 C:\xampp\htdocs\SR_Productions\BIT_Project\CodeIgniter4_Sources\system\Model.php(651): CodeIgniter\BaseModel->update(Array, Array)
#3 C:\xampp\htdocs\SR_Productions\BIT_Project\CodeIgniter4_Sources\app\Controllers\BackEndController.php(46): CodeIgniter\Model->update('5', Array)
#4 C:\xampp\htdocs\SR_Productions\BIT_Project\CodeIgniter4_Sources\app\Controllers\BackEndAssessor.php(95): App\Controllers\BackEndController->brand_accessChangedbyStatus('5')
#5 C:\xampp\htdocs\SR_Productions\BIT_Project\CodeIgniter4_Sources\system\CodeIgniter.php(832): App\Controllers\BackEndAssessor->expireBrand('5')
#6 C:\xampp\htdocs\SR_Productions\BIT_Project\CodeIgniter4_Sources\system\CodeIgniter.php(419): CodeIgniter\CodeIgniter->runController(Object(App\Controllers\BackEndAssessor))
#7 C:\xampp\htdocs\SR_Productions\BIT_Project\CodeIgniter4_Sources\system\CodeIgniter.php(326): CodeIgniter\CodeIgniter->handleRequest(NULL, Object(Config\Cache), false)
#8 C:\xampp\htdocs\SR_Productions\BIT_Project\CodeIgniter4_Sources\public\index.php(37): CodeIgniter\CodeIgniter->run()
#9 {main}
CRITICAL - 2022-06-03 23:31:04 --> Array to string conversion
#0 C:\xampp\htdocs\SR_Productions\BIT_Project\CodeIgniter4_Sources\system\Model.php(290): CodeIgniter\Debug\Exceptions->errorHandler(8, 'Array to string...', 'C:\\xampp\\htdocs...', 290, Array)
#1 C:\xampp\htdocs\SR_Productions\BIT_Project\CodeIgniter4_Sources\system\BaseModel.php(865): CodeIgniter\Model->doUpdate(Array, Array)
#2 C:\xampp\htdocs\SR_Productions\BIT_Project\CodeIgniter4_Sources\system\Model.php(651): CodeIgniter\BaseModel->update(Array, Array)
#3 C:\xampp\htdocs\SR_Productions\BIT_Project\CodeIgniter4_Sources\app\Controllers\BackEndController.php(46): CodeIgniter\Model->update('5', Array)
#4 C:\xampp\htdocs\SR_Productions\BIT_Project\CodeIgniter4_Sources\app\Controllers\BackEndAssessor.php(95): App\Controllers\BackEndController->brand_accessChangedbyStatus('5')
#5 C:\xampp\htdocs\SR_Productions\BIT_Project\CodeIgniter4_Sources\system\CodeIgniter.php(832): App\Controllers\BackEndAssessor->expireBrand('5')
#6 C:\xampp\htdocs\SR_Productions\BIT_Project\CodeIgniter4_Sources\system\CodeIgniter.php(419): CodeIgniter\CodeIgniter->runController(Object(App\Controllers\BackEndAssessor))
#7 C:\xampp\htdocs\SR_Productions\BIT_Project\CodeIgniter4_Sources\system\CodeIgniter.php(326): CodeIgniter\CodeIgniter->handleRequest(NULL, Object(Config\Cache), false)
#8 C:\xampp\htdocs\SR_Productions\BIT_Project\CodeIgniter4_Sources\public\index.php(37): CodeIgniter\CodeIgniter->run()
#9 {main}
