CRITICAL - 2022-05-19 01:00:49 --> Call to undefined method CodeIgniter\Database\MySQLi\Connection::get_where()
#0 C:\xampp\htdocs\SR_Productions\BIT_Project\CodeIgniter4_Sources\app\Controllers\GoodsController.php(11): App\Models\Corparation->selectStatuswise(5)
#1 C:\xampp\htdocs\SR_Productions\BIT_Project\CodeIgniter4_Sources\system\CodeIgniter.php(832): App\Controllers\GoodsController->mainView('3')
#2 C:\xampp\htdocs\SR_Productions\BIT_Project\CodeIgniter4_Sources\system\CodeIgniter.php(419): CodeIgniter\CodeIgniter->runController(Object(App\Controllers\GoodsController))
#3 C:\xampp\htdocs\SR_Productions\BIT_Project\CodeIgniter4_Sources\system\CodeIgniter.php(326): CodeIgniter\CodeIgniter->handleRequest(NULL, Object(Config\Cache), false)
#4 C:\xampp\htdocs\SR_Productions\BIT_Project\CodeIgniter4_Sources\public\index.php(37): CodeIgniter\CodeIgniter->run()
#5 {main}
CRITICAL - 2022-05-19 01:01:19 --> Call to undefined method CodeIgniter\Database\MySQLi\Connection::where()
#0 C:\xampp\htdocs\SR_Productions\BIT_Project\CodeIgniter4_Sources\app\Controllers\GoodsController.php(11): App\Models\Corparation->selectStatuswise(5)
#1 C:\xampp\htdocs\SR_Productions\BIT_Project\CodeIgniter4_Sources\system\CodeIgniter.php(832): App\Controllers\GoodsController->mainView('3')
#2 C:\xampp\htdocs\SR_Productions\BIT_Project\CodeIgniter4_Sources\system\CodeIgniter.php(419): CodeIgniter\CodeIgniter->runController(Object(App\Controllers\GoodsController))
#3 C:\xampp\htdocs\SR_Productions\BIT_Project\CodeIgniter4_Sources\system\CodeIgniter.php(326): CodeIgniter\CodeIgniter->handleRequest(NULL, Object(Config\Cache), false)
#4 C:\xampp\htdocs\SR_Productions\BIT_Project\CodeIgniter4_Sources\public\index.php(37): CodeIgniter\CodeIgniter->run()
#5 {main}
CRITICAL - 2022-05-19 01:02:22 --> Undefined variable: table
#0 C:\xampp\htdocs\SR_Productions\BIT_Project\CodeIgniter4_Sources\app\Models\Corparation.php(24): CodeIgniter\Debug\Exceptions->errorHandler(8, 'Undefined varia...', 'C:\\xampp\\htdocs...', 24, Array)
#1 C:\xampp\htdocs\SR_Productions\BIT_Project\CodeIgniter4_Sources\app\Controllers\GoodsController.php(11): App\Models\Corparation->selectStatuswise(5)
#2 C:\xampp\htdocs\SR_Productions\BIT_Project\CodeIgniter4_Sources\system\CodeIgniter.php(832): App\Controllers\GoodsController->mainView('3')
#3 C:\xampp\htdocs\SR_Productions\BIT_Project\CodeIgniter4_Sources\system\CodeIgniter.php(419): CodeIgniter\CodeIgniter->runController(Object(App\Controllers\GoodsController))
#4 C:\xampp\htdocs\SR_Productions\BIT_Project\CodeIgniter4_Sources\system\CodeIgniter.php(326): CodeIgniter\CodeIgniter->handleRequest(NULL, Object(Config\Cache), false)
#5 C:\xampp\htdocs\SR_Productions\BIT_Project\CodeIgniter4_Sources\public\index.php(37): CodeIgniter\CodeIgniter->run()
#6 {main}
CRITICAL - 2022-05-19 01:17:09 --> Undefined variable: table
#0 C:\xampp\htdocs\SR_Productions\BIT_Project\CodeIgniter4_Sources\app\Models\Corparation.php(24): CodeIgniter\Debug\Exceptions->errorHandler(8, 'Undefined varia...', 'C:\\xampp\\htdocs...', 24, Array)
#1 C:\xampp\htdocs\SR_Productions\BIT_Project\CodeIgniter4_Sources\app\Controllers\GoodsController.php(11): App\Models\Corparation->selectStatuswise(5)
#2 C:\xampp\htdocs\SR_Productions\BIT_Project\CodeIgniter4_Sources\system\CodeIgniter.php(832): App\Controllers\GoodsController->mainView('3')
#3 C:\xampp\htdocs\SR_Productions\BIT_Project\CodeIgniter4_Sources\system\CodeIgniter.php(419): CodeIgniter\CodeIgniter->runController(Object(App\Controllers\GoodsController))
#4 C:\xampp\htdocs\SR_Productions\BIT_Project\CodeIgniter4_Sources\system\CodeIgniter.php(326): CodeIgniter\CodeIgniter->handleRequest(NULL, Object(Config\Cache), false)
#5 C:\xampp\htdocs\SR_Productions\BIT_Project\CodeIgniter4_Sources\public\index.php(37): CodeIgniter\CodeIgniter->run()
#6 {main}
CRITICAL - 2022-05-19 01:17:11 --> Undefined variable: table
#0 C:\xampp\htdocs\SR_Productions\BIT_Project\CodeIgniter4_Sources\app\Models\Corparation.php(24): CodeIgniter\Debug\Exceptions->errorHandler(8, 'Undefined varia...', 'C:\\xampp\\htdocs...', 24, Array)
#1 C:\xampp\htdocs\SR_Productions\BIT_Project\CodeIgniter4_Sources\app\Controllers\GoodsController.php(11): App\Models\Corparation->selectStatuswise(5)
#2 C:\xampp\htdocs\SR_Productions\BIT_Project\CodeIgniter4_Sources\system\CodeIgniter.php(832): App\Controllers\GoodsController->mainView('3')
#3 C:\xampp\htdocs\SR_Productions\BIT_Project\CodeIgniter4_Sources\system\CodeIgniter.php(419): CodeIgniter\CodeIgniter->runController(Object(App\Controllers\GoodsController))
#4 C:\xampp\htdocs\SR_Productions\BIT_Project\CodeIgniter4_Sources\system\CodeIgniter.php(326): CodeIgniter\CodeIgniter->handleRequest(NULL, Object(Config\Cache), false)
#5 C:\xampp\htdocs\SR_Productions\BIT_Project\CodeIgniter4_Sources\public\index.php(37): CodeIgniter\CodeIgniter->run()
#6 {main}
CRITICAL - 2022-05-19 01:17:11 --> Undefined variable: table
#0 C:\xampp\htdocs\SR_Productions\BIT_Project\CodeIgniter4_Sources\app\Models\Corparation.php(24): CodeIgniter\Debug\Exceptions->errorHandler(8, 'Undefined varia...', 'C:\\xampp\\htdocs...', 24, Array)
#1 C:\xampp\htdocs\SR_Productions\BIT_Project\CodeIgniter4_Sources\app\Controllers\GoodsController.php(11): App\Models\Corparation->selectStatuswise(5)
#2 C:\xampp\htdocs\SR_Productions\BIT_Project\CodeIgniter4_Sources\system\CodeIgniter.php(832): App\Controllers\GoodsController->mainView('3')
#3 C:\xampp\htdocs\SR_Productions\BIT_Project\CodeIgniter4_Sources\system\CodeIgniter.php(419): CodeIgniter\CodeIgniter->runController(Object(App\Controllers\GoodsController))
#4 C:\xampp\htdocs\SR_Productions\BIT_Project\CodeIgniter4_Sources\system\CodeIgniter.php(326): CodeIgniter\CodeIgniter->handleRequest(NULL, Object(Config\Cache), false)
#5 C:\xampp\htdocs\SR_Productions\BIT_Project\CodeIgniter4_Sources\public\index.php(37): CodeIgniter\CodeIgniter->run()
#6 {main}
CRITICAL - 2022-05-19 01:31:24 --> Call to undefined method CodeIgniter\Database\MySQLi\Connection::where()
#0 C:\xampp\htdocs\SR_Productions\BIT_Project\CodeIgniter4_Sources\app\Controllers\GoodsController.php(11): App\Models\Corparation->selectStatuswise(5)
#1 C:\xampp\htdocs\SR_Productions\BIT_Project\CodeIgniter4_Sources\system\CodeIgniter.php(832): App\Controllers\GoodsController->mainView('3')
#2 C:\xampp\htdocs\SR_Productions\BIT_Project\CodeIgniter4_Sources\system\CodeIgniter.php(419): CodeIgniter\CodeIgniter->runController(Object(App\Controllers\GoodsController))
#3 C:\xampp\htdocs\SR_Productions\BIT_Project\CodeIgniter4_Sources\system\CodeIgniter.php(326): CodeIgniter\CodeIgniter->handleRequest(NULL, Object(Config\Cache), false)
#4 C:\xampp\htdocs\SR_Productions\BIT_Project\CodeIgniter4_Sources\public\index.php(37): CodeIgniter\CodeIgniter->run()
#5 {main}
ERROR - 2022-05-19 07:40:48 --> Unknown column 'corparation' in 'where clause'
CRITICAL - 2022-05-19 07:40:48 --> Unknown column 'corparation' in 'where clause'
#0 C:\xampp\htdocs\SR_Productions\BIT_Project\CodeIgniter4_Sources\system\Database\MySQLi\Connection.php(292): mysqli->query('SELECT *\nFROM `...', 0)
#1 C:\xampp\htdocs\SR_Productions\BIT_Project\CodeIgniter4_Sources\system\Database\BaseConnection.php(670): CodeIgniter\Database\MySQLi\Connection->execute('SELECT *\nFROM `...')
#2 C:\xampp\htdocs\SR_Productions\BIT_Project\CodeIgniter4_Sources\system\Database\BaseConnection.php(598): CodeIgniter\Database\BaseConnection->simpleQuery('SELECT *\nFROM `...')
#3 C:\xampp\htdocs\SR_Productions\BIT_Project\CodeIgniter4_Sources\system\Database\BaseBuilder.php(1455): CodeIgniter\Database\BaseConnection->query('SELECT *\nFROM `...', Array, false)
#4 C:\xampp\htdocs\SR_Productions\BIT_Project\CodeIgniter4_Sources\app\Models\Corparation.php(26): CodeIgniter\Database\BaseBuilder->get()
#5 C:\xampp\htdocs\SR_Productions\BIT_Project\CodeIgniter4_Sources\app\Controllers\GoodsController.php(11): App\Models\Corparation->selectStatuswise(5)
#6 C:\xampp\htdocs\SR_Productions\BIT_Project\CodeIgniter4_Sources\system\CodeIgniter.php(832): App\Controllers\GoodsController->mainView('3')
#7 C:\xampp\htdocs\SR_Productions\BIT_Project\CodeIgniter4_Sources\system\CodeIgniter.php(419): CodeIgniter\CodeIgniter->runController(Object(App\Controllers\GoodsController))
#8 C:\xampp\htdocs\SR_Productions\BIT_Project\CodeIgniter4_Sources\system\CodeIgniter.php(326): CodeIgniter\CodeIgniter->handleRequest(NULL, Object(Config\Cache), false)
#9 C:\xampp\htdocs\SR_Productions\BIT_Project\CodeIgniter4_Sources\public\index.php(37): CodeIgniter\CodeIgniter->run()
#10 {main}
ERROR - 2022-05-19 07:41:54 --> Unknown column 'corparation' in 'where clause'
CRITICAL - 2022-05-19 07:41:54 --> Unknown column 'corparation' in 'where clause'
#0 C:\xampp\htdocs\SR_Productions\BIT_Project\CodeIgniter4_Sources\system\Database\MySQLi\Connection.php(292): mysqli->query('SELECT *\nFROM `...', 0)
#1 C:\xampp\htdocs\SR_Productions\BIT_Project\CodeIgniter4_Sources\system\Database\BaseConnection.php(670): CodeIgniter\Database\MySQLi\Connection->execute('SELECT *\nFROM `...')
#2 C:\xampp\htdocs\SR_Productions\BIT_Project\CodeIgniter4_Sources\system\Database\BaseConnection.php(598): CodeIgniter\Database\BaseConnection->simpleQuery('SELECT *\nFROM `...')
#3 C:\xampp\htdocs\SR_Productions\BIT_Project\CodeIgniter4_Sources\system\Database\BaseBuilder.php(1455): CodeIgniter\Database\BaseConnection->query('SELECT *\nFROM `...', Array, false)
#4 C:\xampp\htdocs\SR_Productions\BIT_Project\CodeIgniter4_Sources\app\Models\Corparation.php(26): CodeIgniter\Database\BaseBuilder->get()
#5 C:\xampp\htdocs\SR_Productions\BIT_Project\CodeIgniter4_Sources\app\Controllers\GoodsController.php(11): App\Models\Corparation->selectStatuswise(5)
#6 C:\xampp\htdocs\SR_Productions\BIT_Project\CodeIgniter4_Sources\system\CodeIgniter.php(832): App\Controllers\GoodsController->mainView('3')
#7 C:\xampp\htdocs\SR_Productions\BIT_Project\CodeIgniter4_Sources\system\CodeIgniter.php(419): CodeIgniter\CodeIgniter->runController(Object(App\Controllers\GoodsController))
#8 C:\xampp\htdocs\SR_Productions\BIT_Project\CodeIgniter4_Sources\system\CodeIgniter.php(326): CodeIgniter\CodeIgniter->handleRequest(NULL, Object(Config\Cache), false)
#9 C:\xampp\htdocs\SR_Productions\BIT_Project\CodeIgniter4_Sources\public\index.php(37): CodeIgniter\CodeIgniter->run()
#10 {main}
ERROR - 2022-05-19 07:41:55 --> Unknown column 'corparation' in 'where clause'
CRITICAL - 2022-05-19 07:41:55 --> Unknown column 'corparation' in 'where clause'
#0 C:\xampp\htdocs\SR_Productions\BIT_Project\CodeIgniter4_Sources\system\Database\MySQLi\Connection.php(292): mysqli->query('SELECT *\nFROM `...', 0)
#1 C:\xampp\htdocs\SR_Productions\BIT_Project\CodeIgniter4_Sources\system\Database\BaseConnection.php(670): CodeIgniter\Database\MySQLi\Connection->execute('SELECT *\nFROM `...')
#2 C:\xampp\htdocs\SR_Productions\BIT_Project\CodeIgniter4_Sources\system\Database\BaseConnection.php(598): CodeIgniter\Database\BaseConnection->simpleQuery('SELECT *\nFROM `...')
#3 C:\xampp\htdocs\SR_Productions\BIT_Project\CodeIgniter4_Sources\system\Database\BaseBuilder.php(1455): CodeIgniter\Database\BaseConnection->query('SELECT *\nFROM `...', Array, false)
#4 C:\xampp\htdocs\SR_Productions\BIT_Project\CodeIgniter4_Sources\app\Models\Corparation.php(26): CodeIgniter\Database\BaseBuilder->get()
#5 C:\xampp\htdocs\SR_Productions\BIT_Project\CodeIgniter4_Sources\app\Controllers\GoodsController.php(11): App\Models\Corparation->selectStatuswise(5)
#6 C:\xampp\htdocs\SR_Productions\BIT_Project\CodeIgniter4_Sources\system\CodeIgniter.php(832): App\Controllers\GoodsController->mainView('3')
#7 C:\xampp\htdocs\SR_Productions\BIT_Project\CodeIgniter4_Sources\system\CodeIgniter.php(419): CodeIgniter\CodeIgniter->runController(Object(App\Controllers\GoodsController))
#8 C:\xampp\htdocs\SR_Productions\BIT_Project\CodeIgniter4_Sources\system\CodeIgniter.php(326): CodeIgniter\CodeIgniter->handleRequest(NULL, Object(Config\Cache), false)
#9 C:\xampp\htdocs\SR_Productions\BIT_Project\CodeIgniter4_Sources\public\index.php(37): CodeIgniter\CodeIgniter->run()
#10 {main}
ERROR - 2022-05-19 07:41:55 --> Unknown column 'corparation' in 'where clause'
CRITICAL - 2022-05-19 07:41:55 --> Unknown column 'corparation' in 'where clause'
#0 C:\xampp\htdocs\SR_Productions\BIT_Project\CodeIgniter4_Sources\system\Database\MySQLi\Connection.php(292): mysqli->query('SELECT *\nFROM `...', 0)
#1 C:\xampp\htdocs\SR_Productions\BIT_Project\CodeIgniter4_Sources\system\Database\BaseConnection.php(670): CodeIgniter\Database\MySQLi\Connection->execute('SELECT *\nFROM `...')
#2 C:\xampp\htdocs\SR_Productions\BIT_Project\CodeIgniter4_Sources\system\Database\BaseConnection.php(598): CodeIgniter\Database\BaseConnection->simpleQuery('SELECT *\nFROM `...')
#3 C:\xampp\htdocs\SR_Productions\BIT_Project\CodeIgniter4_Sources\system\Database\BaseBuilder.php(1455): CodeIgniter\Database\BaseConnection->query('SELECT *\nFROM `...', Array, false)
#4 C:\xampp\htdocs\SR_Productions\BIT_Project\CodeIgniter4_Sources\app\Models\Corparation.php(26): CodeIgniter\Database\BaseBuilder->get()
#5 C:\xampp\htdocs\SR_Productions\BIT_Project\CodeIgniter4_Sources\app\Controllers\GoodsController.php(11): App\Models\Corparation->selectStatuswise(5)
#6 C:\xampp\htdocs\SR_Productions\BIT_Project\CodeIgniter4_Sources\system\CodeIgniter.php(832): App\Controllers\GoodsController->mainView('3')
#7 C:\xampp\htdocs\SR_Productions\BIT_Project\CodeIgniter4_Sources\system\CodeIgniter.php(419): CodeIgniter\CodeIgniter->runController(Object(App\Controllers\GoodsController))
#8 C:\xampp\htdocs\SR_Productions\BIT_Project\CodeIgniter4_Sources\system\CodeIgniter.php(326): CodeIgniter\CodeIgniter->handleRequest(NULL, Object(Config\Cache), false)
#9 C:\xampp\htdocs\SR_Productions\BIT_Project\CodeIgniter4_Sources\public\index.php(37): CodeIgniter\CodeIgniter->run()
#10 {main}
ERROR - 2022-05-19 07:41:56 --> Unknown column 'corparation' in 'where clause'
CRITICAL - 2022-05-19 07:41:56 --> Unknown column 'corparation' in 'where clause'
#0 C:\xampp\htdocs\SR_Productions\BIT_Project\CodeIgniter4_Sources\system\Database\MySQLi\Connection.php(292): mysqli->query('SELECT *\nFROM `...', 0)
#1 C:\xampp\htdocs\SR_Productions\BIT_Project\CodeIgniter4_Sources\system\Database\BaseConnection.php(670): CodeIgniter\Database\MySQLi\Connection->execute('SELECT *\nFROM `...')
#2 C:\xampp\htdocs\SR_Productions\BIT_Project\CodeIgniter4_Sources\system\Database\BaseConnection.php(598): CodeIgniter\Database\BaseConnection->simpleQuery('SELECT *\nFROM `...')
#3 C:\xampp\htdocs\SR_Productions\BIT_Project\CodeIgniter4_Sources\system\Database\BaseBuilder.php(1455): CodeIgniter\Database\BaseConnection->query('SELECT *\nFROM `...', Array, false)
#4 C:\xampp\htdocs\SR_Productions\BIT_Project\CodeIgniter4_Sources\app\Models\Corparation.php(26): CodeIgniter\Database\BaseBuilder->get()
#5 C:\xampp\htdocs\SR_Productions\BIT_Project\CodeIgniter4_Sources\app\Controllers\GoodsController.php(11): App\Models\Corparation->selectStatuswise(5)
#6 C:\xampp\htdocs\SR_Productions\BIT_Project\CodeIgniter4_Sources\system\CodeIgniter.php(832): App\Controllers\GoodsController->mainView('3')
#7 C:\xampp\htdocs\SR_Productions\BIT_Project\CodeIgniter4_Sources\system\CodeIgniter.php(419): CodeIgniter\CodeIgniter->runController(Object(App\Controllers\GoodsController))
#8 C:\xampp\htdocs\SR_Productions\BIT_Project\CodeIgniter4_Sources\system\CodeIgniter.php(326): CodeIgniter\CodeIgniter->handleRequest(NULL, Object(Config\Cache), false)
#9 C:\xampp\htdocs\SR_Productions\BIT_Project\CodeIgniter4_Sources\public\index.php(37): CodeIgniter\CodeIgniter->run()
#10 {main}
ERROR - 2022-05-19 07:41:57 --> Unknown column 'corparation' in 'where clause'
CRITICAL - 2022-05-19 07:41:57 --> Unknown column 'corparation' in 'where clause'
#0 C:\xampp\htdocs\SR_Productions\BIT_Project\CodeIgniter4_Sources\system\Database\MySQLi\Connection.php(292): mysqli->query('SELECT *\nFROM `...', 0)
#1 C:\xampp\htdocs\SR_Productions\BIT_Project\CodeIgniter4_Sources\system\Database\BaseConnection.php(670): CodeIgniter\Database\MySQLi\Connection->execute('SELECT *\nFROM `...')
#2 C:\xampp\htdocs\SR_Productions\BIT_Project\CodeIgniter4_Sources\system\Database\BaseConnection.php(598): CodeIgniter\Database\BaseConnection->simpleQuery('SELECT *\nFROM `...')
#3 C:\xampp\htdocs\SR_Productions\BIT_Project\CodeIgniter4_Sources\system\Database\BaseBuilder.php(1455): CodeIgniter\Database\BaseConnection->query('SELECT *\nFROM `...', Array, false)
#4 C:\xampp\htdocs\SR_Productions\BIT_Project\CodeIgniter4_Sources\app\Models\Corparation.php(26): CodeIgniter\Database\BaseBuilder->get()
#5 C:\xampp\htdocs\SR_Productions\BIT_Project\CodeIgniter4_Sources\app\Controllers\GoodsController.php(11): App\Models\Corparation->selectStatuswise(5)
#6 C:\xampp\htdocs\SR_Productions\BIT_Project\CodeIgniter4_Sources\system\CodeIgniter.php(832): App\Controllers\GoodsController->mainView('3')
#7 C:\xampp\htdocs\SR_Productions\BIT_Project\CodeIgniter4_Sources\system\CodeIgniter.php(419): CodeIgniter\CodeIgniter->runController(Object(App\Controllers\GoodsController))
#8 C:\xampp\htdocs\SR_Productions\BIT_Project\CodeIgniter4_Sources\system\CodeIgniter.php(326): CodeIgniter\CodeIgniter->handleRequest(NULL, Object(Config\Cache), false)
#9 C:\xampp\htdocs\SR_Productions\BIT_Project\CodeIgniter4_Sources\public\index.php(37): CodeIgniter\CodeIgniter->run()
#10 {main}
ERROR - 2022-05-19 07:41:57 --> Unknown column 'corparation' in 'where clause'
CRITICAL - 2022-05-19 07:41:57 --> Unknown column 'corparation' in 'where clause'
#0 C:\xampp\htdocs\SR_Productions\BIT_Project\CodeIgniter4_Sources\system\Database\MySQLi\Connection.php(292): mysqli->query('SELECT *\nFROM `...', 0)
#1 C:\xampp\htdocs\SR_Productions\BIT_Project\CodeIgniter4_Sources\system\Database\BaseConnection.php(670): CodeIgniter\Database\MySQLi\Connection->execute('SELECT *\nFROM `...')
#2 C:\xampp\htdocs\SR_Productions\BIT_Project\CodeIgniter4_Sources\system\Database\BaseConnection.php(598): CodeIgniter\Database\BaseConnection->simpleQuery('SELECT *\nFROM `...')
#3 C:\xampp\htdocs\SR_Productions\BIT_Project\CodeIgniter4_Sources\system\Database\BaseBuilder.php(1455): CodeIgniter\Database\BaseConnection->query('SELECT *\nFROM `...', Array, false)
#4 C:\xampp\htdocs\SR_Productions\BIT_Project\CodeIgniter4_Sources\app\Models\Corparation.php(26): CodeIgniter\Database\BaseBuilder->get()
#5 C:\xampp\htdocs\SR_Productions\BIT_Project\CodeIgniter4_Sources\app\Controllers\GoodsController.php(11): App\Models\Corparation->selectStatuswise(5)
#6 C:\xampp\htdocs\SR_Productions\BIT_Project\CodeIgniter4_Sources\system\CodeIgniter.php(832): App\Controllers\GoodsController->mainView('3')
#7 C:\xampp\htdocs\SR_Productions\BIT_Project\CodeIgniter4_Sources\system\CodeIgniter.php(419): CodeIgniter\CodeIgniter->runController(Object(App\Controllers\GoodsController))
#8 C:\xampp\htdocs\SR_Productions\BIT_Project\CodeIgniter4_Sources\system\CodeIgniter.php(326): CodeIgniter\CodeIgniter->handleRequest(NULL, Object(Config\Cache), false)
#9 C:\xampp\htdocs\SR_Productions\BIT_Project\CodeIgniter4_Sources\public\index.php(37): CodeIgniter\CodeIgniter->run()
#10 {main}
ERROR - 2022-05-19 07:41:58 --> Unknown column 'corparation' in 'where clause'
CRITICAL - 2022-05-19 07:41:58 --> Unknown column 'corparation' in 'where clause'
#0 C:\xampp\htdocs\SR_Productions\BIT_Project\CodeIgniter4_Sources\system\Database\MySQLi\Connection.php(292): mysqli->query('SELECT *\nFROM `...', 0)
#1 C:\xampp\htdocs\SR_Productions\BIT_Project\CodeIgniter4_Sources\system\Database\BaseConnection.php(670): CodeIgniter\Database\MySQLi\Connection->execute('SELECT *\nFROM `...')
#2 C:\xampp\htdocs\SR_Productions\BIT_Project\CodeIgniter4_Sources\system\Database\BaseConnection.php(598): CodeIgniter\Database\BaseConnection->simpleQuery('SELECT *\nFROM `...')
#3 C:\xampp\htdocs\SR_Productions\BIT_Project\CodeIgniter4_Sources\system\Database\BaseBuilder.php(1455): CodeIgniter\Database\BaseConnection->query('SELECT *\nFROM `...', Array, false)
#4 C:\xampp\htdocs\SR_Productions\BIT_Project\CodeIgniter4_Sources\app\Models\Corparation.php(26): CodeIgniter\Database\BaseBuilder->get()
#5 C:\xampp\htdocs\SR_Productions\BIT_Project\CodeIgniter4_Sources\app\Controllers\GoodsController.php(11): App\Models\Corparation->selectStatuswise(5)
#6 C:\xampp\htdocs\SR_Productions\BIT_Project\CodeIgniter4_Sources\system\CodeIgniter.php(832): App\Controllers\GoodsController->mainView('3')
#7 C:\xampp\htdocs\SR_Productions\BIT_Project\CodeIgniter4_Sources\system\CodeIgniter.php(419): CodeIgniter\CodeIgniter->runController(Object(App\Controllers\GoodsController))
#8 C:\xampp\htdocs\SR_Productions\BIT_Project\CodeIgniter4_Sources\system\CodeIgniter.php(326): CodeIgniter\CodeIgniter->handleRequest(NULL, Object(Config\Cache), false)
#9 C:\xampp\htdocs\SR_Productions\BIT_Project\CodeIgniter4_Sources\public\index.php(37): CodeIgniter\CodeIgniter->run()
#10 {main}
ERROR - 2022-05-19 07:42:56 --> Unknown column 'corparation' in 'where clause'
CRITICAL - 2022-05-19 07:42:56 --> Unknown column 'corparation' in 'where clause'
#0 C:\xampp\htdocs\SR_Productions\BIT_Project\CodeIgniter4_Sources\system\Database\MySQLi\Connection.php(292): mysqli->query('SELECT *\nFROM `...', 0)
#1 C:\xampp\htdocs\SR_Productions\BIT_Project\CodeIgniter4_Sources\system\Database\BaseConnection.php(670): CodeIgniter\Database\MySQLi\Connection->execute('SELECT *\nFROM `...')
#2 C:\xampp\htdocs\SR_Productions\BIT_Project\CodeIgniter4_Sources\system\Database\BaseConnection.php(598): CodeIgniter\Database\BaseConnection->simpleQuery('SELECT *\nFROM `...')
#3 C:\xampp\htdocs\SR_Productions\BIT_Project\CodeIgniter4_Sources\system\Database\BaseBuilder.php(1455): CodeIgniter\Database\BaseConnection->query('SELECT *\nFROM `...', Array, false)
#4 C:\xampp\htdocs\SR_Productions\BIT_Project\CodeIgniter4_Sources\app\Models\Corparation.php(26): CodeIgniter\Database\BaseBuilder->get()
#5 C:\xampp\htdocs\SR_Productions\BIT_Project\CodeIgniter4_Sources\app\Controllers\GoodsController.php(11): App\Models\Corparation->selectStatuswise(5)
#6 C:\xampp\htdocs\SR_Productions\BIT_Project\CodeIgniter4_Sources\system\CodeIgniter.php(832): App\Controllers\GoodsController->mainView('3')
#7 C:\xampp\htdocs\SR_Productions\BIT_Project\CodeIgniter4_Sources\system\CodeIgniter.php(419): CodeIgniter\CodeIgniter->runController(Object(App\Controllers\GoodsController))
#8 C:\xampp\htdocs\SR_Productions\BIT_Project\CodeIgniter4_Sources\system\CodeIgniter.php(326): CodeIgniter\CodeIgniter->handleRequest(NULL, Object(Config\Cache), false)
#9 C:\xampp\htdocs\SR_Productions\BIT_Project\CodeIgniter4_Sources\public\index.php(37): CodeIgniter\CodeIgniter->run()
#10 {main}
ERROR - 2022-05-19 07:42:57 --> Unknown column 'corparation' in 'where clause'
CRITICAL - 2022-05-19 07:42:57 --> Unknown column 'corparation' in 'where clause'
#0 C:\xampp\htdocs\SR_Productions\BIT_Project\CodeIgniter4_Sources\system\Database\MySQLi\Connection.php(292): mysqli->query('SELECT *\nFROM `...', 0)
#1 C:\xampp\htdocs\SR_Productions\BIT_Project\CodeIgniter4_Sources\system\Database\BaseConnection.php(670): CodeIgniter\Database\MySQLi\Connection->execute('SELECT *\nFROM `...')
#2 C:\xampp\htdocs\SR_Productions\BIT_Project\CodeIgniter4_Sources\system\Database\BaseConnection.php(598): CodeIgniter\Database\BaseConnection->simpleQuery('SELECT *\nFROM `...')
#3 C:\xampp\htdocs\SR_Productions\BIT_Project\CodeIgniter4_Sources\system\Database\BaseBuilder.php(1455): CodeIgniter\Database\BaseConnection->query('SELECT *\nFROM `...', Array, false)
#4 C:\xampp\htdocs\SR_Productions\BIT_Project\CodeIgniter4_Sources\app\Models\Corparation.php(26): CodeIgniter\Database\BaseBuilder->get()
#5 C:\xampp\htdocs\SR_Productions\BIT_Project\CodeIgniter4_Sources\app\Controllers\GoodsController.php(11): App\Models\Corparation->selectStatuswise(5)
#6 C:\xampp\htdocs\SR_Productions\BIT_Project\CodeIgniter4_Sources\system\CodeIgniter.php(832): App\Controllers\GoodsController->mainView('3')
#7 C:\xampp\htdocs\SR_Productions\BIT_Project\CodeIgniter4_Sources\system\CodeIgniter.php(419): CodeIgniter\CodeIgniter->runController(Object(App\Controllers\GoodsController))
#8 C:\xampp\htdocs\SR_Productions\BIT_Project\CodeIgniter4_Sources\system\CodeIgniter.php(326): CodeIgniter\CodeIgniter->handleRequest(NULL, Object(Config\Cache), false)
#9 C:\xampp\htdocs\SR_Productions\BIT_Project\CodeIgniter4_Sources\public\index.php(37): CodeIgniter\CodeIgniter->run()
#10 {main}
ERROR - 2022-05-19 07:42:57 --> Unknown column 'corparation' in 'where clause'
CRITICAL - 2022-05-19 07:42:57 --> Unknown column 'corparation' in 'where clause'
#0 C:\xampp\htdocs\SR_Productions\BIT_Project\CodeIgniter4_Sources\system\Database\MySQLi\Connection.php(292): mysqli->query('SELECT *\nFROM `...', 0)
#1 C:\xampp\htdocs\SR_Productions\BIT_Project\CodeIgniter4_Sources\system\Database\BaseConnection.php(670): CodeIgniter\Database\MySQLi\Connection->execute('SELECT *\nFROM `...')
#2 C:\xampp\htdocs\SR_Productions\BIT_Project\CodeIgniter4_Sources\system\Database\BaseConnection.php(598): CodeIgniter\Database\BaseConnection->simpleQuery('SELECT *\nFROM `...')
#3 C:\xampp\htdocs\SR_Productions\BIT_Project\CodeIgniter4_Sources\system\Database\BaseBuilder.php(1455): CodeIgniter\Database\BaseConnection->query('SELECT *\nFROM `...', Array, false)
#4 C:\xampp\htdocs\SR_Productions\BIT_Project\CodeIgniter4_Sources\app\Models\Corparation.php(26): CodeIgniter\Database\BaseBuilder->get()
#5 C:\xampp\htdocs\SR_Productions\BIT_Project\CodeIgniter4_Sources\app\Controllers\GoodsController.php(11): App\Models\Corparation->selectStatuswise(5)
#6 C:\xampp\htdocs\SR_Productions\BIT_Project\CodeIgniter4_Sources\system\CodeIgniter.php(832): App\Controllers\GoodsController->mainView('3')
#7 C:\xampp\htdocs\SR_Productions\BIT_Project\CodeIgniter4_Sources\system\CodeIgniter.php(419): CodeIgniter\CodeIgniter->runController(Object(App\Controllers\GoodsController))
#8 C:\xampp\htdocs\SR_Productions\BIT_Project\CodeIgniter4_Sources\system\CodeIgniter.php(326): CodeIgniter\CodeIgniter->handleRequest(NULL, Object(Config\Cache), false)
#9 C:\xampp\htdocs\SR_Productions\BIT_Project\CodeIgniter4_Sources\public\index.php(37): CodeIgniter\CodeIgniter->run()
#10 {main}
ERROR - 2022-05-19 07:42:57 --> Unknown column 'corparation' in 'where clause'
CRITICAL - 2022-05-19 07:42:57 --> Unknown column 'corparation' in 'where clause'
#0 C:\xampp\htdocs\SR_Productions\BIT_Project\CodeIgniter4_Sources\system\Database\MySQLi\Connection.php(292): mysqli->query('SELECT *\nFROM `...', 0)
#1 C:\xampp\htdocs\SR_Productions\BIT_Project\CodeIgniter4_Sources\system\Database\BaseConnection.php(670): CodeIgniter\Database\MySQLi\Connection->execute('SELECT *\nFROM `...')
#2 C:\xampp\htdocs\SR_Productions\BIT_Project\CodeIgniter4_Sources\system\Database\BaseConnection.php(598): CodeIgniter\Database\BaseConnection->simpleQuery('SELECT *\nFROM `...')
#3 C:\xampp\htdocs\SR_Productions\BIT_Project\CodeIgniter4_Sources\system\Database\BaseBuilder.php(1455): CodeIgniter\Database\BaseConnection->query('SELECT *\nFROM `...', Array, false)
#4 C:\xampp\htdocs\SR_Productions\BIT_Project\CodeIgniter4_Sources\app\Models\Corparation.php(26): CodeIgniter\Database\BaseBuilder->get()
#5 C:\xampp\htdocs\SR_Productions\BIT_Project\CodeIgniter4_Sources\app\Controllers\GoodsController.php(11): App\Models\Corparation->selectStatuswise(5)
#6 C:\xampp\htdocs\SR_Productions\BIT_Project\CodeIgniter4_Sources\system\CodeIgniter.php(832): App\Controllers\GoodsController->mainView('3')
#7 C:\xampp\htdocs\SR_Productions\BIT_Project\CodeIgniter4_Sources\system\CodeIgniter.php(419): CodeIgniter\CodeIgniter->runController(Object(App\Controllers\GoodsController))
#8 C:\xampp\htdocs\SR_Productions\BIT_Project\CodeIgniter4_Sources\system\CodeIgniter.php(326): CodeIgniter\CodeIgniter->handleRequest(NULL, Object(Config\Cache), false)
#9 C:\xampp\htdocs\SR_Productions\BIT_Project\CodeIgniter4_Sources\public\index.php(37): CodeIgniter\CodeIgniter->run()
#10 {main}
ERROR - 2022-05-19 07:44:25 --> Unknown column 'corparation' in 'where clause'
CRITICAL - 2022-05-19 07:44:25 --> Unknown column 'corparation' in 'where clause'
#0 C:\xampp\htdocs\SR_Productions\BIT_Project\CodeIgniter4_Sources\system\Database\MySQLi\Connection.php(292): mysqli->query('SELECT *\nFROM `...', 0)
#1 C:\xampp\htdocs\SR_Productions\BIT_Project\CodeIgniter4_Sources\system\Database\BaseConnection.php(670): CodeIgniter\Database\MySQLi\Connection->execute('SELECT *\nFROM `...')
#2 C:\xampp\htdocs\SR_Productions\BIT_Project\CodeIgniter4_Sources\system\Database\BaseConnection.php(598): CodeIgniter\Database\BaseConnection->simpleQuery('SELECT *\nFROM `...')
#3 C:\xampp\htdocs\SR_Productions\BIT_Project\CodeIgniter4_Sources\system\Database\BaseBuilder.php(1455): CodeIgniter\Database\BaseConnection->query('SELECT *\nFROM `...', Array, false)
#4 C:\xampp\htdocs\SR_Productions\BIT_Project\CodeIgniter4_Sources\app\Models\Corparation.php(26): CodeIgniter\Database\BaseBuilder->get()
#5 C:\xampp\htdocs\SR_Productions\BIT_Project\CodeIgniter4_Sources\app\Controllers\GoodsController.php(11): App\Models\Corparation->selectStatuswise(5)
#6 C:\xampp\htdocs\SR_Productions\BIT_Project\CodeIgniter4_Sources\system\CodeIgniter.php(832): App\Controllers\GoodsController->mainView('3')
#7 C:\xampp\htdocs\SR_Productions\BIT_Project\CodeIgniter4_Sources\system\CodeIgniter.php(419): CodeIgniter\CodeIgniter->runController(Object(App\Controllers\GoodsController))
#8 C:\xampp\htdocs\SR_Productions\BIT_Project\CodeIgniter4_Sources\system\CodeIgniter.php(326): CodeIgniter\CodeIgniter->handleRequest(NULL, Object(Config\Cache), false)
#9 C:\xampp\htdocs\SR_Productions\BIT_Project\CodeIgniter4_Sources\public\index.php(37): CodeIgniter\CodeIgniter->run()
#10 {main}
ERROR - 2022-05-19 07:44:26 --> Unknown column 'corparation' in 'where clause'
CRITICAL - 2022-05-19 07:44:26 --> Unknown column 'corparation' in 'where clause'
#0 C:\xampp\htdocs\SR_Productions\BIT_Project\CodeIgniter4_Sources\system\Database\MySQLi\Connection.php(292): mysqli->query('SELECT *\nFROM `...', 0)
#1 C:\xampp\htdocs\SR_Productions\BIT_Project\CodeIgniter4_Sources\system\Database\BaseConnection.php(670): CodeIgniter\Database\MySQLi\Connection->execute('SELECT *\nFROM `...')
#2 C:\xampp\htdocs\SR_Productions\BIT_Project\CodeIgniter4_Sources\system\Database\BaseConnection.php(598): CodeIgniter\Database\BaseConnection->simpleQuery('SELECT *\nFROM `...')
#3 C:\xampp\htdocs\SR_Productions\BIT_Project\CodeIgniter4_Sources\system\Database\BaseBuilder.php(1455): CodeIgniter\Database\BaseConnection->query('SELECT *\nFROM `...', Array, false)
#4 C:\xampp\htdocs\SR_Productions\BIT_Project\CodeIgniter4_Sources\app\Models\Corparation.php(26): CodeIgniter\Database\BaseBuilder->get()
#5 C:\xampp\htdocs\SR_Productions\BIT_Project\CodeIgniter4_Sources\app\Controllers\GoodsController.php(11): App\Models\Corparation->selectStatuswise(5)
#6 C:\xampp\htdocs\SR_Productions\BIT_Project\CodeIgniter4_Sources\system\CodeIgniter.php(832): App\Controllers\GoodsController->mainView('3')
#7 C:\xampp\htdocs\SR_Productions\BIT_Project\CodeIgniter4_Sources\system\CodeIgniter.php(419): CodeIgniter\CodeIgniter->runController(Object(App\Controllers\GoodsController))
#8 C:\xampp\htdocs\SR_Productions\BIT_Project\CodeIgniter4_Sources\system\CodeIgniter.php(326): CodeIgniter\CodeIgniter->handleRequest(NULL, Object(Config\Cache), false)
#9 C:\xampp\htdocs\SR_Productions\BIT_Project\CodeIgniter4_Sources\public\index.php(37): CodeIgniter\CodeIgniter->run()
#10 {main}
ERROR - 2022-05-19 07:44:26 --> Unknown column 'corparation' in 'where clause'
CRITICAL - 2022-05-19 07:44:26 --> Unknown column 'corparation' in 'where clause'
#0 C:\xampp\htdocs\SR_Productions\BIT_Project\CodeIgniter4_Sources\system\Database\MySQLi\Connection.php(292): mysqli->query('SELECT *\nFROM `...', 0)
#1 C:\xampp\htdocs\SR_Productions\BIT_Project\CodeIgniter4_Sources\system\Database\BaseConnection.php(670): CodeIgniter\Database\MySQLi\Connection->execute('SELECT *\nFROM `...')
#2 C:\xampp\htdocs\SR_Productions\BIT_Project\CodeIgniter4_Sources\system\Database\BaseConnection.php(598): CodeIgniter\Database\BaseConnection->simpleQuery('SELECT *\nFROM `...')
#3 C:\xampp\htdocs\SR_Productions\BIT_Project\CodeIgniter4_Sources\system\Database\BaseBuilder.php(1455): CodeIgniter\Database\BaseConnection->query('SELECT *\nFROM `...', Array, false)
#4 C:\xampp\htdocs\SR_Productions\BIT_Project\CodeIgniter4_Sources\app\Models\Corparation.php(26): CodeIgniter\Database\BaseBuilder->get()
#5 C:\xampp\htdocs\SR_Productions\BIT_Project\CodeIgniter4_Sources\app\Controllers\GoodsController.php(11): App\Models\Corparation->selectStatuswise(5)
#6 C:\xampp\htdocs\SR_Productions\BIT_Project\CodeIgniter4_Sources\system\CodeIgniter.php(832): App\Controllers\GoodsController->mainView('3')
#7 C:\xampp\htdocs\SR_Productions\BIT_Project\CodeIgniter4_Sources\system\CodeIgniter.php(419): CodeIgniter\CodeIgniter->runController(Object(App\Controllers\GoodsController))
#8 C:\xampp\htdocs\SR_Productions\BIT_Project\CodeIgniter4_Sources\system\CodeIgniter.php(326): CodeIgniter\CodeIgniter->handleRequest(NULL, Object(Config\Cache), false)
#9 C:\xampp\htdocs\SR_Productions\BIT_Project\CodeIgniter4_Sources\public\index.php(37): CodeIgniter\CodeIgniter->run()
#10 {main}
ERROR - 2022-05-19 07:44:27 --> Unknown column 'corparation' in 'where clause'
CRITICAL - 2022-05-19 07:44:27 --> Unknown column 'corparation' in 'where clause'
#0 C:\xampp\htdocs\SR_Productions\BIT_Project\CodeIgniter4_Sources\system\Database\MySQLi\Connection.php(292): mysqli->query('SELECT *\nFROM `...', 0)
#1 C:\xampp\htdocs\SR_Productions\BIT_Project\CodeIgniter4_Sources\system\Database\BaseConnection.php(670): CodeIgniter\Database\MySQLi\Connection->execute('SELECT *\nFROM `...')
#2 C:\xampp\htdocs\SR_Productions\BIT_Project\CodeIgniter4_Sources\system\Database\BaseConnection.php(598): CodeIgniter\Database\BaseConnection->simpleQuery('SELECT *\nFROM `...')
#3 C:\xampp\htdocs\SR_Productions\BIT_Project\CodeIgniter4_Sources\system\Database\BaseBuilder.php(1455): CodeIgniter\Database\BaseConnection->query('SELECT *\nFROM `...', Array, false)
#4 C:\xampp\htdocs\SR_Productions\BIT_Project\CodeIgniter4_Sources\app\Models\Corparation.php(26): CodeIgniter\Database\BaseBuilder->get()
#5 C:\xampp\htdocs\SR_Productions\BIT_Project\CodeIgniter4_Sources\app\Controllers\GoodsController.php(11): App\Models\Corparation->selectStatuswise(5)
#6 C:\xampp\htdocs\SR_Productions\BIT_Project\CodeIgniter4_Sources\system\CodeIgniter.php(832): App\Controllers\GoodsController->mainView('3')
#7 C:\xampp\htdocs\SR_Productions\BIT_Project\CodeIgniter4_Sources\system\CodeIgniter.php(419): CodeIgniter\CodeIgniter->runController(Object(App\Controllers\GoodsController))
#8 C:\xampp\htdocs\SR_Productions\BIT_Project\CodeIgniter4_Sources\system\CodeIgniter.php(326): CodeIgniter\CodeIgniter->handleRequest(NULL, Object(Config\Cache), false)
#9 C:\xampp\htdocs\SR_Productions\BIT_Project\CodeIgniter4_Sources\public\index.php(37): CodeIgniter\CodeIgniter->run()
#10 {main}
ERROR - 2022-05-19 07:44:51 --> Unknown column 'corparation' in 'where clause'
CRITICAL - 2022-05-19 07:44:51 --> Unknown column 'corparation' in 'where clause'
#0 C:\xampp\htdocs\SR_Productions\BIT_Project\CodeIgniter4_Sources\system\Database\MySQLi\Connection.php(292): mysqli->query('SELECT *\nFROM `...', 0)
#1 C:\xampp\htdocs\SR_Productions\BIT_Project\CodeIgniter4_Sources\system\Database\BaseConnection.php(670): CodeIgniter\Database\MySQLi\Connection->execute('SELECT *\nFROM `...')
#2 C:\xampp\htdocs\SR_Productions\BIT_Project\CodeIgniter4_Sources\system\Database\BaseConnection.php(598): CodeIgniter\Database\BaseConnection->simpleQuery('SELECT *\nFROM `...')
#3 C:\xampp\htdocs\SR_Productions\BIT_Project\CodeIgniter4_Sources\system\Database\BaseBuilder.php(1455): CodeIgniter\Database\BaseConnection->query('SELECT *\nFROM `...', Array, false)
#4 C:\xampp\htdocs\SR_Productions\BIT_Project\CodeIgniter4_Sources\app\Models\Corparation.php(26): CodeIgniter\Database\BaseBuilder->get()
#5 C:\xampp\htdocs\SR_Productions\BIT_Project\CodeIgniter4_Sources\app\Controllers\GoodsController.php(11): App\Models\Corparation->selectStatuswise(5)
#6 C:\xampp\htdocs\SR_Productions\BIT_Project\CodeIgniter4_Sources\system\CodeIgniter.php(832): App\Controllers\GoodsController->mainView('3')
#7 C:\xampp\htdocs\SR_Productions\BIT_Project\CodeIgniter4_Sources\system\CodeIgniter.php(419): CodeIgniter\CodeIgniter->runController(Object(App\Controllers\GoodsController))
#8 C:\xampp\htdocs\SR_Productions\BIT_Project\CodeIgniter4_Sources\system\CodeIgniter.php(326): CodeIgniter\CodeIgniter->handleRequest(NULL, Object(Config\Cache), false)
#9 C:\xampp\htdocs\SR_Productions\BIT_Project\CodeIgniter4_Sources\public\index.php(37): CodeIgniter\CodeIgniter->run()
#10 {main}
ERROR - 2022-05-19 07:45:03 --> Unknown column 'corparation' in 'where clause'
CRITICAL - 2022-05-19 07:45:03 --> Unknown column 'corparation' in 'where clause'
#0 C:\xampp\htdocs\SR_Productions\BIT_Project\CodeIgniter4_Sources\system\Database\MySQLi\Connection.php(292): mysqli->query('SELECT *\nFROM `...', 0)
#1 C:\xampp\htdocs\SR_Productions\BIT_Project\CodeIgniter4_Sources\system\Database\BaseConnection.php(670): CodeIgniter\Database\MySQLi\Connection->execute('SELECT *\nFROM `...')
#2 C:\xampp\htdocs\SR_Productions\BIT_Project\CodeIgniter4_Sources\system\Database\BaseConnection.php(598): CodeIgniter\Database\BaseConnection->simpleQuery('SELECT *\nFROM `...')
#3 C:\xampp\htdocs\SR_Productions\BIT_Project\CodeIgniter4_Sources\system\Database\BaseBuilder.php(1455): CodeIgniter\Database\BaseConnection->query('SELECT *\nFROM `...', Array, false)
#4 C:\xampp\htdocs\SR_Productions\BIT_Project\CodeIgniter4_Sources\app\Models\Corparation.php(26): CodeIgniter\Database\BaseBuilder->get()
#5 C:\xampp\htdocs\SR_Productions\BIT_Project\CodeIgniter4_Sources\app\Controllers\GoodsController.php(11): App\Models\Corparation->selectStatuswise(5)
#6 C:\xampp\htdocs\SR_Productions\BIT_Project\CodeIgniter4_Sources\system\CodeIgniter.php(832): App\Controllers\GoodsController->mainView('3')
#7 C:\xampp\htdocs\SR_Productions\BIT_Project\CodeIgniter4_Sources\system\CodeIgniter.php(419): CodeIgniter\CodeIgniter->runController(Object(App\Controllers\GoodsController))
#8 C:\xampp\htdocs\SR_Productions\BIT_Project\CodeIgniter4_Sources\system\CodeIgniter.php(326): CodeIgniter\CodeIgniter->handleRequest(NULL, Object(Config\Cache), false)
#9 C:\xampp\htdocs\SR_Productions\BIT_Project\CodeIgniter4_Sources\public\index.php(37): CodeIgniter\CodeIgniter->run()
#10 {main}
CRITICAL - 2022-05-19 13:52:49 --> syntax error, unexpected 'public' (T_PUBLIC), expecting '('
#0 C:\xampp\htdocs\SR_Productions\BIT_Project\CodeIgniter4_Sources\system\Autoloader\Autoloader.php(241): CodeIgniter\Autoloader\Autoloader->includeFile('C:\\xampp\\htdocs...')
#1 C:\xampp\htdocs\SR_Productions\BIT_Project\CodeIgniter4_Sources\system\Autoloader\Autoloader.php(219): CodeIgniter\Autoloader\Autoloader->loadInNamespace('App\\Controllers...')
#2 [internal function]: CodeIgniter\Autoloader\Autoloader->loadClass('App\\Controllers...')
#3 [internal function]: spl_autoload_call('App\\Controllers...')
#4 C:\xampp\htdocs\SR_Productions\BIT_Project\CodeIgniter4_Sources\system\CodeIgniter.php(797): class_exists('\\App\\Controller...', true)
#5 C:\xampp\htdocs\SR_Productions\BIT_Project\CodeIgniter4_Sources\system\CodeIgniter.php(406): CodeIgniter\CodeIgniter->startController()
#6 C:\xampp\htdocs\SR_Productions\BIT_Project\CodeIgniter4_Sources\system\CodeIgniter.php(326): CodeIgniter\CodeIgniter->handleRequest(NULL, Object(Config\Cache), false)
#7 C:\xampp\htdocs\SR_Productions\BIT_Project\CodeIgniter4_Sources\public\index.php(37): CodeIgniter\CodeIgniter->run()
#8 {main}
CRITICAL - 2022-05-19 13:53:33 --> Cannot use object of type stdClass as array
#0 C:\xampp\htdocs\SR_Productions\BIT_Project\CodeIgniter4_Sources\system\CodeIgniter.php(832): App\Controllers\GoodsController->mainView()
#1 C:\xampp\htdocs\SR_Productions\BIT_Project\CodeIgniter4_Sources\system\CodeIgniter.php(419): CodeIgniter\CodeIgniter->runController(Object(App\Controllers\GoodsController))
#2 C:\xampp\htdocs\SR_Productions\BIT_Project\CodeIgniter4_Sources\system\CodeIgniter.php(326): CodeIgniter\CodeIgniter->handleRequest(NULL, Object(Config\Cache), false)
#3 C:\xampp\htdocs\SR_Productions\BIT_Project\CodeIgniter4_Sources\public\index.php(37): CodeIgniter\CodeIgniter->run()
#4 {main}
CRITICAL - 2022-05-19 13:54:06 --> Object of class stdClass could not be converted to string
#0 C:\xampp\htdocs\SR_Productions\BIT_Project\CodeIgniter4_Sources\system\CodeIgniter.php(832): App\Controllers\GoodsController->mainView()
#1 C:\xampp\htdocs\SR_Productions\BIT_Project\CodeIgniter4_Sources\system\CodeIgniter.php(419): CodeIgniter\CodeIgniter->runController(Object(App\Controllers\GoodsController))
#2 C:\xampp\htdocs\SR_Productions\BIT_Project\CodeIgniter4_Sources\system\CodeIgniter.php(326): CodeIgniter\CodeIgniter->handleRequest(NULL, Object(Config\Cache), false)
#3 C:\xampp\htdocs\SR_Productions\BIT_Project\CodeIgniter4_Sources\public\index.php(37): CodeIgniter\CodeIgniter->run()
#4 {main}
CRITICAL - 2022-05-19 13:54:23 --> Object of class stdClass could not be converted to string
#0 C:\xampp\htdocs\SR_Productions\BIT_Project\CodeIgniter4_Sources\system\CodeIgniter.php(832): App\Controllers\GoodsController->mainView()
#1 C:\xampp\htdocs\SR_Productions\BIT_Project\CodeIgniter4_Sources\system\CodeIgniter.php(419): CodeIgniter\CodeIgniter->runController(Object(App\Controllers\GoodsController))
#2 C:\xampp\htdocs\SR_Productions\BIT_Project\CodeIgniter4_Sources\system\CodeIgniter.php(326): CodeIgniter\CodeIgniter->handleRequest(NULL, Object(Config\Cache), false)
#3 C:\xampp\htdocs\SR_Productions\BIT_Project\CodeIgniter4_Sources\public\index.php(37): CodeIgniter\CodeIgniter->run()
#4 {main}
CRITICAL - 2022-05-19 14:10:09 --> Cannot use object of type stdClass as array
#0 C:\xampp\htdocs\SR_Productions\BIT_Project\CodeIgniter4_Sources\system\CodeIgniter.php(832): App\Controllers\GoodsController->mainView()
#1 C:\xampp\htdocs\SR_Productions\BIT_Project\CodeIgniter4_Sources\system\CodeIgniter.php(419): CodeIgniter\CodeIgniter->runController(Object(App\Controllers\GoodsController))
#2 C:\xampp\htdocs\SR_Productions\BIT_Project\CodeIgniter4_Sources\system\CodeIgniter.php(326): CodeIgniter\CodeIgniter->handleRequest(NULL, Object(Config\Cache), false)
#3 C:\xampp\htdocs\SR_Productions\BIT_Project\CodeIgniter4_Sources\public\index.php(37): CodeIgniter\CodeIgniter->run()
#4 {main}
CRITICAL - 2022-05-19 14:10:37 --> Cannot use [] for reading
#0 C:\xampp\htdocs\SR_Productions\BIT_Project\CodeIgniter4_Sources\system\CodeIgniter.php(832): App\Controllers\GoodsController->mainView()
#1 C:\xampp\htdocs\SR_Productions\BIT_Project\CodeIgniter4_Sources\system\CodeIgniter.php(419): CodeIgniter\CodeIgniter->runController(Object(App\Controllers\GoodsController))
#2 C:\xampp\htdocs\SR_Productions\BIT_Project\CodeIgniter4_Sources\system\CodeIgniter.php(326): CodeIgniter\CodeIgniter->handleRequest(NULL, Object(Config\Cache), false)
#3 C:\xampp\htdocs\SR_Productions\BIT_Project\CodeIgniter4_Sources\public\index.php(37): CodeIgniter\CodeIgniter->run()
#4 {main}
CRITICAL - 2022-05-19 14:23:53 --> Cannot use object of type stdClass as array
#0 C:\xampp\htdocs\SR_Productions\BIT_Project\CodeIgniter4_Sources\system\CodeIgniter.php(832): App\Controllers\GoodsController->mainView()
#1 C:\xampp\htdocs\SR_Productions\BIT_Project\CodeIgniter4_Sources\system\CodeIgniter.php(419): CodeIgniter\CodeIgniter->runController(Object(App\Controllers\GoodsController))
#2 C:\xampp\htdocs\SR_Productions\BIT_Project\CodeIgniter4_Sources\system\CodeIgniter.php(326): CodeIgniter\CodeIgniter->handleRequest(NULL, Object(Config\Cache), false)
#3 C:\xampp\htdocs\SR_Productions\BIT_Project\CodeIgniter4_Sources\public\index.php(37): CodeIgniter\CodeIgniter->run()
#4 {main}
CRITICAL - 2022-05-19 14:24:13 --> Cannot use object of type stdClass as array
#0 C:\xampp\htdocs\SR_Productions\BIT_Project\CodeIgniter4_Sources\system\CodeIgniter.php(832): App\Controllers\GoodsController->mainView()
#1 C:\xampp\htdocs\SR_Productions\BIT_Project\CodeIgniter4_Sources\system\CodeIgniter.php(419): CodeIgniter\CodeIgniter->runController(Object(App\Controllers\GoodsController))
#2 C:\xampp\htdocs\SR_Productions\BIT_Project\CodeIgniter4_Sources\system\CodeIgniter.php(326): CodeIgniter\CodeIgniter->handleRequest(NULL, Object(Config\Cache), false)
#3 C:\xampp\htdocs\SR_Productions\BIT_Project\CodeIgniter4_Sources\public\index.php(37): CodeIgniter\CodeIgniter->run()
#4 {main}
CRITICAL - 2022-05-19 14:24:37 --> Call to undefined function App\Controllers\var_dumb()
#0 C:\xampp\htdocs\SR_Productions\BIT_Project\CodeIgniter4_Sources\system\CodeIgniter.php(832): App\Controllers\GoodsController->mainView()
#1 C:\xampp\htdocs\SR_Productions\BIT_Project\CodeIgniter4_Sources\system\CodeIgniter.php(419): CodeIgniter\CodeIgniter->runController(Object(App\Controllers\GoodsController))
#2 C:\xampp\htdocs\SR_Productions\BIT_Project\CodeIgniter4_Sources\system\CodeIgniter.php(326): CodeIgniter\CodeIgniter->handleRequest(NULL, Object(Config\Cache), false)
#3 C:\xampp\htdocs\SR_Productions\BIT_Project\CodeIgniter4_Sources\public\index.php(37): CodeIgniter\CodeIgniter->run()
#4 {main}
CRITICAL - 2022-05-19 15:17:45 --> Call to undefined function App\Controllers\var_dumb()
#0 C:\xampp\htdocs\SR_Productions\BIT_Project\CodeIgniter4_Sources\system\CodeIgniter.php(832): App\Controllers\GoodsController->mainView()
#1 C:\xampp\htdocs\SR_Productions\BIT_Project\CodeIgniter4_Sources\system\CodeIgniter.php(419): CodeIgniter\CodeIgniter->runController(Object(App\Controllers\GoodsController))
#2 C:\xampp\htdocs\SR_Productions\BIT_Project\CodeIgniter4_Sources\system\CodeIgniter.php(326): CodeIgniter\CodeIgniter->handleRequest(NULL, Object(Config\Cache), false)
#3 C:\xampp\htdocs\SR_Productions\BIT_Project\CodeIgniter4_Sources\public\index.php(37): CodeIgniter\CodeIgniter->run()
#4 {main}
CRITICAL - 2022-05-19 15:17:47 --> Call to undefined function App\Controllers\var_dumb()
#0 C:\xampp\htdocs\SR_Productions\BIT_Project\CodeIgniter4_Sources\system\CodeIgniter.php(832): App\Controllers\GoodsController->mainView()
#1 C:\xampp\htdocs\SR_Productions\BIT_Project\CodeIgniter4_Sources\system\CodeIgniter.php(419): CodeIgniter\CodeIgniter->runController(Object(App\Controllers\GoodsController))
#2 C:\xampp\htdocs\SR_Productions\BIT_Project\CodeIgniter4_Sources\system\CodeIgniter.php(326): CodeIgniter\CodeIgniter->handleRequest(NULL, Object(Config\Cache), false)
#3 C:\xampp\htdocs\SR_Productions\BIT_Project\CodeIgniter4_Sources\public\index.php(37): CodeIgniter\CodeIgniter->run()
#4 {main}
CRITICAL - 2022-05-19 15:17:50 --> Call to undefined function App\Controllers\var_dumb()
#0 C:\xampp\htdocs\SR_Productions\BIT_Project\CodeIgniter4_Sources\system\CodeIgniter.php(832): App\Controllers\GoodsController->mainView()
#1 C:\xampp\htdocs\SR_Productions\BIT_Project\CodeIgniter4_Sources\system\CodeIgniter.php(419): CodeIgniter\CodeIgniter->runController(Object(App\Controllers\GoodsController))
#2 C:\xampp\htdocs\SR_Productions\BIT_Project\CodeIgniter4_Sources\system\CodeIgniter.php(326): CodeIgniter\CodeIgniter->handleRequest(NULL, Object(Config\Cache), false)
#3 C:\xampp\htdocs\SR_Productions\BIT_Project\CodeIgniter4_Sources\public\index.php(37): CodeIgniter\CodeIgniter->run()
#4 {main}
CRITICAL - 2022-05-19 15:17:58 --> Call to undefined function App\Controllers\var_dumb()
#0 C:\xampp\htdocs\SR_Productions\BIT_Project\CodeIgniter4_Sources\system\CodeIgniter.php(832): App\Controllers\GoodsController->mainView()
#1 C:\xampp\htdocs\SR_Productions\BIT_Project\CodeIgniter4_Sources\system\CodeIgniter.php(419): CodeIgniter\CodeIgniter->runController(Object(App\Controllers\GoodsController))
#2 C:\xampp\htdocs\SR_Productions\BIT_Project\CodeIgniter4_Sources\system\CodeIgniter.php(326): CodeIgniter\CodeIgniter->handleRequest(NULL, Object(Config\Cache), false)
#3 C:\xampp\htdocs\SR_Productions\BIT_Project\CodeIgniter4_Sources\public\index.php(37): CodeIgniter\CodeIgniter->run()
#4 {main}
CRITICAL - 2022-05-19 15:17:58 --> Call to undefined function App\Controllers\var_dumb()
#0 C:\xampp\htdocs\SR_Productions\BIT_Project\CodeIgniter4_Sources\system\CodeIgniter.php(832): App\Controllers\GoodsController->mainView()
#1 C:\xampp\htdocs\SR_Productions\BIT_Project\CodeIgniter4_Sources\system\CodeIgniter.php(419): CodeIgniter\CodeIgniter->runController(Object(App\Controllers\GoodsController))
#2 C:\xampp\htdocs\SR_Productions\BIT_Project\CodeIgniter4_Sources\system\CodeIgniter.php(326): CodeIgniter\CodeIgniter->handleRequest(NULL, Object(Config\Cache), false)
#3 C:\xampp\htdocs\SR_Productions\BIT_Project\CodeIgniter4_Sources\public\index.php(37): CodeIgniter\CodeIgniter->run()
#4 {main}
CRITICAL - 2022-05-19 15:17:59 --> Call to undefined function App\Controllers\var_dumb()
#0 C:\xampp\htdocs\SR_Productions\BIT_Project\CodeIgniter4_Sources\system\CodeIgniter.php(832): App\Controllers\GoodsController->mainView()
#1 C:\xampp\htdocs\SR_Productions\BIT_Project\CodeIgniter4_Sources\system\CodeIgniter.php(419): CodeIgniter\CodeIgniter->runController(Object(App\Controllers\GoodsController))
#2 C:\xampp\htdocs\SR_Productions\BIT_Project\CodeIgniter4_Sources\system\CodeIgniter.php(326): CodeIgniter\CodeIgniter->handleRequest(NULL, Object(Config\Cache), false)
#3 C:\xampp\htdocs\SR_Productions\BIT_Project\CodeIgniter4_Sources\public\index.php(37): CodeIgniter\CodeIgniter->run()
#4 {main}
CRITICAL - 2022-05-19 15:18:11 --> Call to undefined function App\Controllers\var_dumb()
#0 C:\xampp\htdocs\SR_Productions\BIT_Project\CodeIgniter4_Sources\system\CodeIgniter.php(832): App\Controllers\GoodsController->mainView()
#1 C:\xampp\htdocs\SR_Productions\BIT_Project\CodeIgniter4_Sources\system\CodeIgniter.php(419): CodeIgniter\CodeIgniter->runController(Object(App\Controllers\GoodsController))
#2 C:\xampp\htdocs\SR_Productions\BIT_Project\CodeIgniter4_Sources\system\CodeIgniter.php(326): CodeIgniter\CodeIgniter->handleRequest(NULL, Object(Config\Cache), false)
#3 C:\xampp\htdocs\SR_Productions\BIT_Project\CodeIgniter4_Sources\public\index.php(37): CodeIgniter\CodeIgniter->run()
#4 {main}
CRITICAL - 2022-05-19 15:18:12 --> Call to undefined function App\Controllers\var_dumb()
#0 C:\xampp\htdocs\SR_Productions\BIT_Project\CodeIgniter4_Sources\system\CodeIgniter.php(832): App\Controllers\GoodsController->mainView()
#1 C:\xampp\htdocs\SR_Productions\BIT_Project\CodeIgniter4_Sources\system\CodeIgniter.php(419): CodeIgniter\CodeIgniter->runController(Object(App\Controllers\GoodsController))
#2 C:\xampp\htdocs\SR_Productions\BIT_Project\CodeIgniter4_Sources\system\CodeIgniter.php(326): CodeIgniter\CodeIgniter->handleRequest(NULL, Object(Config\Cache), false)
#3 C:\xampp\htdocs\SR_Productions\BIT_Project\CodeIgniter4_Sources\public\index.php(37): CodeIgniter\CodeIgniter->run()
#4 {main}
CRITICAL - 2022-05-19 15:18:17 --> Object of class stdClass could not be converted to string
#0 C:\xampp\htdocs\SR_Productions\BIT_Project\CodeIgniter4_Sources\system\CodeIgniter.php(832): App\Controllers\GoodsController->mainView()
#1 C:\xampp\htdocs\SR_Productions\BIT_Project\CodeIgniter4_Sources\system\CodeIgniter.php(419): CodeIgniter\CodeIgniter->runController(Object(App\Controllers\GoodsController))
#2 C:\xampp\htdocs\SR_Productions\BIT_Project\CodeIgniter4_Sources\system\CodeIgniter.php(326): CodeIgniter\CodeIgniter->handleRequest(NULL, Object(Config\Cache), false)
#3 C:\xampp\htdocs\SR_Productions\BIT_Project\CodeIgniter4_Sources\public\index.php(37): CodeIgniter\CodeIgniter->run()
#4 {main}
CRITICAL - 2022-05-19 15:18:18 --> Object of class stdClass could not be converted to string
#0 C:\xampp\htdocs\SR_Productions\BIT_Project\CodeIgniter4_Sources\system\CodeIgniter.php(832): App\Controllers\GoodsController->mainView()
#1 C:\xampp\htdocs\SR_Productions\BIT_Project\CodeIgniter4_Sources\system\CodeIgniter.php(419): CodeIgniter\CodeIgniter->runController(Object(App\Controllers\GoodsController))
#2 C:\xampp\htdocs\SR_Productions\BIT_Project\CodeIgniter4_Sources\system\CodeIgniter.php(326): CodeIgniter\CodeIgniter->handleRequest(NULL, Object(Config\Cache), false)
#3 C:\xampp\htdocs\SR_Productions\BIT_Project\CodeIgniter4_Sources\public\index.php(37): CodeIgniter\CodeIgniter->run()
#4 {main}
CRITICAL - 2022-05-19 15:18:31 --> Cannot use object of type stdClass as array
#0 C:\xampp\htdocs\SR_Productions\BIT_Project\CodeIgniter4_Sources\system\CodeIgniter.php(832): App\Controllers\GoodsController->mainView()
#1 C:\xampp\htdocs\SR_Productions\BIT_Project\CodeIgniter4_Sources\system\CodeIgniter.php(419): CodeIgniter\CodeIgniter->runController(Object(App\Controllers\GoodsController))
#2 C:\xampp\htdocs\SR_Productions\BIT_Project\CodeIgniter4_Sources\system\CodeIgniter.php(326): CodeIgniter\CodeIgniter->handleRequest(NULL, Object(Config\Cache), false)
#3 C:\xampp\htdocs\SR_Productions\BIT_Project\CodeIgniter4_Sources\public\index.php(37): CodeIgniter\CodeIgniter->run()
#4 {main}
CRITICAL - 2022-05-19 15:18:40 --> Object of class stdClass could not be converted to string
#0 C:\xampp\htdocs\SR_Productions\BIT_Project\CodeIgniter4_Sources\system\CodeIgniter.php(832): App\Controllers\GoodsController->mainView()
#1 C:\xampp\htdocs\SR_Productions\BIT_Project\CodeIgniter4_Sources\system\CodeIgniter.php(419): CodeIgniter\CodeIgniter->runController(Object(App\Controllers\GoodsController))
#2 C:\xampp\htdocs\SR_Productions\BIT_Project\CodeIgniter4_Sources\system\CodeIgniter.php(326): CodeIgniter\CodeIgniter->handleRequest(NULL, Object(Config\Cache), false)
#3 C:\xampp\htdocs\SR_Productions\BIT_Project\CodeIgniter4_Sources\public\index.php(37): CodeIgniter\CodeIgniter->run()
#4 {main}
CRITICAL - 2022-05-19 15:20:33 --> Cannot use object of type stdClass as array
#0 C:\xampp\htdocs\SR_Productions\BIT_Project\CodeIgniter4_Sources\system\CodeIgniter.php(832): App\Controllers\GoodsController->mainView()
#1 C:\xampp\htdocs\SR_Productions\BIT_Project\CodeIgniter4_Sources\system\CodeIgniter.php(419): CodeIgniter\CodeIgniter->runController(Object(App\Controllers\GoodsController))
#2 C:\xampp\htdocs\SR_Productions\BIT_Project\CodeIgniter4_Sources\system\CodeIgniter.php(326): CodeIgniter\CodeIgniter->handleRequest(NULL, Object(Config\Cache), false)
#3 C:\xampp\htdocs\SR_Productions\BIT_Project\CodeIgniter4_Sources\public\index.php(37): CodeIgniter\CodeIgniter->run()
#4 {main}
CRITICAL - 2022-05-19 15:24:01 --> Cannot use [] for reading
#0 C:\xampp\htdocs\SR_Productions\BIT_Project\CodeIgniter4_Sources\system\CodeIgniter.php(832): App\Controllers\GoodsController->mainView()
#1 C:\xampp\htdocs\SR_Productions\BIT_Project\CodeIgniter4_Sources\system\CodeIgniter.php(419): CodeIgniter\CodeIgniter->runController(Object(App\Controllers\GoodsController))
#2 C:\xampp\htdocs\SR_Productions\BIT_Project\CodeIgniter4_Sources\system\CodeIgniter.php(326): CodeIgniter\CodeIgniter->handleRequest(NULL, Object(Config\Cache), false)
#3 C:\xampp\htdocs\SR_Productions\BIT_Project\CodeIgniter4_Sources\public\index.php(37): CodeIgniter\CodeIgniter->run()
#4 {main}
CRITICAL - 2022-05-19 15:24:21 --> Cannot use object of type stdClass as array
#0 C:\xampp\htdocs\SR_Productions\BIT_Project\CodeIgniter4_Sources\system\CodeIgniter.php(832): App\Controllers\GoodsController->mainView()
#1 C:\xampp\htdocs\SR_Productions\BIT_Project\CodeIgniter4_Sources\system\CodeIgniter.php(419): CodeIgniter\CodeIgniter->runController(Object(App\Controllers\GoodsController))
#2 C:\xampp\htdocs\SR_Productions\BIT_Project\CodeIgniter4_Sources\system\CodeIgniter.php(326): CodeIgniter\CodeIgniter->handleRequest(NULL, Object(Config\Cache), false)
#3 C:\xampp\htdocs\SR_Productions\BIT_Project\CodeIgniter4_Sources\public\index.php(37): CodeIgniter\CodeIgniter->run()
#4 {main}
CRITICAL - 2022-05-19 15:42:53 --> Cannot use object of type stdClass as array
#0 C:\xampp\htdocs\SR_Productions\BIT_Project\CodeIgniter4_Sources\system\CodeIgniter.php(832): App\Controllers\GoodsController->mainView()
#1 C:\xampp\htdocs\SR_Productions\BIT_Project\CodeIgniter4_Sources\system\CodeIgniter.php(419): CodeIgniter\CodeIgniter->runController(Object(App\Controllers\GoodsController))
#2 C:\xampp\htdocs\SR_Productions\BIT_Project\CodeIgniter4_Sources\system\CodeIgniter.php(326): CodeIgniter\CodeIgniter->handleRequest(NULL, Object(Config\Cache), false)
#3 C:\xampp\htdocs\SR_Productions\BIT_Project\CodeIgniter4_Sources\public\index.php(37): CodeIgniter\CodeIgniter->run()
#4 {main}
CRITICAL - 2022-05-19 16:37:28 --> Trying to access array offset on value of type null
#0 C:\xampp\htdocs\SR_Productions\BIT_Project\CodeIgniter4_Sources\app\Controllers\GoodsController.php(15): CodeIgniter\Debug\Exceptions->errorHandler(8, 'Trying to acces...', 'C:\\xampp\\htdocs...', 15, Array)
#1 C:\xampp\htdocs\SR_Productions\BIT_Project\CodeIgniter4_Sources\system\CodeIgniter.php(832): App\Controllers\GoodsController->mainView()
#2 C:\xampp\htdocs\SR_Productions\BIT_Project\CodeIgniter4_Sources\system\CodeIgniter.php(419): CodeIgniter\CodeIgniter->runController(Object(App\Controllers\GoodsController))
#3 C:\xampp\htdocs\SR_Productions\BIT_Project\CodeIgniter4_Sources\system\CodeIgniter.php(326): CodeIgniter\CodeIgniter->handleRequest(NULL, Object(Config\Cache), false)
#4 C:\xampp\htdocs\SR_Productions\BIT_Project\CodeIgniter4_Sources\public\index.php(37): CodeIgniter\CodeIgniter->run()
#5 {main}
CRITICAL - 2022-05-19 16:37:54 --> Illegal string offset 'CorparationID'
#0 C:\xampp\htdocs\SR_Productions\BIT_Project\CodeIgniter4_Sources\app\Controllers\GoodsController.php(15): CodeIgniter\Debug\Exceptions->errorHandler(2, 'Illegal string ...', 'C:\\xampp\\htdocs...', 15, Array)
#1 C:\xampp\htdocs\SR_Productions\BIT_Project\CodeIgniter4_Sources\system\CodeIgniter.php(832): App\Controllers\GoodsController->mainView()
#2 C:\xampp\htdocs\SR_Productions\BIT_Project\CodeIgniter4_Sources\system\CodeIgniter.php(419): CodeIgniter\CodeIgniter->runController(Object(App\Controllers\GoodsController))
#3 C:\xampp\htdocs\SR_Productions\BIT_Project\CodeIgniter4_Sources\system\CodeIgniter.php(326): CodeIgniter\CodeIgniter->handleRequest(NULL, Object(Config\Cache), false)
#4 C:\xampp\htdocs\SR_Productions\BIT_Project\CodeIgniter4_Sources\public\index.php(37): CodeIgniter\CodeIgniter->run()
#5 {main}
CRITICAL - 2022-05-19 17:00:24 --> Undefined variable: feilds
#0 C:\xampp\htdocs\SR_Productions\BIT_Project\CodeIgniter4_Sources\app\Controllers\GoodsController.php(15): CodeIgniter\Debug\Exceptions->errorHandler(8, 'Undefined varia...', 'C:\\xampp\\htdocs...', 15, Array)
#1 C:\xampp\htdocs\SR_Productions\BIT_Project\CodeIgniter4_Sources\system\CodeIgniter.php(832): App\Controllers\GoodsController->mainView()
#2 C:\xampp\htdocs\SR_Productions\BIT_Project\CodeIgniter4_Sources\system\CodeIgniter.php(419): CodeIgniter\CodeIgniter->runController(Object(App\Controllers\GoodsController))
#3 C:\xampp\htdocs\SR_Productions\BIT_Project\CodeIgniter4_Sources\system\CodeIgniter.php(326): CodeIgniter\CodeIgniter->handleRequest(NULL, Object(Config\Cache), false)
#4 C:\xampp\htdocs\SR_Productions\BIT_Project\CodeIgniter4_Sources\public\index.php(37): CodeIgniter\CodeIgniter->run()
#5 {main}
