CRITICAL - 2022-05-23 02:54:38 --> Undefined variable: row
#0 C:\xampp\htdocs\SR_Productions\BIT_Project\CodeIgniter4_Sources\app\Views\customerSegments\Goods\ItemMenuScreen.php(44): CodeIgniter\Debug\Exceptions->errorHandler(8, 'Undefined varia...', 'C:\\xampp\\htdocs...', 44, Array)
#1 C:\xampp\htdocs\SR_Productions\BIT_Project\CodeIgniter4_Sources\system\View\View.php(210): include('C:\\xampp\\htdocs...')
#2 C:\xampp\htdocs\SR_Productions\BIT_Project\CodeIgniter4_Sources\system\View\View.php(213): CodeIgniter\View\View->CodeIgniter\View\{closure}()
#3 C:\xampp\htdocs\SR_Productions\BIT_Project\CodeIgniter4_Sources\system\Common.php(1089): CodeIgniter\View\View->render('customerSegment...', Array, true)
#4 C:\xampp\htdocs\SR_Productions\BIT_Project\CodeIgniter4_Sources\app\Controllers\GoodsController.php(44): view('customerSegment...', Array)
#5 C:\xampp\htdocs\SR_Productions\BIT_Project\CodeIgniter4_Sources\system\CodeIgniter.php(832): App\Controllers\GoodsController->companyView('4')
#6 C:\xampp\htdocs\SR_Productions\BIT_Project\CodeIgniter4_Sources\system\CodeIgniter.php(419): CodeIgniter\CodeIgniter->runController(Object(App\Controllers\GoodsController))
#7 C:\xampp\htdocs\SR_Productions\BIT_Project\CodeIgniter4_Sources\system\CodeIgniter.php(326): CodeIgniter\CodeIgniter->handleRequest(NULL, Object(Config\Cache), false)
#8 C:\xampp\htdocs\SR_Productions\BIT_Project\CodeIgniter4_Sources\public\index.php(37): CodeIgniter\CodeIgniter->run()
#9 {main}
CRITICAL - 2022-05-23 03:11:47 --> Undefined variable: data
#0 C:\xampp\htdocs\SR_Productions\BIT_Project\CodeIgniter4_Sources\app\Controllers\SupplierController.php(7): CodeIgniter\Debug\Exceptions->errorHandler(8, 'Undefined varia...', 'C:\\xampp\\htdocs...', 7, Array)
#1 C:\xampp\htdocs\SR_Productions\BIT_Project\CodeIgniter4_Sources\system\CodeIgniter.php(832): App\Controllers\SupplierController->loginRequest()
#2 C:\xampp\htdocs\SR_Productions\BIT_Project\CodeIgniter4_Sources\system\CodeIgniter.php(419): CodeIgniter\CodeIgniter->runController(Object(App\Controllers\SupplierController))
#3 C:\xampp\htdocs\SR_Productions\BIT_Project\CodeIgniter4_Sources\system\CodeIgniter.php(326): CodeIgniter\CodeIgniter->handleRequest(NULL, Object(Config\Cache), false)
#4 C:\xampp\htdocs\SR_Productions\BIT_Project\CodeIgniter4_Sources\public\index.php(37): CodeIgniter\CodeIgniter->run()
#5 {main}
CRITICAL - 2022-05-23 07:45:04 --> Undefined variable: username
#0 C:\xampp\htdocs\SR_Productions\BIT_Project\CodeIgniter4_Sources\app\Controllers\SupplierController.php(21): CodeIgniter\Debug\Exceptions->errorHandler(8, 'Undefined varia...', 'C:\\xampp\\htdocs...', 21, Array)
#1 C:\xampp\htdocs\SR_Productions\BIT_Project\CodeIgniter4_Sources\system\CodeIgniter.php(832): App\Controllers\SupplierController->loginRequest()
#2 C:\xampp\htdocs\SR_Productions\BIT_Project\CodeIgniter4_Sources\system\CodeIgniter.php(419): CodeIgniter\CodeIgniter->runController(Object(App\Controllers\SupplierController))
#3 C:\xampp\htdocs\SR_Productions\BIT_Project\CodeIgniter4_Sources\system\CodeIgniter.php(326): CodeIgniter\CodeIgniter->handleRequest(NULL, Object(Config\Cache), false)
#4 C:\xampp\htdocs\SR_Productions\BIT_Project\CodeIgniter4_Sources\public\index.php(37): CodeIgniter\CodeIgniter->run()
#5 {main}
CRITICAL - 2022-05-23 07:46:04 --> Undefined variable: username
#0 C:\xampp\htdocs\SR_Productions\BIT_Project\CodeIgniter4_Sources\app\Controllers\SupplierController.php(63): CodeIgniter\Debug\Exceptions->errorHandler(8, 'Undefined varia...', 'C:\\xampp\\htdocs...', 63, Array)
#1 C:\xampp\htdocs\SR_Productions\BIT_Project\CodeIgniter4_Sources\app\Controllers\SupplierController.php(21): App\Controllers\SupplierController->validateUser(Array)
#2 C:\xampp\htdocs\SR_Productions\BIT_Project\CodeIgniter4_Sources\system\CodeIgniter.php(832): App\Controllers\SupplierController->loginRequest()
#3 C:\xampp\htdocs\SR_Productions\BIT_Project\CodeIgniter4_Sources\system\CodeIgniter.php(419): CodeIgniter\CodeIgniter->runController(Object(App\Controllers\SupplierController))
#4 C:\xampp\htdocs\SR_Productions\BIT_Project\CodeIgniter4_Sources\system\CodeIgniter.php(326): CodeIgniter\CodeIgniter->handleRequest(NULL, Object(Config\Cache), false)
#5 C:\xampp\htdocs\SR_Productions\BIT_Project\CodeIgniter4_Sources\public\index.php(37): CodeIgniter\CodeIgniter->run()
#6 {main}
CRITICAL - 2022-05-23 07:46:31 --> Undefined variable: error
#0 C:\xampp\htdocs\SR_Productions\BIT_Project\CodeIgniter4_Sources\app\Controllers\SupplierController.php(26): CodeIgniter\Debug\Exceptions->errorHandler(8, 'Undefined varia...', 'C:\\xampp\\htdocs...', 26, Array)
#1 C:\xampp\htdocs\SR_Productions\BIT_Project\CodeIgniter4_Sources\system\CodeIgniter.php(832): App\Controllers\SupplierController->loginRequest()
#2 C:\xampp\htdocs\SR_Productions\BIT_Project\CodeIgniter4_Sources\system\CodeIgniter.php(419): CodeIgniter\CodeIgniter->runController(Object(App\Controllers\SupplierController))
#3 C:\xampp\htdocs\SR_Productions\BIT_Project\CodeIgniter4_Sources\system\CodeIgniter.php(326): CodeIgniter\CodeIgniter->handleRequest(NULL, Object(Config\Cache), false)
#4 C:\xampp\htdocs\SR_Productions\BIT_Project\CodeIgniter4_Sources\public\index.php(37): CodeIgniter\CodeIgniter->run()
#5 {main}
CRITICAL - 2022-05-23 08:37:58 --> Undefined variable: corpModule
#0 C:\xampp\htdocs\SR_Productions\BIT_Project\CodeIgniter4_Sources\app\Controllers\SupplierController.php(67): CodeIgniter\Debug\Exceptions->errorHandler(8, 'Undefined varia...', 'C:\\xampp\\htdocs...', 67, Array)
#1 C:\xampp\htdocs\SR_Productions\BIT_Project\CodeIgniter4_Sources\app\Controllers\SupplierController.php(21): App\Controllers\SupplierController->validateUser(Array)
#2 C:\xampp\htdocs\SR_Productions\BIT_Project\CodeIgniter4_Sources\system\CodeIgniter.php(832): App\Controllers\SupplierController->loginRequest()
#3 C:\xampp\htdocs\SR_Productions\BIT_Project\CodeIgniter4_Sources\system\CodeIgniter.php(419): CodeIgniter\CodeIgniter->runController(Object(App\Controllers\SupplierController))
#4 C:\xampp\htdocs\SR_Productions\BIT_Project\CodeIgniter4_Sources\system\CodeIgniter.php(326): CodeIgniter\CodeIgniter->handleRequest(NULL, Object(Config\Cache), false)
#5 C:\xampp\htdocs\SR_Productions\BIT_Project\CodeIgniter4_Sources\public\index.php(37): CodeIgniter\CodeIgniter->run()
#6 {main}
CRITICAL - 2022-05-23 10:45:05 --> Class 'App\Controllers\Item_Detail_Types' not found
#0 C:\xampp\htdocs\SR_Productions\BIT_Project\CodeIgniter4_Sources\app\Controllers\GoodsController.php(164): App\Controllers\GoodsController->getItem_Detail_TypesDataviaItemID('1')
#1 C:\xampp\htdocs\SR_Productions\BIT_Project\CodeIgniter4_Sources\app\Controllers\GoodsController.php(146): App\Controllers\GoodsController->equipmentWiseItems('4', 'Rental')
#2 C:\xampp\htdocs\SR_Productions\BIT_Project\CodeIgniter4_Sources\app\Controllers\GoodsController.php(110): App\Controllers\GoodsController->getEquipmentDataviaBrandID('1', 20)
#3 C:\xampp\htdocs\SR_Productions\BIT_Project\CodeIgniter4_Sources\app\Controllers\GoodsController.php(93): App\Controllers\GoodsController->companyWiseBrands('1')
#4 C:\xampp\htdocs\SR_Productions\BIT_Project\CodeIgniter4_Sources\app\Controllers\GoodsController.php(30): App\Controllers\GoodsController->companyDetails()
#5 C:\xampp\htdocs\SR_Productions\BIT_Project\CodeIgniter4_Sources\system\CodeIgniter.php(832): App\Controllers\GoodsController->mainView()
#6 C:\xampp\htdocs\SR_Productions\BIT_Project\CodeIgniter4_Sources\system\CodeIgniter.php(419): CodeIgniter\CodeIgniter->runController(Object(App\Controllers\GoodsController))
#7 C:\xampp\htdocs\SR_Productions\BIT_Project\CodeIgniter4_Sources\system\CodeIgniter.php(326): CodeIgniter\CodeIgniter->handleRequest(NULL, Object(Config\Cache), false)
#8 C:\xampp\htdocs\SR_Productions\BIT_Project\CodeIgniter4_Sources\public\index.php(37): CodeIgniter\CodeIgniter->run()
#9 {main}
CRITICAL - 2022-05-23 12:30:55 --> Undefined property: App\Controllers\SupplierController::$session
#0 C:\xampp\htdocs\SR_Productions\BIT_Project\CodeIgniter4_Sources\app\Controllers\SupplierController.php(40): CodeIgniter\Debug\Exceptions->errorHandler(8, 'Undefined prope...', 'C:\\xampp\\htdocs...', 40, Array)
#1 C:\xampp\htdocs\SR_Productions\BIT_Project\CodeIgniter4_Sources\system\CodeIgniter.php(832): App\Controllers\SupplierController->loginRequest()
#2 C:\xampp\htdocs\SR_Productions\BIT_Project\CodeIgniter4_Sources\system\CodeIgniter.php(419): CodeIgniter\CodeIgniter->runController(Object(App\Controllers\SupplierController))
#3 C:\xampp\htdocs\SR_Productions\BIT_Project\CodeIgniter4_Sources\system\CodeIgniter.php(326): CodeIgniter\CodeIgniter->handleRequest(NULL, Object(Config\Cache), false)
#4 C:\xampp\htdocs\SR_Productions\BIT_Project\CodeIgniter4_Sources\public\index.php(37): CodeIgniter\CodeIgniter->run()
#5 {main}
CRITICAL - 2022-05-23 20:27:10 --> Undefined property: App\Controllers\SupplierController::$session
#0 C:\xampp\htdocs\SR_Productions\BIT_Project\CodeIgniter4_Sources\app\Controllers\SupplierController.php(40): CodeIgniter\Debug\Exceptions->errorHandler(8, 'Undefined prope...', 'C:\\xampp\\htdocs...', 40, Array)
#1 C:\xampp\htdocs\SR_Productions\BIT_Project\CodeIgniter4_Sources\system\CodeIgniter.php(832): App\Controllers\SupplierController->loginRequest()
#2 C:\xampp\htdocs\SR_Productions\BIT_Project\CodeIgniter4_Sources\system\CodeIgniter.php(419): CodeIgniter\CodeIgniter->runController(Object(App\Controllers\SupplierController))
#3 C:\xampp\htdocs\SR_Productions\BIT_Project\CodeIgniter4_Sources\system\CodeIgniter.php(326): CodeIgniter\CodeIgniter->handleRequest(NULL, Object(Config\Cache), false)
#4 C:\xampp\htdocs\SR_Productions\BIT_Project\CodeIgniter4_Sources\public\index.php(37): CodeIgniter\CodeIgniter->run()
#5 {main}
